[2026-07-20T12:29:15+08:00] pipeline start workers=12 protocol=saos_bc_onpolicy_ppo_v5_20260720
validated results/resubmission/v5/e1_aos/runs.csv: rows=5000 instances=50 seeds=10 fronts=5000
{
  "protocol": "saos_bc_onpolicy_ppo_v5_20260720",
  "rows": 5000,
  "primary_key": [
    "dataset",
    "instance",
    "variant",
    "reward_scheme",
    "seed"
  ],
  "duplicate_primary_keys": 0,
  "instances": 50,
  "instance_ids": [
    "Brandimarte/Mk01.fjs",
    "Brandimarte/Mk02.fjs",
    "Brandimarte/Mk03.fjs",
    "Brandimarte/Mk04.fjs",
    "Brandimarte/Mk05.fjs",
    "Brandimarte/Mk06.fjs",
    "Brandimarte/Mk07.fjs",
    "Brandimarte/Mk08.fjs",
    "Brandimarte/Mk09.fjs",
    "Brandimarte/Mk10.fjs",
    "Hurink_edata/la01.fjs",
    "Hurink_edata/la02.fjs",
    "Hurink_edata/la03.fjs",
    "Hurink_edata/la04.fjs",
    "Hurink_edata/la05.fjs",
    "Hurink_edata/la06.fjs",
    "Hurink_edata/la07.fjs",
    "Hurink_edata/la08.fjs",
    "Hurink_edata/la09.fjs",
    "Hurink_edata/la10.fjs",
    "Hurink_edata/la11.fjs",
    "Hurink_edata/la12.fjs",
    "Hurink_edata/la13.fjs",
    "Hurink_edata/la14.fjs",
    "Hurink_edata/la15.fjs",
    "Hurink_edata/la16.fjs",
    "Hurink_edata/la17.fjs",
    "Hurink_edata/la18.fjs",
    "Hurink_edata/la19.fjs",
    "Hurink_edata/la20.fjs",
    "Hurink_edata/la21.fjs",
    "Hurink_edata/la22.fjs",
    "Hurink_edata/la23.fjs",
    "Hurink_edata/la24.fjs",
    "Hurink_edata/la25.fjs",
    "Hurink_edata/la26.fjs",
    "Hurink_edata/la27.fjs",
    "Hurink_edata/la28.fjs",
    "Hurink_edata/la29.fjs",
    "Hurink_edata/la30.fjs",
    "Hurink_edata/la31.fjs",
    "Hurink_edata/la32.fjs",
    "Hurink_edata/la33.fjs",
    "Hurink_edata/la34.fjs",
    "Hurink_edata/la35.fjs",
    "Hurink_edata/la36.fjs",
    "Hurink_edata/la37.fjs",
    "Hurink_edata/la38.fjs",
    "Hurink_edata/la39.fjs",
    "Hurink_edata/la40.fjs"
  ],
  "methods": [
    "AdaptiveNoBC",
    "AdaptivePursuit",
    "AdaptiveSAOS",
    "FixedUCBPPO",
    "PPOOnly",
    "ProbabilityMatching",
    "Random",
    "RandomUCBPPO",
    "UCBOnly",
    "UniformFixed"
  ],
  "budgets": [
    "default"
  ],
  "seeds": [
    42,
    43,
    44,
    45,
    46,
    47,
    48,
    49,
    50,
    51
  ],
  "expected_cells": 500,
  "status": "complete"
}
{
  "protocol": "saos_bc_onpolicy_ppo_v5_20260720",
  "runs": 5000,
  "fronts_with_computable_correlation": 4992,
  "pearson_cmax_tec": {
    "n": 4992,
    "median": 0.92314245372385,
    "q1": 0.6459415917363578,
    "q3": 0.9811542718514589,
    "min": -0.8809663067872058,
    "max": 0.9999999861893896
  },
  "spearman_cmax_tec": {
    "n": 4992,
    "median": 0.5696345986636782,
    "q1": 0.1644442902246922,
    "q3": 0.7999999999999999,
    "min": -0.991031208965115,
    "max": 1.0
  },
  "front_size": {
    "n": 5000,
    "median": 21.0,
    "q1": 13.0,
    "q3": 36.0,
    "min": 1.0,
    "max": 100.0
  },
  "interpretation": "Correlations are descriptive within-final-front diagnostics, not independent inferential observations."
}
validated results/resubmission/v5/e2_reward/runs.csv: rows=3000 instances=50 seeds=10 fronts=3000
{
  "protocol": "saos_bc_onpolicy_ppo_v5_20260720",
  "rows": 3000,
  "primary_key": [
    "dataset",
    "instance",
    "variant",
    "reward_scheme",
    "seed"
  ],
  "duplicate_primary_keys": 0,
  "instances": 50,
  "instance_ids": [
    "Brandimarte/Mk01.fjs",
    "Brandimarte/Mk02.fjs",
    "Brandimarte/Mk03.fjs",
    "Brandimarte/Mk04.fjs",
    "Brandimarte/Mk05.fjs",
    "Brandimarte/Mk06.fjs",
    "Brandimarte/Mk07.fjs",
    "Brandimarte/Mk08.fjs",
    "Brandimarte/Mk09.fjs",
    "Brandimarte/Mk10.fjs",
    "Hurink_edata/la01.fjs",
    "Hurink_edata/la02.fjs",
    "Hurink_edata/la03.fjs",
    "Hurink_edata/la04.fjs",
    "Hurink_edata/la05.fjs",
    "Hurink_edata/la06.fjs",
    "Hurink_edata/la07.fjs",
    "Hurink_edata/la08.fjs",
    "Hurink_edata/la09.fjs",
    "Hurink_edata/la10.fjs",
    "Hurink_edata/la11.fjs",
    "Hurink_edata/la12.fjs",
    "Hurink_edata/la13.fjs",
    "Hurink_edata/la14.fjs",
    "Hurink_edata/la15.fjs",
    "Hurink_edata/la16.fjs",
    "Hurink_edata/la17.fjs",
    "Hurink_edata/la18.fjs",
    "Hurink_edata/la19.fjs",
    "Hurink_edata/la20.fjs",
    "Hurink_edata/la21.fjs",
    "Hurink_edata/la22.fjs",
    "Hurink_edata/la23.fjs",
    "Hurink_edata/la24.fjs",
    "Hurink_edata/la25.fjs",
    "Hurink_edata/la26.fjs",
    "Hurink_edata/la27.fjs",
    "Hurink_edata/la28.fjs",
    "Hurink_edata/la29.fjs",
    "Hurink_edata/la30.fjs",
    "Hurink_edata/la31.fjs",
    "Hurink_edata/la32.fjs",
    "Hurink_edata/la33.fjs",
    "Hurink_edata/la34.fjs",
    "Hurink_edata/la35.fjs",
    "Hurink_edata/la36.fjs",
    "Hurink_edata/la37.fjs",
    "Hurink_edata/la38.fjs",
    "Hurink_edata/la39.fjs",
    "Hurink_edata/la40.fjs"
  ],
  "methods": [
    "R1_survival_only",
    "R2_hv_only",
    "R3_cmax_only",
    "R4_survival_hv",
    "R5_composite",
    "R6_adaptive_weight"
  ],
  "budgets": [
    "default"
  ],
  "seeds": [
    42,
    43,
    44,
    45,
    46,
    47,
    48,
    49,
    50,
    51
  ],
  "expected_cells": 300,
  "status": "complete"
}
{
  "protocol": "saos_bc_onpolicy_ppo_v5_20260720",
  "runs": 3000,
  "fronts_with_computable_correlation": 2998,
  "pearson_cmax_tec": {
    "n": 2998,
    "median": 0.9203801686706473,
    "q1": 0.6651183386794861,
    "q3": 0.9802016323907019,
    "min": -0.9576148643386577,
    "max": 0.9999184531419126
  },
  "spearman_cmax_tec": {
    "n": 2998,
    "median": 0.58215259835199,
    "q1": 0.1887207204336877,
    "q3": 0.7999999999999999,
    "min": -0.9792207792207792,
    "max": 1.0
  },
  "front_size": {
    "n": 3000,
    "median": 21.0,
    "q1": 14.0,
    "q3": 35.0,
    "min": 2.0,
    "max": 100.0
  },
  "interpretation": "Correlations are descriptive within-final-front diagnostics, not independent inferential observations."
}
[2026-07-21T12:21:07+08:00] pipeline start workers=12 protocol=saos_bc_onpolicy_ppo_v5_20260720
resume preflight results/resubmission/v5/e1_aos/runs.csv: existing_rows=5000
validated results/resubmission/v5/e1_aos/runs.csv: rows=5000 instances=50 seeds=10 fronts=5000
{
  "protocol": "saos_bc_onpolicy_ppo_v5_20260720",
  "rows": 5000,
  "primary_key": [
    "dataset",
    "instance",
    "variant",
    "reward_scheme",
    "seed"
  ],
  "duplicate_primary_keys": 0,
  "instances": 50,
  "instance_ids": [
    "Brandimarte/Mk01.fjs",
    "Brandimarte/Mk02.fjs",
    "Brandimarte/Mk03.fjs",
    "Brandimarte/Mk04.fjs",
    "Brandimarte/Mk05.fjs",
    "Brandimarte/Mk06.fjs",
    "Brandimarte/Mk07.fjs",
    "Brandimarte/Mk08.fjs",
    "Brandimarte/Mk09.fjs",
    "Brandimarte/Mk10.fjs",
    "Hurink_edata/la01.fjs",
    "Hurink_edata/la02.fjs",
    "Hurink_edata/la03.fjs",
    "Hurink_edata/la04.fjs",
    "Hurink_edata/la05.fjs",
    "Hurink_edata/la06.fjs",
    "Hurink_edata/la07.fjs",
    "Hurink_edata/la08.fjs",
    "Hurink_edata/la09.fjs",
    "Hurink_edata/la10.fjs",
    "Hurink_edata/la11.fjs",
    "Hurink_edata/la12.fjs",
    "Hurink_edata/la13.fjs",
    "Hurink_edata/la14.fjs",
    "Hurink_edata/la15.fjs",
    "Hurink_edata/la16.fjs",
    "Hurink_edata/la17.fjs",
    "Hurink_edata/la18.fjs",
    "Hurink_edata/la19.fjs",
    "Hurink_edata/la20.fjs",
    "Hurink_edata/la21.fjs",
    "Hurink_edata/la22.fjs",
    "Hurink_edata/la23.fjs",
    "Hurink_edata/la24.fjs",
    "Hurink_edata/la25.fjs",
    "Hurink_edata/la26.fjs",
    "Hurink_edata/la27.fjs",
    "Hurink_edata/la28.fjs",
    "Hurink_edata/la29.fjs",
    "Hurink_edata/la30.fjs",
    "Hurink_edata/la31.fjs",
    "Hurink_edata/la32.fjs",
    "Hurink_edata/la33.fjs",
    "Hurink_edata/la34.fjs",
    "Hurink_edata/la35.fjs",
    "Hurink_edata/la36.fjs",
    "Hurink_edata/la37.fjs",
    "Hurink_edata/la38.fjs",
    "Hurink_edata/la39.fjs",
    "Hurink_edata/la40.fjs"
  ],
  "methods": [
    "AdaptiveNoBC",
    "AdaptivePursuit",
    "AdaptiveSAOS",
    "FixedUCBPPO",
    "PPOOnly",
    "ProbabilityMatching",
    "Random",
    "RandomUCBPPO",
    "UCBOnly",
    "UniformFixed"
  ],
  "budgets": [
    "default"
  ],
  "seeds": [
    42,
    43,
    44,
    45,
    46,
    47,
    48,
    49,
    50,
    51
  ],
  "expected_cells": 500,
  "status": "complete"
}
{
  "protocol": "saos_bc_onpolicy_ppo_v5_20260720",
  "runs": 5000,
  "fronts_with_computable_correlation": 4992,
  "pearson_cmax_tec": {
    "n": 4992,
    "median": 0.92314245372385,
    "q1": 0.6459415917363578,
    "q3": 0.9811542718514589,
    "min": -0.8809663067872058,
    "max": 0.9999999861893896
  },
  "spearman_cmax_tec": {
    "n": 4992,
    "median": 0.5696345986636782,
    "q1": 0.1644442902246922,
    "q3": 0.7999999999999999,
    "min": -0.991031208965115,
    "max": 1.0
  },
  "front_size": {
    "n": 5000,
    "median": 21.0,
    "q1": 13.0,
    "q3": 36.0,
    "min": 1.0,
    "max": 100.0
  },
  "interpretation": "Correlations are descriptive within-final-front diagnostics, not independent inferential observations."
}
resume preflight results/resubmission/v5/e2_reward/runs.csv: existing_rows=3000
validated results/resubmission/v5/e2_reward/runs.csv: rows=3000 instances=50 seeds=10 fronts=3000
{
  "protocol": "saos_bc_onpolicy_ppo_v5_20260720",
  "rows": 3000,
  "primary_key": [
    "dataset",
    "instance",
    "variant",
    "reward_scheme",
    "seed"
  ],
  "duplicate_primary_keys": 0,
  "instances": 50,
  "instance_ids": [
    "Brandimarte/Mk01.fjs",
    "Brandimarte/Mk02.fjs",
    "Brandimarte/Mk03.fjs",
    "Brandimarte/Mk04.fjs",
    "Brandimarte/Mk05.fjs",
    "Brandimarte/Mk06.fjs",
    "Brandimarte/Mk07.fjs",
    "Brandimarte/Mk08.fjs",
    "Brandimarte/Mk09.fjs",
    "Brandimarte/Mk10.fjs",
    "Hurink_edata/la01.fjs",
    "Hurink_edata/la02.fjs",
    "Hurink_edata/la03.fjs",
    "Hurink_edata/la04.fjs",
    "Hurink_edata/la05.fjs",
    "Hurink_edata/la06.fjs",
    "Hurink_edata/la07.fjs",
    "Hurink_edata/la08.fjs",
    "Hurink_edata/la09.fjs",
    "Hurink_edata/la10.fjs",
    "Hurink_edata/la11.fjs",
    "Hurink_edata/la12.fjs",
    "Hurink_edata/la13.fjs",
    "Hurink_edata/la14.fjs",
    "Hurink_edata/la15.fjs",
    "Hurink_edata/la16.fjs",
    "Hurink_edata/la17.fjs",
    "Hurink_edata/la18.fjs",
    "Hurink_edata/la19.fjs",
    "Hurink_edata/la20.fjs",
    "Hurink_edata/la21.fjs",
    "Hurink_edata/la22.fjs",
    "Hurink_edata/la23.fjs",
    "Hurink_edata/la24.fjs",
    "Hurink_edata/la25.fjs",
    "Hurink_edata/la26.fjs",
    "Hurink_edata/la27.fjs",
    "Hurink_edata/la28.fjs",
    "Hurink_edata/la29.fjs",
    "Hurink_edata/la30.fjs",
    "Hurink_edata/la31.fjs",
    "Hurink_edata/la32.fjs",
    "Hurink_edata/la33.fjs",
    "Hurink_edata/la34.fjs",
    "Hurink_edata/la35.fjs",
    "Hurink_edata/la36.fjs",
    "Hurink_edata/la37.fjs",
    "Hurink_edata/la38.fjs",
    "Hurink_edata/la39.fjs",
    "Hurink_edata/la40.fjs"
  ],
  "methods": [
    "R1_survival_only",
    "R2_hv_only",
    "R3_cmax_only",
    "R4_survival_hv",
    "R5_composite",
    "R6_adaptive_weight"
  ],
  "budgets": [
    "default"
  ],
  "seeds": [
    42,
    43,
    44,
    45,
    46,
    47,
    48,
    49,
    50,
    51
  ],
  "expected_cells": 300,
  "status": "complete"
}
{
  "protocol": "saos_bc_onpolicy_ppo_v5_20260720",
  "runs": 3000,
  "fronts_with_computable_correlation": 2998,
  "pearson_cmax_tec": {
    "n": 2998,
    "median": 0.9203801686706473,
    "q1": 0.6651183386794861,
    "q3": 0.9802016323907019,
    "min": -0.9576148643386577,
    "max": 0.9999184531419126
  },
  "spearman_cmax_tec": {
    "n": 2998,
    "median": 0.58215259835199,
    "q1": 0.1887207204336877,
    "q3": 0.7999999999999999,
    "min": -0.9792207792207792,
    "max": 1.0
  },
  "front_size": {
    "n": 3000,
    "median": 21.0,
    "q1": 14.0,
    "q3": 35.0,
    "min": 2.0,
    "max": 100.0
  },
  "interpretation": "Correlations are descriptive within-final-front diagnostics, not independent inferential observations."
}
resume preflight results/resubmission/v5/e3_budget/runs.csv: existing_rows=3679
[2026-07-22T09:40:59+08:00] pipeline start workers=40 protocol=saos_bc_onpolicy_ppo_v5_20260720
resume preflight results/resubmission/v5/e1_aos/runs.csv: existing_rows=5000
validated results/resubmission/v5/e1_aos/runs.csv: rows=5000 instances=50 seeds=10 fronts=5000
{
  "protocol": "saos_bc_onpolicy_ppo_v5_20260720",
  "rows": 5000,
  "primary_key": [
    "dataset",
    "instance",
    "variant",
    "reward_scheme",
    "seed"
  ],
  "duplicate_primary_keys": 0,
  "instances": 50,
  "instance_ids": [
    "Brandimarte/Mk01.fjs",
    "Brandimarte/Mk02.fjs",
    "Brandimarte/Mk03.fjs",
    "Brandimarte/Mk04.fjs",
    "Brandimarte/Mk05.fjs",
    "Brandimarte/Mk06.fjs",
    "Brandimarte/Mk07.fjs",
    "Brandimarte/Mk08.fjs",
    "Brandimarte/Mk09.fjs",
    "Brandimarte/Mk10.fjs",
    "Hurink_edata/la01.fjs",
    "Hurink_edata/la02.fjs",
    "Hurink_edata/la03.fjs",
    "Hurink_edata/la04.fjs",
    "Hurink_edata/la05.fjs",
    "Hurink_edata/la06.fjs",
    "Hurink_edata/la07.fjs",
    "Hurink_edata/la08.fjs",
    "Hurink_edata/la09.fjs",
    "Hurink_edata/la10.fjs",
    "Hurink_edata/la11.fjs",
    "Hurink_edata/la12.fjs",
    "Hurink_edata/la13.fjs",
    "Hurink_edata/la14.fjs",
    "Hurink_edata/la15.fjs",
    "Hurink_edata/la16.fjs",
    "Hurink_edata/la17.fjs",
    "Hurink_edata/la18.fjs",
    "Hurink_edata/la19.fjs",
    "Hurink_edata/la20.fjs",
    "Hurink_edata/la21.fjs",
    "Hurink_edata/la22.fjs",
    "Hurink_edata/la23.fjs",
    "Hurink_edata/la24.fjs",
    "Hurink_edata/la25.fjs",
    "Hurink_edata/la26.fjs",
    "Hurink_edata/la27.fjs",
    "Hurink_edata/la28.fjs",
    "Hurink_edata/la29.fjs",
    "Hurink_edata/la30.fjs",
    "Hurink_edata/la31.fjs",
    "Hurink_edata/la32.fjs",
    "Hurink_edata/la33.fjs",
    "Hurink_edata/la34.fjs",
    "Hurink_edata/la35.fjs",
    "Hurink_edata/la36.fjs",
    "Hurink_edata/la37.fjs",
    "Hurink_edata/la38.fjs",
    "Hurink_edata/la39.fjs",
    "Hurink_edata/la40.fjs"
  ],
  "methods": [
    "AdaptiveNoBC",
    "AdaptivePursuit",
    "AdaptiveSAOS",
    "FixedUCBPPO",
    "PPOOnly",
    "ProbabilityMatching",
    "Random",
    "RandomUCBPPO",
    "UCBOnly",
    "UniformFixed"
  ],
  "budgets": [
    "default"
  ],
  "seeds": [
    42,
    43,
    44,
    45,
    46,
    47,
    48,
    49,
    50,
    51
  ],
  "expected_cells": 500,
  "status": "complete"
}
{
  "protocol": "saos_bc_onpolicy_ppo_v5_20260720",
  "runs": 5000,
  "fronts_with_computable_correlation": 4992,
  "pearson_cmax_tec": {
    "n": 4992,
    "median": 0.92314245372385,
    "q1": 0.6459415917363578,
    "q3": 0.9811542718514589,
    "min": -0.8809663067872058,
    "max": 0.9999999861893896
  },
  "spearman_cmax_tec": {
    "n": 4992,
    "median": 0.5696345986636782,
    "q1": 0.1644442902246922,
    "q3": 0.7999999999999999,
    "min": -0.991031208965115,
    "max": 1.0
  },
  "front_size": {
    "n": 5000,
    "median": 21.0,
    "q1": 13.0,
    "q3": 36.0,
    "min": 1.0,
    "max": 100.0
  },
  "interpretation": "Correlations are descriptive within-final-front diagnostics, not independent inferential observations."
}
resume preflight results/resubmission/v5/e2_reward/runs.csv: existing_rows=3000
validated results/resubmission/v5/e2_reward/runs.csv: rows=3000 instances=50 seeds=10 fronts=3000
{
  "protocol": "saos_bc_onpolicy_ppo_v5_20260720",
  "rows": 3000,
  "primary_key": [
    "dataset",
    "instance",
    "variant",
    "reward_scheme",
    "seed"
  ],
  "duplicate_primary_keys": 0,
  "instances": 50,
  "instance_ids": [
    "Brandimarte/Mk01.fjs",
    "Brandimarte/Mk02.fjs",
    "Brandimarte/Mk03.fjs",
    "Brandimarte/Mk04.fjs",
    "Brandimarte/Mk05.fjs",
    "Brandimarte/Mk06.fjs",
    "Brandimarte/Mk07.fjs",
    "Brandimarte/Mk08.fjs",
    "Brandimarte/Mk09.fjs",
    "Brandimarte/Mk10.fjs",
    "Hurink_edata/la01.fjs",
    "Hurink_edata/la02.fjs",
    "Hurink_edata/la03.fjs",
    "Hurink_edata/la04.fjs",
    "Hurink_edata/la05.fjs",
    "Hurink_edata/la06.fjs",
    "Hurink_edata/la07.fjs",
    "Hurink_edata/la08.fjs",
    "Hurink_edata/la09.fjs",
    "Hurink_edata/la10.fjs",
    "Hurink_edata/la11.fjs",
    "Hurink_edata/la12.fjs",
    "Hurink_edata/la13.fjs",
    "Hurink_edata/la14.fjs",
    "Hurink_edata/la15.fjs",
    "Hurink_edata/la16.fjs",
    "Hurink_edata/la17.fjs",
    "Hurink_edata/la18.fjs",
    "Hurink_edata/la19.fjs",
    "Hurink_edata/la20.fjs",
    "Hurink_edata/la21.fjs",
    "Hurink_edata/la22.fjs",
    "Hurink_edata/la23.fjs",
    "Hurink_edata/la24.fjs",
    "Hurink_edata/la25.fjs",
    "Hurink_edata/la26.fjs",
    "Hurink_edata/la27.fjs",
    "Hurink_edata/la28.fjs",
    "Hurink_edata/la29.fjs",
    "Hurink_edata/la30.fjs",
    "Hurink_edata/la31.fjs",
    "Hurink_edata/la32.fjs",
    "Hurink_edata/la33.fjs",
    "Hurink_edata/la34.fjs",
    "Hurink_edata/la35.fjs",
    "Hurink_edata/la36.fjs",
    "Hurink_edata/la37.fjs",
    "Hurink_edata/la38.fjs",
    "Hurink_edata/la39.fjs",
    "Hurink_edata/la40.fjs"
  ],
  "methods": [
    "R1_survival_only",
    "R2_hv_only",
    "R3_cmax_only",
    "R4_survival_hv",
    "R5_composite",
    "R6_adaptive_weight"
  ],
  "budgets": [
    "default"
  ],
  "seeds": [
    42,
    43,
    44,
    45,
    46,
    47,
    48,
    49,
    50,
    51
  ],
  "expected_cells": 300,
  "status": "complete"
}
{
  "protocol": "saos_bc_onpolicy_ppo_v5_20260720",
  "runs": 3000,
  "fronts_with_computable_correlation": 2998,
  "pearson_cmax_tec": {
    "n": 2998,
    "median": 0.9203801686706473,
    "q1": 0.6651183386794861,
    "q3": 0.9802016323907019,
    "min": -0.9576148643386577,
    "max": 0.9999184531419126
  },
  "spearman_cmax_tec": {
    "n": 2998,
    "median": 0.58215259835199,
    "q1": 0.1887207204336877,
    "q3": 0.7999999999999999,
    "min": -0.9792207792207792,
    "max": 1.0
  },
  "front_size": {
    "n": 3000,
    "median": 21.0,
    "q1": 14.0,
    "q3": 35.0,
    "min": 2.0,
    "max": 100.0
  },
  "interpretation": "Correlations are descriptive within-final-front diagnostics, not independent inferential observations."
}
resume preflight results/resubmission/v5/e3_budget/runs.csv: existing_rows=9781
validated results/resubmission/v5/e3_budget/runs.csv: rows=10500 instances=50 seeds=10 fronts=10500
{
  "protocol": "saos_bc_onpolicy_ppo_v5_20260720",
  "rows": 10500,
  "primary_key": [
    "dataset",
    "instance",
    "variant",
    "reward_scheme",
    "seed",
    "Budget"
  ],
  "duplicate_primary_keys": 0,
  "instances": 50,
  "instance_ids": [
    "Brandimarte/Mk01.fjs",
    "Brandimarte/Mk02.fjs",
    "Brandimarte/Mk03.fjs",
    "Brandimarte/Mk04.fjs",
    "Brandimarte/Mk05.fjs",
    "Brandimarte/Mk06.fjs",
    "Brandimarte/Mk07.fjs",
    "Brandimarte/Mk08.fjs",
    "Brandimarte/Mk09.fjs",
    "Brandimarte/Mk10.fjs",
    "Hurink_edata/la01.fjs",
    "Hurink_edata/la02.fjs",
    "Hurink_edata/la03.fjs",
    "Hurink_edata/la04.fjs",
    "Hurink_edata/la05.fjs",
    "Hurink_edata/la06.fjs",
    "Hurink_edata/la07.fjs",
    "Hurink_edata/la08.fjs",
    "Hurink_edata/la09.fjs",
    "Hurink_edata/la10.fjs",
    "Hurink_edata/la11.fjs",
    "Hurink_edata/la12.fjs",
    "Hurink_edata/la13.fjs",
    "Hurink_edata/la14.fjs",
    "Hurink_edata/la15.fjs",
    "Hurink_edata/la16.fjs",
    "Hurink_edata/la17.fjs",
    "Hurink_edata/la18.fjs",
    "Hurink_edata/la19.fjs",
    "Hurink_edata/la20.fjs",
    "Hurink_edata/la21.fjs",
    "Hurink_edata/la22.fjs",
    "Hurink_edata/la23.fjs",
    "Hurink_edata/la24.fjs",
    "Hurink_edata/la25.fjs",
    "Hurink_edata/la26.fjs",
    "Hurink_edata/la27.fjs",
    "Hurink_edata/la28.fjs",
    "Hurink_edata/la29.fjs",
    "Hurink_edata/la30.fjs",
    "Hurink_edata/la31.fjs",
    "Hurink_edata/la32.fjs",
    "Hurink_edata/la33.fjs",
    "Hurink_edata/la34.fjs",
    "Hurink_edata/la35.fjs",
    "Hurink_edata/la36.fjs",
    "Hurink_edata/la37.fjs",
    "Hurink_edata/la38.fjs",
    "Hurink_edata/la39.fjs",
    "Hurink_edata/la40.fjs"
  ],
  "methods": [
    "AdaptiveNoBC",
    "AdaptiveSAOS",
    "FixedUCBPPO",
    "PPOOnly",
    "RandomUCBPPO",
    "UCBOnly",
    "UniformFixed"
  ],
  "budgets": [
    "100",
    "200",
    "50"
  ],
  "seeds": [
    42,
    43,
    44,
    45,
    46,
    47,
    48,
    49,
    50,
    51
  ],
  "expected_cells": 1050,
  "status": "complete"
}
{
  "protocol": "saos_bc_onpolicy_ppo_v5_20260720",
  "runs": 10500,
  "fronts_with_computable_correlation": 10489,
  "pearson_cmax_tec": {
    "n": 10489,
    "median": 0.9211107076350901,
    "q1": 0.6590415500549329,
    "q3": 0.9802369412788614,
    "min": -0.9062936577167799,
    "max": 0.9999930010804561
  },
  "spearman_cmax_tec": {
    "n": 10489,
    "median": 0.5584599505989404,
    "q1": 0.16128328062246997,
    "q3": 0.7940222598875718,
    "min": -1.0,
    "max": 1.0
  },
  "front_size": {
    "n": 10500,
    "median": 23.0,
    "q1": 14.0,
    "q3": 39.0,
    "min": 2.0,
    "max": 100.0
  },
  "interpretation": "Correlations are descriptive within-final-front diagnostics, not independent inferential observations."
}
[2026-07-22T11:13:42+08:00] pipeline complete
