[v6] protocol=saos_mechanism_robustness_v6_20260722 pending=1100 result=results/resubmission/v6_mechanism/runs.csv
[1/1100] Brandimarte/Mk01.fjs UCBOnly g=100 seed=50 T=56.9s ETA=1051.4min
[2/1100] Brandimarte/Mk01.fjs UCBOnly g=100 seed=49 T=57.1s ETA=527.2min
[3/1100] Brandimarte/Mk01.fjs Original24BC_R16 g=100 seed=51 T=57.5s ETA=353.4min
[4/1100] Brandimarte/Mk01.fjs BasePaddedBC_R16 g=100 seed=43 T=58.2s ETA=268.3min
[5/1100] Brandimarte/Mk01.fjs Original24NoBC_R16 g=100 seed=45 T=58.6s ETA=215.9min
[6/1100] Brandimarte/Mk01.fjs BasePaddedBC_R16 g=100 seed=51 T=58.6s ETA=180.0min
[7/1100] Brandimarte/Mk01.fjs UCBOnly g=100 seed=48 T=58.7s ETA=154.2min
[8/1100] Brandimarte/Mk01.fjs UCBOnly g=100 seed=44 T=58.8s ETA=134.9min
[9/1100] Brandimarte/Mk01.fjs Original24BC_R16 g=100 seed=47 T=58.9s ETA=120.1min
[10/1100] Brandimarte/Mk01.fjs Original24NoBC_R16 g=100 seed=49 T=59.0s ETA=108.3min
[11/1100] Brandimarte/Mk01.fjs Original24BC_R16 g=100 seed=49 T=59.4s ETA=99.0min
[12/1100] Brandimarte/Mk01.fjs BasePaddedBC_R16 g=100 seed=44 T=60.2s ETA=91.8min
[13/1100] Brandimarte/Mk01.fjs UCBOnly g=100 seed=45 T=61.6s ETA=86.6min
[14/1100] Brandimarte/Mk01.fjs UCBOnly g=100 seed=42 T=62.1s ETA=81.0min
[15/1100] Brandimarte/Mk01.fjs UCBOnly g=100 seed=46 T=62.4s ETA=75.8min
[16/1100] Brandimarte/Mk01.fjs UCBOnly g=100 seed=43 T=62.5s ETA=71.2min
[17/1100] Brandimarte/Mk01.fjs UCBOnly g=100 seed=47 T=62.8s ETA=67.2min
[18/1100] Brandimarte/Mk01.fjs Original24BC_R16 g=100 seed=50 T=63.0s ETA=63.7min
[19/1100] Brandimarte/Mk01.fjs Original24NoBC_R16 g=100 seed=43 T=63.4s ETA=60.6min
[20/1100] Brandimarte/Mk01.fjs Original24BC_R16 g=100 seed=46 T=63.9s ETA=58.0min
[21/1100] Brandimarte/Mk01.fjs Original24NoBC_R16 g=100 seed=47 T=63.9s ETA=55.2min
[22/1100] Brandimarte/Mk01.fjs Original24NoBC_R16 g=100 seed=46 T=63.9s ETA=52.6min
[23/1100] Brandimarte/Mk01.fjs Original24NoBC_R16 g=100 seed=42 T=64.0s ETA=50.4min
[24/1100] Brandimarte/Mk01.fjs UCBOnly g=100 seed=51 T=64.0s ETA=48.2min
[25/1100] Brandimarte/Mk01.fjs Original24BC_R16 g=100 seed=43 T=64.0s ETA=46.3min
[26/1100] Brandimarte/Mk01.fjs Original24NoBC_R16 g=100 seed=51 T=64.5s ETA=44.8min
[27/1100] Brandimarte/Mk01.fjs BasePaddedBC_R16 g=100 seed=47 T=64.5s ETA=43.1min
[28/1100] Brandimarte/Mk01.fjs Original24BC_R16 g=100 seed=42 T=64.6s ETA=41.5min
[29/1100] Brandimarte/Mk01.fjs BasePaddedBC_R16 g=100 seed=45 T=64.6s ETA=40.1min
[30/1100] Brandimarte/Mk01.fjs BasePaddedBC_R16 g=100 seed=42 T=64.8s ETA=38.8min
[31/1100] Brandimarte/Mk01.fjs Original24NoBC_R16 g=100 seed=44 T=64.9s ETA=37.6min
[32/1100] Brandimarte/Mk01.fjs Original24NoBC_R16 g=100 seed=50 T=64.9s ETA=36.4min
[33/1100] Brandimarte/Mk01.fjs BasePaddedBC_R16 g=100 seed=50 T=65.0s ETA=35.3min
[34/1100] Brandimarte/Mk01.fjs BasePaddedBC_R16 g=100 seed=46 T=65.2s ETA=34.4min
[35/1100] Brandimarte/Mk01.fjs Original24BC_R16 g=100 seed=45 T=65.7s ETA=33.6min
[36/1100] Brandimarte/Mk01.fjs BasePaddedBC_R16 g=100 seed=49 T=65.7s ETA=32.6min
[37/1100] Brandimarte/Mk01.fjs Original24BC_R16 g=100 seed=44 T=66.2s ETA=31.9min
[38/1100] Brandimarte/Mk01.fjs BasePaddedBC_R16 g=100 seed=48 T=66.2s ETA=31.1min
[39/1100] Brandimarte/Mk01.fjs Original24NoBC_R16 g=100 seed=48 T=66.8s ETA=30.5min
[40/1100] Brandimarte/Mk01.fjs Original24BC_R16 g=100 seed=48 T=67.0s ETA=29.8min
[41/1100] Brandimarte/Mk01.fjs BasePaddedNoBC_R16 g=100 seed=42 T=58.3s ETA=49.8min
[42/1100] Brandimarte/Mk01.fjs BasePaddedNoBC_R16 g=100 seed=44 T=58.0s ETA=48.7min
[43/1100] Brandimarte/Mk01.fjs BasePaddedNoBC_R16 g=100 seed=46 T=57.2s ETA=47.7min
[44/1100] Brandimarte/Mk01.fjs BasePaddedNoBC_R16 g=100 seed=47 T=57.9s ETA=46.9min
[45/1100] Brandimarte/Mk01.fjs BasePaddedNoBC_R16 g=100 seed=51 T=58.1s ETA=46.0min
[46/1100] Brandimarte/Mk01.fjs BasePaddedNoBC_R16 g=100 seed=49 T=58.8s ETA=45.1min
[47/1100] Brandimarte/Mk01.fjs BasePaddedNoBC_R16 g=100 seed=50 T=58.9s ETA=44.2min
[48/1100] Brandimarte/Mk01.fjs EnhancedBC_R16 g=100 seed=42 T=59.0s ETA=43.4min
[49/1100] Brandimarte/Mk01.fjs BasePaddedNoBC_R16 g=100 seed=43 T=61.4s ETA=42.6min
[50/1100] Brandimarte/Mk01.fjs BasePaddedNoBC_R16 g=100 seed=48 T=60.3s ETA=41.9min
[51/1100] Brandimarte/Mk01.fjs EnhancedBC_R16 g=100 seed=43 T=60.1s ETA=41.4min
[52/1100] Brandimarte/Mk01.fjs BasePaddedNoBC_R16 g=100 seed=45 T=63.5s ETA=41.1min
[53/1100] Brandimarte/Mk01.fjs EnhancedNoBC_R16 g=100 seed=43 T=63.4s ETA=42.1min
[54/1100] Brandimarte/Mk01.fjs EnhancedBC_R16 g=100 seed=47 T=65.6s ETA=41.5min
[55/1100] Brandimarte/Mk01.fjs EnhancedBC_R16 g=100 seed=46 T=65.9s ETA=40.8min
[56/1100] Brandimarte/Mk01.fjs EnhancedNoBC_R16 g=100 seed=46 T=64.3s ETA=40.1min
[57/1100] Brandimarte/Mk01.fjs EnhancedBC_R16 g=100 seed=51 T=64.6s ETA=39.3min
[58/1100] Brandimarte/Mk01.fjs EnhancedBC_R16 g=100 seed=45 T=66.4s ETA=38.6min
[59/1100] Brandimarte/Mk01.fjs EnhancedBC_R16 g=100 seed=49 T=65.5s ETA=38.0min
[60/1100] Brandimarte/Mk01.fjs EnhancedBC_R16 g=100 seed=44 T=67.3s ETA=37.4min
[61/1100] Brandimarte/Mk01.fjs EnhancedNoBC_R16 g=100 seed=42 T=65.1s ETA=36.8min
[62/1100] Brandimarte/Mk01.fjs EnhancedNoBC_R16 g=100 seed=51 T=64.2s ETA=36.2min
[63/1100] Brandimarte/Mk01.fjs EnhancedNoBC_R16 g=100 seed=44 T=65.2s ETA=35.6min
[64/1100] Brandimarte/Mk01.fjs EnhancedNoBC_R16 g=100 seed=47 T=64.9s ETA=35.0min
[65/1100] Brandimarte/Mk01.fjs EnhancedNoBC_R16 g=100 seed=49 T=65.0s ETA=34.5min
[66/1100] Brandimarte/Mk01.fjs EnhancedBC_R16 g=100 seed=50 T=66.3s ETA=34.0min
[67/1100] Brandimarte/Mk01.fjs EnhancedNoBC_R16 g=100 seed=50 T=65.6s ETA=33.6min
[68/1100] Brandimarte/Mk01.fjs EnhancedBC_R16 g=100 seed=48 T=67.6s ETA=33.1min
[69/1100] Brandimarte/Mk01.fjs EnhancedNoBC_R16 g=100 seed=48 T=66.0s ETA=32.6min
[70/1100] Brandimarte/Mk01.fjs EnhancedNoBC_R16 g=100 seed=45 T=67.5s ETA=32.4min
[71/1100] Brandimarte/Mk03.fjs UCBOnly g=100 seed=45 T=108.0s ETA=42.0min
[72/1100] Brandimarte/Mk03.fjs UCBOnly g=100 seed=49 T=107.4s ETA=41.4min
[73/1100] Brandimarte/Mk03.fjs UCBOnly g=100 seed=42 T=109.0s ETA=40.9min
[74/1100] Brandimarte/Mk03.fjs UCBOnly g=100 seed=47 T=108.2s ETA=40.3min
[75/1100] Brandimarte/Mk03.fjs UCBOnly g=100 seed=44 T=109.0s ETA=39.8min
[76/1100] Brandimarte/Mk03.fjs UCBOnly g=100 seed=43 T=109.2s ETA=39.2min
[77/1100] Brandimarte/Mk03.fjs UCBOnly g=100 seed=48 T=107.9s ETA=38.7min
[78/1100] Brandimarte/Mk03.fjs UCBOnly g=100 seed=51 T=107.5s ETA=38.2min
[79/1100] Brandimarte/Mk03.fjs UCBOnly g=100 seed=46 T=110.0s ETA=38.0min
[80/1100] Brandimarte/Mk03.fjs UCBOnly g=100 seed=50 T=109.2s ETA=37.5min
[81/1100] Brandimarte/Mk03.fjs Original24BC_R16 g=100 seed=43 T=97.1s ETA=44.7min
[82/1100] Brandimarte/Mk03.fjs Original24BC_R16 g=100 seed=42 T=97.6s ETA=44.1min
[83/1100] Brandimarte/Mk03.fjs Original24BC_R16 g=100 seed=44 T=97.4s ETA=43.7min
[84/1100] Brandimarte/Mk03.fjs Original24BC_R16 g=100 seed=47 T=95.9s ETA=43.1min
[85/1100] Brandimarte/Mk03.fjs Original24BC_R16 g=100 seed=46 T=96.7s ETA=42.7min
[86/1100] Brandimarte/Mk03.fjs Original24BC_R16 g=100 seed=49 T=95.7s ETA=42.2min
[87/1100] Brandimarte/Mk03.fjs Original24BC_R16 g=100 seed=45 T=98.6s ETA=41.9min
[88/1100] Brandimarte/Mk03.fjs Original24BC_R16 g=100 seed=51 T=96.3s ETA=41.4min
[89/1100] Brandimarte/Mk03.fjs Original24BC_R16 g=100 seed=48 T=106.2s ETA=42.5min
[90/1100] Brandimarte/Mk03.fjs Original24BC_R16 g=100 seed=50 T=109.7s ETA=42.8min
[91/1100] Brandimarte/Mk03.fjs Original24NoBC_R16 g=100 seed=43 T=107.9s ETA=42.5min
[92/1100] Brandimarte/Mk03.fjs Original24NoBC_R16 g=100 seed=42 T=109.6s ETA=42.1min
[93/1100] Brandimarte/Mk03.fjs BasePaddedBC_R16 g=100 seed=48 T=105.1s ETA=42.6min
[94/1100] Brandimarte/Mk03.fjs Original24NoBC_R16 g=100 seed=49 T=107.3s ETA=42.2min
[95/1100] Brandimarte/Mk03.fjs Original24NoBC_R16 g=100 seed=45 T=107.9s ETA=41.7min
[96/1100] Brandimarte/Mk03.fjs Original24NoBC_R16 g=100 seed=44 T=108.7s ETA=41.2min
[97/1100] Brandimarte/Mk03.fjs Original24NoBC_R16 g=100 seed=46 T=108.0s ETA=40.8min
[98/1100] Brandimarte/Mk03.fjs Original24NoBC_R16 g=100 seed=48 T=108.0s ETA=40.4min
[99/1100] Brandimarte/Mk03.fjs Original24NoBC_R16 g=100 seed=47 T=108.1s ETA=39.9min
[100/1100] Brandimarte/Mk03.fjs BasePaddedBC_R16 g=100 seed=42 T=108.4s ETA=39.7min
[101/1100] Brandimarte/Mk03.fjs BasePaddedBC_R16 g=100 seed=46 T=107.9s ETA=39.3min
[102/1100] Brandimarte/Mk03.fjs Original24NoBC_R16 g=100 seed=50 T=109.0s ETA=38.8min
[103/1100] Brandimarte/Mk03.fjs BasePaddedBC_R16 g=100 seed=43 T=108.5s ETA=38.4min
[104/1100] Brandimarte/Mk03.fjs BasePaddedBC_R16 g=100 seed=49 T=107.8s ETA=38.1min
[105/1100] Brandimarte/Mk03.fjs BasePaddedBC_R16 g=100 seed=44 T=109.1s ETA=37.7min
[106/1100] Brandimarte/Mk03.fjs BasePaddedBC_R16 g=100 seed=50 T=107.8s ETA=37.3min
[107/1100] Brandimarte/Mk03.fjs Original24NoBC_R16 g=100 seed=51 T=109.7s ETA=37.0min
[108/1100] Brandimarte/Mk03.fjs BasePaddedBC_R16 g=100 seed=47 T=109.3s ETA=36.7min
[109/1100] Brandimarte/Mk03.fjs BasePaddedBC_R16 g=100 seed=45 T=110.7s ETA=36.5min
[110/1100] Brandimarte/Mk03.fjs BasePaddedBC_R16 g=100 seed=51 T=111.0s ETA=36.5min
[111/1100] Brandimarte/Mk03.fjs BasePaddedNoBC_R16 g=100 seed=45 T=91.5s ETA=39.5min
[112/1100] Brandimarte/Mk03.fjs BasePaddedNoBC_R16 g=100 seed=42 T=108.9s ETA=41.6min
[113/1100] Brandimarte/Mk03.fjs BasePaddedNoBC_R16 g=100 seed=43 T=109.0s ETA=41.2min
[114/1100] Brandimarte/Mk03.fjs BasePaddedNoBC_R16 g=100 seed=46 T=108.6s ETA=40.8min
[115/1100] Brandimarte/Mk03.fjs BasePaddedNoBC_R16 g=100 seed=44 T=108.8s ETA=40.4min
[116/1100] Brandimarte/Mk03.fjs BasePaddedNoBC_R16 g=100 seed=49 T=109.0s ETA=40.2min
[117/1100] Brandimarte/Mk03.fjs BasePaddedNoBC_R16 g=100 seed=47 T=110.0s ETA=39.9min
[118/1100] Brandimarte/Mk03.fjs BasePaddedNoBC_R16 g=100 seed=51 T=108.2s ETA=39.5min
[119/1100] Brandimarte/Mk03.fjs BasePaddedNoBC_R16 g=100 seed=48 T=110.4s ETA=39.2min
[120/1100] Brandimarte/Mk03.fjs BasePaddedNoBC_R16 g=100 seed=50 T=111.0s ETA=39.1min
[121/1100] Brandimarte/Mk03.fjs EnhancedBC_R16 g=100 seed=45 T=91.5s ETA=41.2min
[122/1100] Brandimarte/Mk03.fjs EnhancedBC_R16 g=100 seed=42 T=92.4s ETA=40.8min
[123/1100] Brandimarte/Mk03.fjs EnhancedBC_R16 g=100 seed=43 T=92.5s ETA=40.5min
[124/1100] Brandimarte/Mk03.fjs EnhancedBC_R16 g=100 seed=46 T=91.6s ETA=40.1min
[125/1100] Brandimarte/Mk03.fjs EnhancedBC_R16 g=100 seed=47 T=92.2s ETA=39.9min
[126/1100] Brandimarte/Mk03.fjs EnhancedBC_R16 g=100 seed=44 T=93.3s ETA=39.6min
[127/1100] Brandimarte/Mk03.fjs EnhancedBC_R16 g=100 seed=49 T=91.4s ETA=39.2min
[128/1100] Brandimarte/Mk03.fjs EnhancedBC_R16 g=100 seed=48 T=93.3s ETA=39.1min
[129/1100] Brandimarte/Mk05.fjs UCBOnly g=100 seed=48 T=90.5s ETA=41.4min
[130/1100] Brandimarte/Mk05.fjs UCBOnly g=100 seed=42 T=91.9s ETA=41.0min
[131/1100] Brandimarte/Mk05.fjs UCBOnly g=100 seed=44 T=92.5s ETA=40.8min
[132/1100] Brandimarte/Mk05.fjs UCBOnly g=100 seed=43 T=92.7s ETA=40.4min
[133/1100] Brandimarte/Mk05.fjs UCBOnly g=100 seed=45 T=92.1s ETA=40.1min
[134/1100] Brandimarte/Mk05.fjs UCBOnly g=100 seed=50 T=90.2s ETA=39.8min
[135/1100] Brandimarte/Mk05.fjs UCBOnly g=100 seed=46 T=92.4s ETA=39.5min
[136/1100] Brandimarte/Mk05.fjs UCBOnly g=100 seed=49 T=92.0s ETA=39.2min
[137/1100] Brandimarte/Mk05.fjs UCBOnly g=100 seed=47 T=93.0s ETA=38.9min
[138/1100] Brandimarte/Mk05.fjs UCBOnly g=100 seed=51 T=90.8s ETA=38.8min
[139/1100] Brandimarte/Mk03.fjs EnhancedBC_R16 g=100 seed=50 T=111.8s ETA=38.8min
[140/1100] Brandimarte/Mk03.fjs EnhancedBC_R16 g=100 seed=51 T=110.4s ETA=38.8min
[141/1100] Brandimarte/Mk03.fjs EnhancedNoBC_R16 g=100 seed=42 T=109.6s ETA=38.5min
[142/1100] Brandimarte/Mk05.fjs Original24BC_R16 g=100 seed=42 T=74.6s ETA=38.3min
[143/1100] Brandimarte/Mk03.fjs EnhancedNoBC_R16 g=100 seed=43 T=112.3s ETA=38.2min
[144/1100] Brandimarte/Mk03.fjs EnhancedNoBC_R16 g=100 seed=47 T=109.6s ETA=38.3min
[145/1100] Brandimarte/Mk03.fjs EnhancedNoBC_R16 g=100 seed=48 T=110.8s ETA=38.2min
[146/1100] Brandimarte/Mk03.fjs EnhancedNoBC_R16 g=100 seed=46 T=111.1s ETA=37.9min
[147/1100] Brandimarte/Mk03.fjs EnhancedNoBC_R16 g=100 seed=50 T=110.9s ETA=37.6min
[148/1100] Brandimarte/Mk03.fjs EnhancedNoBC_R16 g=100 seed=45 T=112.7s ETA=37.4min
[149/1100] Brandimarte/Mk03.fjs EnhancedNoBC_R16 g=100 seed=49 T=112.5s ETA=37.2min
[150/1100] Brandimarte/Mk03.fjs EnhancedNoBC_R16 g=100 seed=44 T=113.8s ETA=36.9min
[151/1100] Brandimarte/Mk03.fjs EnhancedNoBC_R16 g=100 seed=51 T=113.3s ETA=36.8min
[152/1100] Brandimarte/Mk05.fjs Original24BC_R16 g=100 seed=43 T=91.2s ETA=38.9min
[153/1100] Brandimarte/Mk05.fjs Original24BC_R16 g=100 seed=45 T=90.7s ETA=38.6min
[154/1100] Brandimarte/Mk05.fjs Original24BC_R16 g=100 seed=46 T=90.8s ETA=38.3min
[155/1100] Brandimarte/Mk05.fjs Original24BC_R16 g=100 seed=47 T=90.6s ETA=38.1min
[156/1100] Brandimarte/Mk05.fjs Original24BC_R16 g=100 seed=50 T=89.9s ETA=37.8min
[157/1100] Brandimarte/Mk05.fjs Original24BC_R16 g=100 seed=44 T=92.0s ETA=37.6min
[158/1100] Brandimarte/Mk05.fjs Original24BC_R16 g=100 seed=49 T=90.4s ETA=37.3min
[159/1100] Brandimarte/Mk05.fjs Original24BC_R16 g=100 seed=48 T=90.7s ETA=37.0min
[160/1100] Brandimarte/Mk05.fjs Original24BC_R16 g=100 seed=51 T=89.3s ETA=36.9min
[161/1100] Brandimarte/Mk05.fjs Original24NoBC_R16 g=100 seed=42 T=78.2s ETA=37.3min
[162/1100] Brandimarte/Mk05.fjs Original24NoBC_R16 g=100 seed=45 T=79.3s ETA=37.2min
[163/1100] Brandimarte/Mk05.fjs Original24NoBC_R16 g=100 seed=43 T=80.5s ETA=37.0min
[164/1100] Brandimarte/Mk05.fjs Original24NoBC_R16 g=100 seed=44 T=80.3s ETA=36.7min
[165/1100] Brandimarte/Mk05.fjs Original24NoBC_R16 g=100 seed=46 T=80.0s ETA=36.5min
[166/1100] Brandimarte/Mk05.fjs Original24NoBC_R16 g=100 seed=47 T=79.9s ETA=36.3min
[167/1100] Brandimarte/Mk05.fjs Original24NoBC_R16 g=100 seed=48 T=80.3s ETA=36.1min
[168/1100] Brandimarte/Mk05.fjs Original24NoBC_R16 g=100 seed=49 T=80.6s ETA=36.0min
[169/1100] Brandimarte/Mk05.fjs Original24NoBC_R16 g=100 seed=50 T=91.1s ETA=38.6min
[170/1100] Brandimarte/Mk05.fjs BasePaddedBC_R16 g=100 seed=44 T=90.4s ETA=38.4min
[171/1100] Brandimarte/Mk05.fjs BasePaddedBC_R16 g=100 seed=47 T=90.1s ETA=38.2min
[172/1100] Brandimarte/Mk05.fjs BasePaddedBC_R16 g=100 seed=42 T=91.4s ETA=38.0min
[173/1100] Brandimarte/Mk05.fjs Original24NoBC_R16 g=100 seed=51 T=92.2s ETA=37.7min
[174/1100] Brandimarte/Mk05.fjs BasePaddedBC_R16 g=100 seed=48 T=90.2s ETA=37.5min
[175/1100] Brandimarte/Mk05.fjs BasePaddedBC_R16 g=100 seed=45 T=91.9s ETA=37.3min
[176/1100] Brandimarte/Mk05.fjs BasePaddedBC_R16 g=100 seed=43 T=92.4s ETA=37.0min
[177/1100] Brandimarte/Mk05.fjs BasePaddedBC_R16 g=100 seed=49 T=89.5s ETA=36.8min
[178/1100] Brandimarte/Mk05.fjs BasePaddedNoBC_R16 g=100 seed=43 T=82.7s ETA=36.6min
[179/1100] Brandimarte/Mk05.fjs BasePaddedBC_R16 g=100 seed=46 T=92.2s ETA=36.3min
[180/1100] Brandimarte/Mk05.fjs BasePaddedBC_R16 g=100 seed=50 T=89.0s ETA=36.2min
[181/1100] Brandimarte/Mk05.fjs BasePaddedBC_R16 g=100 seed=51 T=89.0s ETA=36.2min
[182/1100] Brandimarte/Mk05.fjs BasePaddedNoBC_R16 g=100 seed=42 T=89.0s ETA=36.0min
[183/1100] Brandimarte/Mk05.fjs BasePaddedNoBC_R16 g=100 seed=44 T=89.4s ETA=36.1min
[184/1100] Brandimarte/Mk05.fjs BasePaddedNoBC_R16 g=100 seed=45 T=88.8s ETA=36.1min
[185/1100] Brandimarte/Mk05.fjs BasePaddedNoBC_R16 g=100 seed=47 T=89.0s ETA=36.0min
[186/1100] Brandimarte/Mk05.fjs BasePaddedNoBC_R16 g=100 seed=46 T=89.6s ETA=35.8min
[187/1100] Brandimarte/Mk05.fjs BasePaddedNoBC_R16 g=100 seed=48 T=90.3s ETA=35.7min
[188/1100] Brandimarte/Mk05.fjs BasePaddedNoBC_R16 g=100 seed=51 T=89.2s ETA=35.5min
[189/1100] Brandimarte/Mk05.fjs BasePaddedNoBC_R16 g=100 seed=49 T=90.0s ETA=35.3min
[190/1100] Brandimarte/Mk05.fjs BasePaddedNoBC_R16 g=100 seed=50 T=90.3s ETA=35.1min
[191/1100] Brandimarte/Mk05.fjs EnhancedBC_R16 g=100 seed=42 T=89.4s ETA=35.0min
[192/1100] Brandimarte/Mk05.fjs EnhancedNoBC_R16 g=100 seed=42 T=79.8s ETA=36.5min
[193/1100] Brandimarte/Mk05.fjs EnhancedBC_R16 g=100 seed=47 T=89.1s ETA=36.3min
[194/1100] Brandimarte/Mk05.fjs EnhancedBC_R16 g=100 seed=45 T=89.9s ETA=36.1min
[195/1100] Brandimarte/Mk05.fjs EnhancedBC_R16 g=100 seed=44 T=90.6s ETA=35.9min
[196/1100] Brandimarte/Mk05.fjs EnhancedBC_R16 g=100 seed=50 T=89.3s ETA=35.7min
[197/1100] Brandimarte/Mk05.fjs EnhancedBC_R16 g=100 seed=43 T=90.9s ETA=35.5min
[198/1100] Brandimarte/Mk05.fjs EnhancedBC_R16 g=100 seed=49 T=89.8s ETA=35.3min
[199/1100] Brandimarte/Mk05.fjs EnhancedBC_R16 g=100 seed=46 T=91.1s ETA=35.1min
[200/1100] Brandimarte/Mk05.fjs EnhancedBC_R16 g=100 seed=51 T=89.3s ETA=34.9min
[201/1100] Brandimarte/Mk05.fjs EnhancedBC_R16 g=100 seed=48 T=91.0s ETA=34.8min
[202/1100] Brandimarte/Mk05.fjs EnhancedNoBC_R16 g=100 seed=45 T=80.5s ETA=34.6min
[203/1100] Brandimarte/Mk05.fjs EnhancedNoBC_R16 g=100 seed=43 T=82.1s ETA=34.4min
[204/1100] Brandimarte/Mk05.fjs EnhancedNoBC_R16 g=100 seed=46 T=80.7s ETA=34.2min
[205/1100] Brandimarte/Mk05.fjs EnhancedNoBC_R16 g=100 seed=44 T=81.6s ETA=34.0min
[206/1100] Brandimarte/Mk05.fjs EnhancedNoBC_R16 g=100 seed=47 T=81.1s ETA=33.9min
[207/1100] Brandimarte/Mk05.fjs EnhancedNoBC_R16 g=100 seed=48 T=81.6s ETA=33.7min
[208/1100] Brandimarte/Mk05.fjs EnhancedNoBC_R16 g=100 seed=49 T=80.8s ETA=33.6min
[209/1100] Brandimarte/Mk05.fjs EnhancedNoBC_R16 g=100 seed=51 T=89.5s ETA=36.3min
[210/1100] Brandimarte/Mk05.fjs EnhancedNoBC_R16 g=100 seed=50 T=95.3s ETA=36.5min
[211/1100] Brandimarte/Mk08.fjs UCBOnly g=100 seed=49 T=122.6s ETA=38.3min
[212/1100] Brandimarte/Mk08.fjs UCBOnly g=100 seed=45 T=142.8s ETA=39.4min
[213/1100] Brandimarte/Mk08.fjs UCBOnly g=100 seed=44 T=144.2s ETA=39.3min
[214/1100] Brandimarte/Mk08.fjs UCBOnly g=100 seed=42 T=145.2s ETA=39.1min
[215/1100] Brandimarte/Mk08.fjs UCBOnly g=100 seed=48 T=144.5s ETA=39.0min
[216/1100] Brandimarte/Mk08.fjs UCBOnly g=100 seed=47 T=145.1s ETA=38.8min
[217/1100] Brandimarte/Mk08.fjs UCBOnly g=100 seed=50 T=148.5s ETA=38.8min
[218/1100] Brandimarte/Mk08.fjs UCBOnly g=100 seed=43 T=150.8s ETA=38.6min
[219/1100] Brandimarte/Mk08.fjs Original24BC_R16 g=100 seed=42 T=146.8s ETA=38.6min
[220/1100] Brandimarte/Mk08.fjs UCBOnly g=100 seed=46 T=153.0s ETA=38.4min
[221/1100] Brandimarte/Mk08.fjs Original24BC_R16 g=100 seed=43 T=147.4s ETA=38.2min
[222/1100] Brandimarte/Mk08.fjs Original24BC_R16 g=100 seed=44 T=145.4s ETA=38.1min
[223/1100] Brandimarte/Mk08.fjs Original24BC_R16 g=100 seed=45 T=144.5s ETA=38.0min
[224/1100] Brandimarte/Mk08.fjs Original24NoBC_R16 g=100 seed=43 T=116.8s ETA=37.8min
[225/1100] Brandimarte/Mk08.fjs UCBOnly g=100 seed=51 T=155.9s ETA=37.7min
[226/1100] Brandimarte/Mk08.fjs Original24BC_R16 g=100 seed=50 T=144.5s ETA=37.6min
[227/1100] Brandimarte/Mk08.fjs Original24BC_R16 g=100 seed=46 T=147.9s ETA=37.5min
[228/1100] Brandimarte/Mk08.fjs BasePaddedBC_R16 g=100 seed=44 T=117.8s ETA=37.3min
[229/1100] Brandimarte/Mk08.fjs BasePaddedBC_R16 g=100 seed=43 T=118.6s ETA=37.1min
[230/1100] Brandimarte/Mk08.fjs Original24NoBC_R16 g=100 seed=42 T=144.5s ETA=36.9min
[231/1100] Brandimarte/Mk08.fjs BasePaddedBC_R16 g=100 seed=46 T=117.6s ETA=36.7min
[232/1100] Brandimarte/Mk08.fjs BasePaddedBC_R16 g=100 seed=45 T=118.0s ETA=36.5min
[233/1100] Brandimarte/Mk08.fjs Original24BC_R16 g=100 seed=48 T=147.8s ETA=36.4min
[234/1100] Brandimarte/Mk08.fjs Original24BC_R16 g=100 seed=47 T=149.1s ETA=36.2min
[235/1100] Brandimarte/Mk08.fjs BasePaddedBC_R16 g=100 seed=47 T=118.3s ETA=36.0min
[236/1100] Brandimarte/Mk08.fjs Original24BC_R16 g=100 seed=49 T=147.5s ETA=35.8min
[237/1100] Brandimarte/Mk08.fjs BasePaddedBC_R16 g=100 seed=48 T=117.4s ETA=35.6min
[238/1100] Brandimarte/Mk08.fjs BasePaddedBC_R16 g=100 seed=49 T=119.0s ETA=35.6min
[239/1100] Brandimarte/Mk08.fjs Original24BC_R16 g=100 seed=51 T=150.0s ETA=35.4min
[240/1100] Brandimarte/Mk08.fjs Original24NoBC_R16 g=100 seed=45 T=145.3s ETA=36.4min
[241/1100] Brandimarte/Mk08.fjs Original24NoBC_R16 g=100 seed=48 T=146.5s ETA=36.3min
[242/1100] Brandimarte/Mk08.fjs Original24NoBC_R16 g=100 seed=46 T=147.5s ETA=36.2min
[243/1100] Brandimarte/Mk08.fjs Original24NoBC_R16 g=100 seed=50 T=146.9s ETA=36.0min
[244/1100] Brandimarte/Mk08.fjs Original24NoBC_R16 g=100 seed=49 T=149.3s ETA=35.9min
[245/1100] Brandimarte/Mk08.fjs Original24NoBC_R16 g=100 seed=51 T=149.1s ETA=35.8min
[246/1100] Brandimarte/Mk08.fjs Original24NoBC_R16 g=100 seed=47 T=150.3s ETA=35.6min
[247/1100] Brandimarte/Mk08.fjs Original24NoBC_R16 g=100 seed=44 T=156.2s ETA=35.7min
[248/1100] Brandimarte/Mk08.fjs BasePaddedBC_R16 g=100 seed=42 T=161.7s ETA=36.0min
[249/1100] Brandimarte/Mk08.fjs BasePaddedBC_R16 g=100 seed=50 T=146.9s ETA=37.5min
[250/1100] Brandimarte/Mk08.fjs BasePaddedBC_R16 g=100 seed=51 T=145.3s ETA=37.5min
[251/1100] Brandimarte/Mk08.fjs BasePaddedNoBC_R16 g=100 seed=42 T=121.1s ETA=37.6min
[252/1100] Brandimarte/Mk08.fjs BasePaddedNoBC_R16 g=100 seed=48 T=122.2s ETA=38.9min
[253/1100] Brandimarte/Mk08.fjs BasePaddedNoBC_R16 g=100 seed=50 T=121.0s ETA=38.8min
[254/1100] Brandimarte/Mk08.fjs EnhancedBC_R16 g=100 seed=45 T=118.2s ETA=38.8min
[255/1100] Brandimarte/Mk08.fjs EnhancedNoBC_R16 g=100 seed=48 T=117.0s ETA=38.9min
[256/1100] Brandimarte/Mk08.fjs EnhancedBC_R16 g=100 seed=49 T=118.8s ETA=38.7min
[257/1100] Brandimarte/Mk08.fjs BasePaddedNoBC_R16 g=100 seed=47 T=136.3s ETA=38.5min
[258/1100] Brandimarte/Mk08.fjs EnhancedNoBC_R16 g=100 seed=43 T=119.2s ETA=38.3min
[259/1100] Brandimarte/Mk08.fjs EnhancedBC_R16 g=100 seed=50 T=119.8s ETA=38.2min
[260/1100] Brandimarte/Mk08.fjs EnhancedNoBC_R16 g=100 seed=42 T=119.9s ETA=38.0min
[261/1100] Brandimarte/Mk08.fjs EnhancedNoBC_R16 g=100 seed=46 T=119.3s ETA=37.8min
[262/1100] Brandimarte/Mk08.fjs BasePaddedNoBC_R16 g=100 seed=43 T=140.9s ETA=37.6min
[263/1100] Brandimarte/Mk08.fjs BasePaddedNoBC_R16 g=100 seed=44 T=139.6s ETA=37.5min
[264/1100] Brandimarte/Mk08.fjs BasePaddedNoBC_R16 g=100 seed=46 T=139.4s ETA=37.3min
[265/1100] Brandimarte/Mk08.fjs BasePaddedNoBC_R16 g=100 seed=45 T=140.5s ETA=37.2min
[266/1100] Brandimarte/Mk08.fjs EnhancedNoBC_R16 g=100 seed=49 T=119.4s ETA=37.1min
[267/1100] Brandimarte/Mk08.fjs BasePaddedNoBC_R16 g=100 seed=49 T=141.3s ETA=37.1min
[268/1100] Brandimarte/Mk08.fjs EnhancedBC_R16 g=100 seed=42 T=139.0s ETA=37.0min
[269/1100] Brandimarte/Mk08.fjs EnhancedBC_R16 g=100 seed=43 T=137.9s ETA=36.9min
[270/1100] Brandimarte/Mk08.fjs EnhancedBC_R16 g=100 seed=44 T=137.1s ETA=36.7min
[271/1100] Brandimarte/Mk08.fjs EnhancedBC_R16 g=100 seed=47 T=133.7s ETA=36.6min
[272/1100] Brandimarte/Mk08.fjs BasePaddedNoBC_R16 g=100 seed=51 T=141.6s ETA=36.4min
[273/1100] Brandimarte/Mk08.fjs EnhancedBC_R16 g=100 seed=48 T=132.8s ETA=36.2min
[274/1100] Brandimarte/Mk08.fjs EnhancedBC_R16 g=100 seed=51 T=136.2s ETA=36.3min
[275/1100] Brandimarte/Mk08.fjs EnhancedBC_R16 g=100 seed=46 T=141.7s ETA=36.2min
[276/1100] Brandimarte/Mk08.fjs EnhancedNoBC_R16 g=100 seed=44 T=138.3s ETA=36.1min
[277/1100] Brandimarte/Mk08.fjs EnhancedNoBC_R16 g=100 seed=45 T=139.7s ETA=35.9min
[278/1100] Brandimarte/Mk08.fjs EnhancedNoBC_R16 g=100 seed=50 T=137.6s ETA=35.9min
[279/1100] Brandimarte/Mk08.fjs EnhancedNoBC_R16 g=100 seed=47 T=143.0s ETA=35.8min
[280/1100] Brandimarte/Mk08.fjs EnhancedNoBC_R16 g=100 seed=51 T=136.4s ETA=36.4min
[281/1100] Brandimarte/Mk10.fjs UCBOnly g=100 seed=42 T=147.1s ETA=36.8min
[282/1100] Brandimarte/Mk10.fjs UCBOnly g=100 seed=46 T=144.4s ETA=36.7min
[283/1100] Brandimarte/Mk10.fjs UCBOnly g=100 seed=43 T=149.4s ETA=36.6min
[284/1100] Brandimarte/Mk10.fjs UCBOnly g=100 seed=44 T=150.2s ETA=36.5min
[285/1100] Brandimarte/Mk10.fjs UCBOnly g=100 seed=47 T=149.3s ETA=36.4min
[286/1100] Brandimarte/Mk10.fjs UCBOnly g=100 seed=45 T=150.0s ETA=36.3min
[287/1100] Brandimarte/Mk10.fjs UCBOnly g=100 seed=48 T=148.2s ETA=36.3min
[288/1100] Brandimarte/Mk10.fjs UCBOnly g=100 seed=49 T=155.6s ETA=36.8min
[289/1100] Brandimarte/Mk10.fjs Original24BC_R16 g=100 seed=42 T=127.4s ETA=37.2min
[290/1100] Brandimarte/Mk10.fjs UCBOnly g=100 seed=50 T=151.4s ETA=37.7min
[291/1100] Brandimarte/Mk10.fjs UCBOnly g=100 seed=51 T=151.2s ETA=37.7min
[292/1100] Brandimarte/Mk10.fjs Original24BC_R16 g=100 seed=43 T=128.4s ETA=37.9min
[293/1100] Brandimarte/Mk10.fjs Original24BC_R16 g=100 seed=44 T=126.6s ETA=37.8min
[294/1100] Brandimarte/Mk10.fjs Original24BC_R16 g=100 seed=45 T=129.8s ETA=37.9min
[295/1100] Brandimarte/Mk10.fjs Original24BC_R16 g=100 seed=49 T=127.7s ETA=37.9min
[296/1100] Brandimarte/Mk10.fjs Original24BC_R16 g=100 seed=46 T=129.7s ETA=37.7min
[297/1100] Brandimarte/Mk10.fjs Original24BC_R16 g=100 seed=47 T=129.4s ETA=37.6min
[298/1100] Brandimarte/Mk10.fjs Original24BC_R16 g=100 seed=50 T=128.6s ETA=37.4min
[299/1100] Brandimarte/Mk10.fjs Original24BC_R16 g=100 seed=51 T=128.9s ETA=37.3min
[300/1100] Brandimarte/Mk10.fjs Original24NoBC_R16 g=100 seed=42 T=128.9s ETA=37.1min
[301/1100] Brandimarte/Mk10.fjs Original24NoBC_R16 g=100 seed=47 T=128.1s ETA=37.0min
[302/1100] Brandimarte/Mk10.fjs Original24BC_R16 g=100 seed=48 T=151.7s ETA=37.7min
[303/1100] Brandimarte/Mk10.fjs Original24NoBC_R16 g=100 seed=45 T=154.0s ETA=37.8min
[304/1100] Brandimarte/Mk10.fjs Original24NoBC_R16 g=100 seed=44 T=155.4s ETA=37.6min
[305/1100] Brandimarte/Mk10.fjs Original24NoBC_R16 g=100 seed=43 T=155.9s ETA=37.4min
[306/1100] Brandimarte/Mk10.fjs Original24NoBC_R16 g=100 seed=46 T=160.2s ETA=37.5min
[307/1100] Brandimarte/Mk10.fjs Original24NoBC_R16 g=100 seed=48 T=154.9s ETA=37.4min
[308/1100] Brandimarte/Mk10.fjs Original24NoBC_R16 g=100 seed=49 T=154.1s ETA=37.3min
[309/1100] Brandimarte/Mk10.fjs Original24NoBC_R16 g=100 seed=51 T=155.0s ETA=37.2min
[310/1100] Brandimarte/Mk10.fjs Original24NoBC_R16 g=100 seed=50 T=156.8s ETA=37.1min
[311/1100] Brandimarte/Mk10.fjs BasePaddedBC_R16 g=100 seed=44 T=156.6s ETA=37.0min
[312/1100] Brandimarte/Mk10.fjs BasePaddedBC_R16 g=100 seed=42 T=158.2s ETA=36.9min
[313/1100] Brandimarte/Mk10.fjs BasePaddedBC_R16 g=100 seed=43 T=159.1s ETA=36.7min
[314/1100] Brandimarte/Mk10.fjs BasePaddedBC_R16 g=100 seed=45 T=159.3s ETA=36.8min
[315/1100] Brandimarte/Mk10.fjs BasePaddedBC_R16 g=100 seed=48 T=155.6s ETA=36.6min
[316/1100] Brandimarte/Mk10.fjs BasePaddedBC_R16 g=100 seed=46 T=158.8s ETA=36.5min
[317/1100] Brandimarte/Mk10.fjs BasePaddedBC_R16 g=100 seed=50 T=156.4s ETA=36.5min
[318/1100] Brandimarte/Mk10.fjs BasePaddedBC_R16 g=100 seed=49 T=158.7s ETA=36.3min
[319/1100] Brandimarte/Mk10.fjs BasePaddedBC_R16 g=100 seed=47 T=162.1s ETA=36.2min
[320/1100] Brandimarte/Mk10.fjs BasePaddedNoBC_R16 g=100 seed=43 T=132.7s ETA=36.2min
[321/1100] Brandimarte/Mk10.fjs BasePaddedBC_R16 g=100 seed=51 T=155.6s ETA=36.5min
[322/1100] Brandimarte/Mk10.fjs BasePaddedNoBC_R16 g=100 seed=42 T=152.9s ETA=36.7min
[323/1100] Brandimarte/Mk10.fjs BasePaddedNoBC_R16 g=100 seed=45 T=153.9s ETA=36.8min
[324/1100] Brandimarte/Mk10.fjs BasePaddedNoBC_R16 g=100 seed=44 T=156.4s ETA=36.6min
[325/1100] Brandimarte/Mk10.fjs BasePaddedNoBC_R16 g=100 seed=47 T=153.9s ETA=36.5min
[326/1100] Brandimarte/Mk10.fjs BasePaddedNoBC_R16 g=100 seed=46 T=157.1s ETA=36.5min
[327/1100] Brandimarte/Mk10.fjs BasePaddedNoBC_R16 g=100 seed=48 T=155.0s ETA=36.4min
[328/1100] Brandimarte/Mk10.fjs BasePaddedNoBC_R16 g=100 seed=50 T=131.4s ETA=36.3min
[329/1100] Hurink_edata/la01.fjs UCBOnly g=100 seed=42 T=57.0s ETA=36.4min
[330/1100] Hurink_edata/la01.fjs UCBOnly g=100 seed=43 T=57.1s ETA=36.3min
[331/1100] Hurink_edata/la01.fjs UCBOnly g=100 seed=44 T=56.9s ETA=36.2min
[332/1100] Brandimarte/Mk10.fjs BasePaddedNoBC_R16 g=100 seed=49 T=152.2s ETA=36.1min
[333/1100] Hurink_edata/la01.fjs UCBOnly g=100 seed=46 T=56.0s ETA=36.0min
[334/1100] Hurink_edata/la01.fjs UCBOnly g=100 seed=45 T=57.4s ETA=35.9min
[335/1100] Hurink_edata/la01.fjs UCBOnly g=100 seed=47 T=56.3s ETA=35.7min
[336/1100] Hurink_edata/la01.fjs UCBOnly g=100 seed=51 T=50.6s ETA=35.7min
[337/1100] Hurink_edata/la01.fjs UCBOnly g=100 seed=48 T=57.6s ETA=35.6min
[338/1100] Hurink_edata/la01.fjs UCBOnly g=100 seed=49 T=57.2s ETA=35.5min
[339/1100] Hurink_edata/la01.fjs UCBOnly g=100 seed=50 T=57.0s ETA=35.3min
[340/1100] Brandimarte/Mk10.fjs EnhancedBC_R16 g=100 seed=44 T=133.0s ETA=35.6min
[341/1100] Brandimarte/Mk10.fjs EnhancedBC_R16 g=100 seed=43 T=133.6s ETA=35.5min
[342/1100] Hurink_edata/la01.fjs Original24BC_R16 g=100 seed=42 T=56.3s ETA=35.4min
[343/1100] Brandimarte/Mk10.fjs EnhancedBC_R16 g=100 seed=45 T=134.1s ETA=35.4min
[344/1100] Brandimarte/Mk10.fjs BasePaddedNoBC_R16 g=100 seed=51 T=154.8s ETA=35.3min
[345/1100] Brandimarte/Mk10.fjs EnhancedBC_R16 g=100 seed=42 T=152.5s ETA=35.2min
[346/1100] Brandimarte/Mk10.fjs EnhancedBC_R16 g=100 seed=48 T=133.5s ETA=35.1min
[347/1100] Brandimarte/Mk10.fjs EnhancedBC_R16 g=100 seed=49 T=133.4s ETA=35.0min
[348/1100] Brandimarte/Mk10.fjs EnhancedBC_R16 g=100 seed=47 T=133.7s ETA=34.8min
[349/1100] Brandimarte/Mk10.fjs EnhancedBC_R16 g=100 seed=46 T=134.7s ETA=34.7min
[350/1100] Brandimarte/Mk10.fjs EnhancedBC_R16 g=100 seed=50 T=133.4s ETA=34.6min
[351/1100] Brandimarte/Mk10.fjs EnhancedBC_R16 g=100 seed=51 T=134.2s ETA=34.5min
[352/1100] Hurink_edata/la01.fjs Original24BC_R16 g=100 seed=43 T=58.5s ETA=34.4min
[353/1100] Brandimarte/Mk10.fjs EnhancedNoBC_R16 g=100 seed=42 T=134.2s ETA=34.3min
[354/1100] Hurink_edata/la01.fjs Original24BC_R16 g=100 seed=46 T=55.5s ETA=34.2min
[355/1100] Hurink_edata/la01.fjs Original24BC_R16 g=100 seed=49 T=49.4s ETA=34.1min
[356/1100] Hurink_edata/la01.fjs Original24BC_R16 g=100 seed=44 T=58.6s ETA=34.0min
[357/1100] Hurink_edata/la01.fjs Original24BC_R16 g=100 seed=45 T=58.7s ETA=33.9min
[358/1100] Hurink_edata/la01.fjs Original24BC_R16 g=100 seed=47 T=56.8s ETA=33.8min
[359/1100] Hurink_edata/la01.fjs Original24BC_R16 g=100 seed=48 T=56.9s ETA=33.7min
[360/1100] Hurink_edata/la01.fjs Original24BC_R16 g=100 seed=50 T=57.7s ETA=33.9min
[361/1100] Hurink_edata/la01.fjs Original24NoBC_R16 g=100 seed=42 T=57.7s ETA=33.8min
[362/1100] Hurink_edata/la01.fjs Original24BC_R16 g=100 seed=51 T=58.8s ETA=33.7min
[363/1100] Hurink_edata/la01.fjs Original24NoBC_R16 g=100 seed=47 T=48.9s ETA=33.6min
[364/1100] Hurink_edata/la01.fjs Original24NoBC_R16 g=100 seed=43 T=57.9s ETA=33.5min
[365/1100] Hurink_edata/la01.fjs Original24NoBC_R16 g=100 seed=46 T=57.7s ETA=33.4min
[366/1100] Hurink_edata/la01.fjs Original24NoBC_R16 g=100 seed=44 T=58.7s ETA=33.3min
[367/1100] Hurink_edata/la01.fjs Original24NoBC_R16 g=100 seed=45 T=58.9s ETA=33.2min
[368/1100] Hurink_edata/la01.fjs Original24NoBC_R16 g=100 seed=48 T=57.7s ETA=33.2min
[369/1100] Hurink_edata/la01.fjs Original24NoBC_R16 g=100 seed=50 T=58.0s ETA=33.1min
[370/1100] Hurink_edata/la01.fjs Original24NoBC_R16 g=100 seed=49 T=58.8s ETA=33.0min
[371/1100] Brandimarte/Mk10.fjs EnhancedNoBC_R16 g=100 seed=50 T=130.6s ETA=32.8min
[372/1100] Hurink_edata/la01.fjs BasePaddedBC_R16 g=100 seed=42 T=48.1s ETA=32.8min
[373/1100] Hurink_edata/la01.fjs Original24NoBC_R16 g=100 seed=51 T=49.7s ETA=32.7min
[374/1100] Brandimarte/Mk10.fjs EnhancedNoBC_R16 g=100 seed=43 T=152.1s ETA=32.6min
[375/1100] Brandimarte/Mk10.fjs EnhancedNoBC_R16 g=100 seed=45 T=151.5s ETA=32.6min
[376/1100] Hurink_edata/la01.fjs BasePaddedBC_R16 g=100 seed=44 T=50.5s ETA=32.5min
[377/1100] Brandimarte/Mk10.fjs EnhancedNoBC_R16 g=100 seed=44 T=152.1s ETA=32.4min
[378/1100] Brandimarte/Mk10.fjs EnhancedNoBC_R16 g=100 seed=46 T=152.6s ETA=32.3min
[379/1100] Hurink_edata/la01.fjs BasePaddedBC_R16 g=100 seed=48 T=48.1s ETA=32.2min
[380/1100] Hurink_edata/la01.fjs BasePaddedBC_R16 g=100 seed=43 T=59.1s ETA=32.1min
[381/1100] Hurink_edata/la01.fjs BasePaddedBC_R16 g=100 seed=49 T=49.6s ETA=32.0min
[382/1100] Hurink_edata/la01.fjs BasePaddedBC_R16 g=100 seed=47 T=49.9s ETA=31.9min
[383/1100] Hurink_edata/la01.fjs BasePaddedBC_R16 g=100 seed=50 T=50.4s ETA=31.8min
[384/1100] Hurink_edata/la01.fjs BasePaddedNoBC_R16 g=100 seed=42 T=49.3s ETA=31.6min
[385/1100] Hurink_edata/la01.fjs BasePaddedBC_R16 g=100 seed=51 T=50.7s ETA=31.5min
[386/1100] Brandimarte/Mk10.fjs EnhancedNoBC_R16 g=100 seed=48 T=149.4s ETA=31.4min
[387/1100] Brandimarte/Mk10.fjs EnhancedNoBC_R16 g=100 seed=49 T=150.7s ETA=31.3min
[388/1100] Brandimarte/Mk10.fjs EnhancedNoBC_R16 g=100 seed=47 T=153.8s ETA=31.2min
[389/1100] Hurink_edata/la01.fjs BasePaddedBC_R16 g=100 seed=45 T=58.4s ETA=31.1min
[390/1100] Hurink_edata/la01.fjs BasePaddedNoBC_R16 g=100 seed=44 T=51.2s ETA=31.0min
[391/1100] Hurink_edata/la01.fjs BasePaddedBC_R16 g=100 seed=46 T=58.6s ETA=30.9min
[392/1100] Hurink_edata/la01.fjs BasePaddedNoBC_R16 g=100 seed=46 T=49.3s ETA=30.8min
[393/1100] Brandimarte/Mk10.fjs EnhancedNoBC_R16 g=100 seed=51 T=152.7s ETA=30.7min
[394/1100] Hurink_edata/la01.fjs BasePaddedNoBC_R16 g=100 seed=43 T=59.0s ETA=30.7min
[395/1100] Hurink_edata/la01.fjs BasePaddedNoBC_R16 g=100 seed=47 T=57.6s ETA=30.7min
[396/1100] Hurink_edata/la01.fjs BasePaddedNoBC_R16 g=100 seed=45 T=59.0s ETA=30.6min
[397/1100] Hurink_edata/la01.fjs BasePaddedNoBC_R16 g=100 seed=49 T=58.8s ETA=30.6min
[398/1100] Hurink_edata/la01.fjs BasePaddedNoBC_R16 g=100 seed=48 T=60.6s ETA=30.5min
[399/1100] Hurink_edata/la01.fjs BasePaddedNoBC_R16 g=100 seed=50 T=58.1s ETA=30.4min
[400/1100] Hurink_edata/la01.fjs EnhancedBC_R16 g=100 seed=44 T=51.3s ETA=30.4min
[401/1100] Hurink_edata/la01.fjs EnhancedBC_R16 g=100 seed=42 T=57.7s ETA=30.5min
[402/1100] Hurink_edata/la01.fjs BasePaddedNoBC_R16 g=100 seed=51 T=60.2s ETA=30.4min
[403/1100] Hurink_edata/la01.fjs EnhancedBC_R16 g=100 seed=43 T=59.5s ETA=30.3min
[404/1100] Hurink_edata/la01.fjs EnhancedBC_R16 g=100 seed=45 T=58.3s ETA=30.2min
[405/1100] Hurink_edata/la01.fjs EnhancedNoBC_R16 g=100 seed=42 T=50.5s ETA=30.1min
[406/1100] Hurink_edata/la01.fjs EnhancedBC_R16 g=100 seed=48 T=58.7s ETA=30.1min
[407/1100] Hurink_edata/la01.fjs EnhancedBC_R16 g=100 seed=46 T=60.0s ETA=30.0min
[408/1100] Hurink_edata/la01.fjs EnhancedNoBC_R16 g=100 seed=43 T=51.5s ETA=29.9min
[409/1100] Hurink_edata/la01.fjs EnhancedBC_R16 g=100 seed=47 T=60.1s ETA=29.7min
[410/1100] Hurink_edata/la01.fjs EnhancedNoBC_R16 g=100 seed=44 T=51.5s ETA=29.7min
[411/1100] Hurink_edata/la01.fjs EnhancedBC_R16 g=100 seed=49 T=58.2s ETA=29.6min
[412/1100] Hurink_edata/la01.fjs EnhancedBC_R16 g=100 seed=50 T=59.0s ETA=29.5min
[413/1100] Hurink_edata/la01.fjs EnhancedBC_R16 g=100 seed=51 T=60.1s ETA=29.5min
[414/1100] Hurink_edata/la01.fjs EnhancedNoBC_R16 g=100 seed=47 T=51.3s ETA=29.4min
[415/1100] Hurink_edata/la01.fjs EnhancedNoBC_R16 g=100 seed=50 T=50.7s ETA=29.3min
[416/1100] Hurink_edata/la01.fjs EnhancedNoBC_R16 g=100 seed=45 T=57.7s ETA=29.2min
[417/1100] Hurink_edata/la01.fjs EnhancedNoBC_R16 g=100 seed=46 T=57.4s ETA=29.2min
[418/1100] Hurink_edata/la01.fjs EnhancedNoBC_R16 g=100 seed=48 T=58.5s ETA=29.2min
[419/1100] Hurink_edata/la01.fjs EnhancedNoBC_R16 g=100 seed=49 T=58.5s ETA=29.1min
[420/1100] Hurink_edata/la01.fjs EnhancedNoBC_R16 g=100 seed=51 T=61.8s ETA=29.1min
[421/1100] Hurink_edata/la10.fjs UCBOnly g=100 seed=42 T=62.3s ETA=29.0min
[422/1100] Hurink_edata/la10.fjs UCBOnly g=100 seed=46 T=63.1s ETA=29.0min
[423/1100] Hurink_edata/la10.fjs UCBOnly g=100 seed=43 T=64.5s ETA=28.9min
[424/1100] Hurink_edata/la10.fjs UCBOnly g=100 seed=44 T=63.8s ETA=28.7min
[425/1100] Hurink_edata/la10.fjs UCBOnly g=100 seed=45 T=64.5s ETA=28.7min
[426/1100] Hurink_edata/la10.fjs UCBOnly g=100 seed=51 T=64.1s ETA=28.7min
[427/1100] Hurink_edata/la10.fjs Original24BC_R16 g=100 seed=43 T=63.4s ETA=28.6min
[428/1100] Hurink_edata/la10.fjs UCBOnly g=100 seed=47 T=74.9s ETA=28.6min
[429/1100] Hurink_edata/la10.fjs UCBOnly g=100 seed=48 T=74.1s ETA=28.5min
[430/1100] Hurink_edata/la10.fjs UCBOnly g=100 seed=49 T=75.1s ETA=28.5min
[431/1100] Hurink_edata/la10.fjs Original24BC_R16 g=100 seed=42 T=73.4s ETA=28.4min
[432/1100] Hurink_edata/la10.fjs UCBOnly g=100 seed=50 T=76.9s ETA=28.3min
[433/1100] Hurink_edata/la10.fjs Original24BC_R16 g=100 seed=44 T=75.4s ETA=28.3min
[434/1100] Hurink_edata/la10.fjs Original24BC_R16 g=100 seed=51 T=62.5s ETA=28.3min
[435/1100] Hurink_edata/la10.fjs Original24BC_R16 g=100 seed=45 T=76.6s ETA=28.2min
[436/1100] Hurink_edata/la10.fjs Original24BC_R16 g=100 seed=47 T=72.8s ETA=28.1min
[437/1100] Hurink_edata/la10.fjs Original24BC_R16 g=100 seed=46 T=73.0s ETA=28.0min
[438/1100] Hurink_edata/la10.fjs Original24BC_R16 g=100 seed=49 T=73.1s ETA=28.0min
[439/1100] Hurink_edata/la10.fjs Original24BC_R16 g=100 seed=48 T=74.1s ETA=27.9min
[440/1100] Hurink_edata/la10.fjs Original24NoBC_R16 g=100 seed=46 T=61.4s ETA=27.9min
[441/1100] Hurink_edata/la10.fjs Original24BC_R16 g=100 seed=50 T=77.9s ETA=27.8min
[442/1100] Hurink_edata/la10.fjs Original24NoBC_R16 g=100 seed=49 T=61.9s ETA=27.7min
[443/1100] Hurink_edata/la10.fjs Original24NoBC_R16 g=100 seed=51 T=62.8s ETA=27.7min
[444/1100] Hurink_edata/la10.fjs Original24NoBC_R16 g=100 seed=42 T=71.9s ETA=27.6min
[445/1100] Hurink_edata/la10.fjs Original24NoBC_R16 g=100 seed=44 T=71.9s ETA=27.5min
[446/1100] Hurink_edata/la10.fjs Original24NoBC_R16 g=100 seed=43 T=75.7s ETA=27.5min
[447/1100] Hurink_edata/la10.fjs Original24NoBC_R16 g=100 seed=45 T=74.2s ETA=27.4min
[448/1100] Hurink_edata/la10.fjs BasePaddedBC_R16 g=100 seed=45 T=63.5s ETA=27.4min
[449/1100] Hurink_edata/la10.fjs BasePaddedBC_R16 g=100 seed=46 T=62.2s ETA=27.3min
[450/1100] Hurink_edata/la10.fjs Original24NoBC_R16 g=100 seed=48 T=73.1s ETA=27.2min
[451/1100] Hurink_edata/la10.fjs Original24NoBC_R16 g=100 seed=47 T=73.8s ETA=27.1min
[452/1100] Hurink_edata/la10.fjs BasePaddedBC_R16 g=100 seed=42 T=71.6s ETA=27.0min
[453/1100] Hurink_edata/la10.fjs Original24NoBC_R16 g=100 seed=50 T=75.3s ETA=26.9min
[454/1100] Hurink_edata/la10.fjs BasePaddedBC_R16 g=100 seed=43 T=74.5s ETA=26.9min
[455/1100] Hurink_edata/la10.fjs BasePaddedBC_R16 g=100 seed=44 T=74.0s ETA=26.9min
[456/1100] Hurink_edata/la10.fjs BasePaddedBC_R16 g=100 seed=47 T=72.3s ETA=26.8min
[457/1100] Hurink_edata/la10.fjs BasePaddedNoBC_R16 g=100 seed=42 T=61.1s ETA=26.7min
[458/1100] Hurink_edata/la10.fjs BasePaddedBC_R16 g=100 seed=48 T=73.4s ETA=26.7min
[459/1100] Hurink_edata/la10.fjs BasePaddedNoBC_R16 g=100 seed=45 T=62.9s ETA=26.6min
[460/1100] Hurink_edata/la10.fjs BasePaddedNoBC_R16 g=100 seed=44 T=63.1s ETA=26.5min
[461/1100] Hurink_edata/la10.fjs BasePaddedBC_R16 g=100 seed=49 T=72.9s ETA=26.5min
[462/1100] Hurink_edata/la10.fjs BasePaddedNoBC_R16 g=100 seed=46 T=62.2s ETA=26.4min
[463/1100] Hurink_edata/la10.fjs BasePaddedNoBC_R16 g=100 seed=43 T=63.8s ETA=26.3min
[464/1100] Hurink_edata/la10.fjs BasePaddedBC_R16 g=100 seed=50 T=74.1s ETA=26.2min
[465/1100] Hurink_edata/la10.fjs BasePaddedNoBC_R16 g=100 seed=47 T=63.1s ETA=26.2min
[466/1100] Hurink_edata/la10.fjs BasePaddedNoBC_R16 g=100 seed=48 T=63.6s ETA=26.1min
[467/1100] Hurink_edata/la10.fjs BasePaddedBC_R16 g=100 seed=51 T=73.7s ETA=26.0min
[468/1100] Hurink_edata/la10.fjs BasePaddedNoBC_R16 g=100 seed=49 T=73.0s ETA=26.3min
[469/1100] Hurink_edata/la10.fjs BasePaddedNoBC_R16 g=100 seed=50 T=74.0s ETA=26.2min
[470/1100] Hurink_edata/la10.fjs EnhancedBC_R16 g=100 seed=45 T=63.7s ETA=26.1min
[471/1100] Hurink_edata/la10.fjs BasePaddedNoBC_R16 g=100 seed=51 T=73.2s ETA=26.0min
[472/1100] Hurink_edata/la10.fjs EnhancedBC_R16 g=100 seed=42 T=72.5s ETA=25.9min
[473/1100] Hurink_edata/la10.fjs EnhancedBC_R16 g=100 seed=43 T=73.8s ETA=25.9min
[474/1100] Hurink_edata/la10.fjs EnhancedBC_R16 g=100 seed=44 T=73.6s ETA=25.9min
[475/1100] Hurink_edata/la10.fjs EnhancedBC_R16 g=100 seed=51 T=63.7s ETA=25.8min
[476/1100] Hurink_edata/la10.fjs EnhancedBC_R16 g=100 seed=47 T=72.8s ETA=25.8min
[477/1100] Hurink_edata/la10.fjs EnhancedBC_R16 g=100 seed=46 T=73.0s ETA=25.7min
[478/1100] Hurink_edata/la10.fjs EnhancedBC_R16 g=100 seed=48 T=73.4s ETA=25.6min
[479/1100] Hurink_edata/la10.fjs EnhancedNoBC_R16 g=100 seed=43 T=64.7s ETA=25.6min
[480/1100] Hurink_edata/la10.fjs EnhancedNoBC_R16 g=100 seed=44 T=63.5s ETA=25.5min
[481/1100] Hurink_edata/la10.fjs EnhancedBC_R16 g=100 seed=50 T=73.6s ETA=25.4min
[482/1100] Hurink_edata/la10.fjs EnhancedBC_R16 g=100 seed=49 T=74.8s ETA=25.3min
[483/1100] Hurink_edata/la10.fjs EnhancedNoBC_R16 g=100 seed=42 T=73.3s ETA=25.3min
[484/1100] Hurink_edata/la10.fjs EnhancedNoBC_R16 g=100 seed=49 T=63.1s ETA=25.3min
[485/1100] Hurink_edata/la10.fjs EnhancedNoBC_R16 g=100 seed=50 T=64.0s ETA=25.2min
[486/1100] Hurink_edata/la10.fjs EnhancedNoBC_R16 g=100 seed=45 T=74.3s ETA=25.2min
[487/1100] Hurink_edata/la10.fjs EnhancedNoBC_R16 g=100 seed=46 T=72.7s ETA=25.1min
[488/1100] Hurink_edata/la10.fjs EnhancedNoBC_R16 g=100 seed=48 T=74.5s ETA=25.1min
[489/1100] Hurink_edata/la10.fjs EnhancedNoBC_R16 g=100 seed=47 T=75.7s ETA=25.0min
[490/1100] Hurink_edata/la10.fjs EnhancedNoBC_R16 g=100 seed=51 T=72.4s ETA=24.9min
[491/1100] Hurink_edata/la20.fjs UCBOnly g=100 seed=42 T=82.8s ETA=25.1min
[492/1100] Hurink_edata/la20.fjs UCBOnly g=100 seed=48 T=72.6s ETA=25.0min
[493/1100] Hurink_edata/la20.fjs UCBOnly g=100 seed=43 T=83.4s ETA=24.9min
[494/1100] Hurink_edata/la20.fjs UCBOnly g=100 seed=50 T=70.3s ETA=24.8min
[495/1100] Hurink_edata/la20.fjs UCBOnly g=100 seed=44 T=84.0s ETA=24.8min
[496/1100] Hurink_edata/la20.fjs UCBOnly g=100 seed=51 T=71.8s ETA=24.7min
[497/1100] Hurink_edata/la20.fjs Original24BC_R16 g=100 seed=44 T=71.9s ETA=24.6min
[498/1100] Hurink_edata/la20.fjs UCBOnly g=100 seed=45 T=82.7s ETA=24.5min
[499/1100] Hurink_edata/la20.fjs Original24BC_R16 g=100 seed=43 T=73.1s ETA=24.5min
[500/1100] Hurink_edata/la20.fjs UCBOnly g=100 seed=46 T=82.9s ETA=24.4min
[501/1100] Hurink_edata/la20.fjs Original24BC_R16 g=100 seed=46 T=71.6s ETA=24.3min
[502/1100] Hurink_edata/la20.fjs UCBOnly g=100 seed=47 T=83.1s ETA=24.3min
[503/1100] Hurink_edata/la20.fjs Original24BC_R16 g=100 seed=47 T=70.6s ETA=24.2min
[504/1100] Hurink_edata/la20.fjs Original24BC_R16 g=100 seed=42 T=81.7s ETA=24.2min
[505/1100] Hurink_edata/la20.fjs UCBOnly g=100 seed=49 T=84.0s ETA=24.1min
[506/1100] Hurink_edata/la20.fjs Original24BC_R16 g=100 seed=45 T=85.4s ETA=24.1min
[507/1100] Hurink_edata/la20.fjs Original24BC_R16 g=100 seed=48 T=84.4s ETA=24.1min
[508/1100] Hurink_edata/la20.fjs Original24BC_R16 g=100 seed=51 T=72.5s ETA=24.1min
[509/1100] Hurink_edata/la20.fjs Original24BC_R16 g=100 seed=49 T=83.1s ETA=24.2min
[510/1100] Hurink_edata/la20.fjs Original24NoBC_R16 g=100 seed=46 T=71.8s ETA=24.1min
[511/1100] Hurink_edata/la20.fjs Original24BC_R16 g=100 seed=50 T=83.2s ETA=24.0min
[512/1100] Hurink_edata/la20.fjs Original24NoBC_R16 g=100 seed=42 T=83.2s ETA=24.0min
[513/1100] Hurink_edata/la20.fjs Original24NoBC_R16 g=100 seed=43 T=83.4s ETA=23.9min
[514/1100] Hurink_edata/la20.fjs Original24NoBC_R16 g=100 seed=50 T=72.0s ETA=23.8min
[515/1100] Hurink_edata/la20.fjs Original24NoBC_R16 g=100 seed=44 T=82.0s ETA=23.8min
[516/1100] Hurink_edata/la20.fjs Original24NoBC_R16 g=100 seed=51 T=71.8s ETA=23.7min
[517/1100] Hurink_edata/la20.fjs Original24NoBC_R16 g=100 seed=45 T=83.6s ETA=23.6min
[518/1100] Hurink_edata/la20.fjs Original24NoBC_R16 g=100 seed=47 T=81.6s ETA=23.6min
[519/1100] Hurink_edata/la20.fjs Original24NoBC_R16 g=100 seed=49 T=83.1s ETA=23.6min
[520/1100] Hurink_edata/la20.fjs Original24NoBC_R16 g=100 seed=48 T=85.2s ETA=23.5min
[521/1100] Hurink_edata/la20.fjs BasePaddedBC_R16 g=100 seed=46 T=71.9s ETA=23.4min
[522/1100] Hurink_edata/la20.fjs BasePaddedBC_R16 g=100 seed=45 T=73.4s ETA=23.3min
[523/1100] Hurink_edata/la20.fjs BasePaddedBC_R16 g=100 seed=42 T=82.1s ETA=23.3min
[524/1100] Hurink_edata/la20.fjs BasePaddedBC_R16 g=100 seed=43 T=84.7s ETA=23.3min
[525/1100] Hurink_edata/la20.fjs BasePaddedBC_R16 g=100 seed=44 T=82.1s ETA=23.2min
[526/1100] Hurink_edata/la20.fjs BasePaddedBC_R16 g=100 seed=47 T=84.1s ETA=23.3min
[527/1100] Hurink_edata/la20.fjs BasePaddedBC_R16 g=100 seed=48 T=84.2s ETA=23.2min
[528/1100] Hurink_edata/la20.fjs BasePaddedBC_R16 g=100 seed=49 T=82.7s ETA=23.2min
[529/1100] Hurink_edata/la20.fjs BasePaddedBC_R16 g=100 seed=51 T=82.5s ETA=23.1min
[530/1100] Hurink_edata/la20.fjs BasePaddedBC_R16 g=100 seed=50 T=84.4s ETA=23.0min
[531/1100] Hurink_edata/la20.fjs BasePaddedNoBC_R16 g=100 seed=43 T=73.3s ETA=23.0min
[532/1100] Hurink_edata/la20.fjs BasePaddedNoBC_R16 g=100 seed=45 T=72.4s ETA=22.9min
[533/1100] Hurink_edata/la20.fjs BasePaddedNoBC_R16 g=100 seed=47 T=72.6s ETA=22.9min
[534/1100] Hurink_edata/la20.fjs BasePaddedNoBC_R16 g=100 seed=50 T=71.4s ETA=22.8min
[535/1100] Hurink_edata/la20.fjs BasePaddedNoBC_R16 g=100 seed=48 T=73.2s ETA=22.7min
[536/1100] Hurink_edata/la20.fjs EnhancedBC_R16 g=100 seed=42 T=72.2s ETA=22.7min
[537/1100] Hurink_edata/la20.fjs BasePaddedNoBC_R16 g=100 seed=42 T=82.6s ETA=22.6min
[538/1100] Hurink_edata/la20.fjs EnhancedBC_R16 g=100 seed=44 T=72.9s ETA=22.6min
[539/1100] Hurink_edata/la20.fjs BasePaddedNoBC_R16 g=100 seed=44 T=83.7s ETA=22.5min
[540/1100] Hurink_edata/la20.fjs BasePaddedNoBC_R16 g=100 seed=46 T=82.6s ETA=22.4min
[541/1100] Hurink_edata/la20.fjs BasePaddedNoBC_R16 g=100 seed=49 T=82.6s ETA=22.4min
[542/1100] Hurink_edata/la20.fjs BasePaddedNoBC_R16 g=100 seed=51 T=81.7s ETA=22.3min
[543/1100] Hurink_edata/la20.fjs EnhancedBC_R16 g=100 seed=43 T=83.7s ETA=22.3min
[544/1100] Hurink_edata/la20.fjs EnhancedBC_R16 g=100 seed=45 T=82.5s ETA=22.3min
[545/1100] Hurink_edata/la20.fjs EnhancedBC_R16 g=100 seed=46 T=83.0s ETA=22.3min
[546/1100] Hurink_edata/la20.fjs EnhancedBC_R16 g=100 seed=49 T=72.1s ETA=22.2min
[547/1100] Hurink_edata/la20.fjs EnhancedBC_R16 g=100 seed=47 T=82.2s ETA=22.2min
[548/1100] Hurink_edata/la20.fjs EnhancedBC_R16 g=100 seed=51 T=70.8s ETA=22.2min
[549/1100] Hurink_edata/la20.fjs EnhancedBC_R16 g=100 seed=48 T=84.9s ETA=22.1min
[550/1100] Hurink_edata/la20.fjs EnhancedNoBC_R16 g=100 seed=47 T=70.9s ETA=22.1min
[551/1100] Hurink_edata/la20.fjs EnhancedNoBC_R16 g=100 seed=45 T=72.2s ETA=22.0min
[552/1100] Hurink_edata/la20.fjs EnhancedBC_R16 g=100 seed=50 T=84.3s ETA=22.1min
[553/1100] Hurink_edata/la20.fjs EnhancedNoBC_R16 g=100 seed=42 T=82.7s ETA=22.0min
[554/1100] Hurink_edata/la20.fjs EnhancedNoBC_R16 g=100 seed=44 T=83.6s ETA=22.0min
[555/1100] Hurink_edata/la20.fjs EnhancedNoBC_R16 g=100 seed=43 T=84.8s ETA=21.9min
[556/1100] Hurink_edata/la20.fjs EnhancedNoBC_R16 g=100 seed=46 T=82.9s ETA=21.8min
[557/1100] Hurink_edata/la20.fjs EnhancedNoBC_R16 g=100 seed=48 T=84.2s ETA=21.8min
[558/1100] Hurink_edata/la20.fjs EnhancedNoBC_R16 g=100 seed=49 T=83.4s ETA=21.8min
[559/1100] Hurink_edata/la20.fjs EnhancedNoBC_R16 g=100 seed=50 T=81.9s ETA=21.7min
[560/1100] Hurink_edata/la20.fjs EnhancedNoBC_R16 g=100 seed=51 T=82.9s ETA=21.6min
[561/1100] Hurink_edata/la30.fjs UCBOnly g=100 seed=42 T=112.7s ETA=22.0min
[562/1100] Hurink_edata/la30.fjs UCBOnly g=100 seed=43 T=112.7s ETA=22.0min
[563/1100] Hurink_edata/la30.fjs UCBOnly g=100 seed=44 T=129.0s ETA=22.2min
[564/1100] Hurink_edata/la30.fjs Original24BC_R16 g=100 seed=42 T=112.3s ETA=22.2min
[565/1100] Hurink_edata/la30.fjs UCBOnly g=100 seed=45 T=130.3s ETA=22.1min
[566/1100] Hurink_edata/la30.fjs UCBOnly g=100 seed=46 T=128.6s ETA=22.0min
[567/1100] Hurink_edata/la30.fjs Original24BC_R16 g=100 seed=43 T=115.0s ETA=22.0min
[568/1100] Hurink_edata/la30.fjs Original24BC_R16 g=100 seed=45 T=113.1s ETA=21.9min
[569/1100] Hurink_edata/la30.fjs Original24BC_R16 g=100 seed=44 T=114.4s ETA=21.8min
[570/1100] Hurink_edata/la30.fjs Original24BC_R16 g=100 seed=46 T=114.1s ETA=21.8min
[571/1100] Hurink_edata/la30.fjs Original24BC_R16 g=100 seed=47 T=112.4s ETA=21.7min
[572/1100] Hurink_edata/la30.fjs UCBOnly g=100 seed=48 T=127.9s ETA=21.7min
[573/1100] Hurink_edata/la30.fjs UCBOnly g=100 seed=47 T=128.9s ETA=21.6min
[574/1100] Hurink_edata/la30.fjs Original24BC_R16 g=100 seed=49 T=113.7s ETA=21.5min
[575/1100] Hurink_edata/la30.fjs UCBOnly g=100 seed=49 T=129.0s ETA=21.5min
[576/1100] Hurink_edata/la30.fjs UCBOnly g=100 seed=51 T=127.4s ETA=21.4min
[577/1100] Hurink_edata/la30.fjs UCBOnly g=100 seed=50 T=128.6s ETA=21.3min
[578/1100] Hurink_edata/la30.fjs Original24BC_R16 g=100 seed=48 T=129.0s ETA=21.4min
[579/1100] Hurink_edata/la30.fjs Original24BC_R16 g=100 seed=51 T=128.7s ETA=21.4min
[580/1100] Hurink_edata/la30.fjs Original24NoBC_R16 g=100 seed=47 T=113.8s ETA=21.3min
[581/1100] Hurink_edata/la30.fjs Original24BC_R16 g=100 seed=50 T=130.4s ETA=21.3min
[582/1100] Hurink_edata/la30.fjs Original24NoBC_R16 g=100 seed=42 T=128.4s ETA=21.2min
[583/1100] Hurink_edata/la30.fjs Original24NoBC_R16 g=100 seed=43 T=129.3s ETA=21.1min
[584/1100] Hurink_edata/la30.fjs Original24NoBC_R16 g=100 seed=49 T=113.1s ETA=21.1min
[585/1100] Hurink_edata/la30.fjs Original24NoBC_R16 g=100 seed=44 T=128.4s ETA=21.0min
[586/1100] Hurink_edata/la30.fjs Original24NoBC_R16 g=100 seed=46 T=127.5s ETA=21.0min
[587/1100] Hurink_edata/la30.fjs Original24NoBC_R16 g=100 seed=45 T=129.3s ETA=21.0min
[588/1100] Hurink_edata/la30.fjs BasePaddedBC_R16 g=100 seed=42 T=112.2s ETA=20.9min
[589/1100] Hurink_edata/la30.fjs Original24NoBC_R16 g=100 seed=51 T=113.0s ETA=20.8min
[590/1100] Hurink_edata/la30.fjs Original24NoBC_R16 g=100 seed=48 T=129.8s ETA=20.8min
[591/1100] Hurink_edata/la30.fjs Original24NoBC_R16 g=100 seed=50 T=129.9s ETA=20.8min
[592/1100] Hurink_edata/la30.fjs BasePaddedBC_R16 g=100 seed=43 T=129.6s ETA=20.9min
[593/1100] Hurink_edata/la30.fjs BasePaddedBC_R16 g=100 seed=44 T=130.9s ETA=20.9min
[594/1100] Hurink_edata/la30.fjs BasePaddedBC_R16 g=100 seed=45 T=128.0s ETA=20.8min
[595/1100] Hurink_edata/la30.fjs BasePaddedBC_R16 g=100 seed=47 T=127.7s ETA=20.7min
[596/1100] Hurink_edata/la30.fjs BasePaddedBC_R16 g=100 seed=46 T=131.7s ETA=20.7min
[597/1100] Hurink_edata/la30.fjs BasePaddedBC_R16 g=100 seed=48 T=128.7s ETA=20.7min
[598/1100] Hurink_edata/la30.fjs BasePaddedBC_R16 g=100 seed=49 T=129.5s ETA=20.6min
[599/1100] Hurink_edata/la30.fjs BasePaddedBC_R16 g=100 seed=51 T=127.4s ETA=20.6min
[600/1100] Hurink_edata/la30.fjs BasePaddedBC_R16 g=100 seed=50 T=130.2s ETA=20.5min
[601/1100] Hurink_edata/la30.fjs BasePaddedNoBC_R16 g=100 seed=42 T=112.3s ETA=20.6min
[602/1100] Hurink_edata/la30.fjs BasePaddedNoBC_R16 g=100 seed=43 T=113.3s ETA=20.6min
[603/1100] Hurink_edata/la30.fjs BasePaddedNoBC_R16 g=100 seed=45 T=112.7s ETA=20.8min
[604/1100] Hurink_edata/la30.fjs BasePaddedNoBC_R16 g=100 seed=48 T=111.1s ETA=20.7min
[605/1100] Hurink_edata/la30.fjs BasePaddedNoBC_R16 g=100 seed=49 T=112.0s ETA=20.7min
[606/1100] Hurink_edata/la30.fjs BasePaddedNoBC_R16 g=100 seed=51 T=111.6s ETA=20.6min
[607/1100] Hurink_edata/la30.fjs BasePaddedNoBC_R16 g=100 seed=50 T=113.5s ETA=20.5min
[608/1100] Hurink_edata/la30.fjs EnhancedBC_R16 g=100 seed=42 T=113.2s ETA=20.5min
[609/1100] Hurink_edata/la30.fjs EnhancedBC_R16 g=100 seed=45 T=113.1s ETA=20.5min
[610/1100] Hurink_edata/la30.fjs BasePaddedNoBC_R16 g=100 seed=44 T=128.7s ETA=20.4min
[611/1100] Hurink_edata/la30.fjs BasePaddedNoBC_R16 g=100 seed=46 T=128.6s ETA=20.4min
[612/1100] Hurink_edata/la30.fjs BasePaddedNoBC_R16 g=100 seed=47 T=129.2s ETA=20.3min
[613/1100] Hurink_edata/la30.fjs EnhancedBC_R16 g=100 seed=44 T=128.4s ETA=20.3min
[614/1100] Hurink_edata/la30.fjs EnhancedBC_R16 g=100 seed=43 T=131.1s ETA=20.3min
[615/1100] Hurink_edata/la30.fjs EnhancedBC_R16 g=100 seed=48 T=126.8s ETA=20.2min
[616/1100] Hurink_edata/la30.fjs EnhancedBC_R16 g=100 seed=47 T=127.1s ETA=20.2min
[617/1100] Hurink_edata/la30.fjs EnhancedBC_R16 g=100 seed=51 T=112.8s ETA=20.1min
[618/1100] Hurink_edata/la30.fjs EnhancedBC_R16 g=100 seed=46 T=128.2s ETA=20.0min
[619/1100] Hurink_edata/la30.fjs EnhancedNoBC_R16 g=100 seed=45 T=111.7s ETA=20.0min
[620/1100] Hurink_edata/la30.fjs EnhancedBC_R16 g=100 seed=49 T=127.3s ETA=20.0min
[621/1100] Hurink_edata/la30.fjs EnhancedNoBC_R16 g=100 seed=49 T=114.0s ETA=20.0min
[622/1100] Hurink_edata/la30.fjs EnhancedNoBC_R16 g=100 seed=42 T=124.5s ETA=19.9min
[623/1100] Hurink_edata/la30.fjs EnhancedNoBC_R16 g=100 seed=50 T=113.9s ETA=19.8min
[624/1100] Hurink_edata/la30.fjs EnhancedBC_R16 g=100 seed=50 T=126.7s ETA=19.8min
[625/1100] Hurink_edata/la30.fjs EnhancedNoBC_R16 g=100 seed=43 T=127.4s ETA=19.7min
[626/1100] Hurink_edata/la30.fjs EnhancedNoBC_R16 g=100 seed=44 T=126.2s ETA=19.6min
[627/1100] Hurink_edata/la30.fjs EnhancedNoBC_R16 g=100 seed=46 T=123.8s ETA=19.6min
[628/1100] Hurink_edata/la30.fjs EnhancedNoBC_R16 g=100 seed=47 T=126.3s ETA=19.6min
[629/1100] Hurink_edata/la30.fjs EnhancedNoBC_R16 g=100 seed=48 T=127.1s ETA=19.5min
[630/1100] Hurink_edata/la30.fjs EnhancedNoBC_R16 g=100 seed=51 T=125.5s ETA=19.5min
[631/1100] Hurink_edata/la40.fjs UCBOnly g=100 seed=42 T=137.2s ETA=19.7min
[632/1100] Hurink_edata/la40.fjs UCBOnly g=100 seed=46 T=134.1s ETA=19.7min
[633/1100] Hurink_edata/la40.fjs UCBOnly g=100 seed=44 T=135.8s ETA=19.7min
[634/1100] Hurink_edata/la40.fjs UCBOnly g=100 seed=43 T=138.3s ETA=19.6min
[635/1100] Hurink_edata/la40.fjs UCBOnly g=100 seed=45 T=137.6s ETA=19.6min
[636/1100] Hurink_edata/la40.fjs UCBOnly g=100 seed=47 T=135.6s ETA=19.5min
[637/1100] Hurink_edata/la40.fjs UCBOnly g=100 seed=48 T=138.6s ETA=19.5min
[638/1100] Hurink_edata/la40.fjs UCBOnly g=100 seed=51 T=136.2s ETA=19.4min
[639/1100] Hurink_edata/la40.fjs UCBOnly g=100 seed=49 T=139.2s ETA=19.4min
[640/1100] Hurink_edata/la40.fjs UCBOnly g=100 seed=50 T=138.6s ETA=19.3min
[641/1100] Hurink_edata/la40.fjs Original24BC_R16 g=100 seed=42 T=131.5s ETA=19.3min
[642/1100] Hurink_edata/la40.fjs Original24BC_R16 g=100 seed=43 T=132.1s ETA=19.3min
[643/1100] Hurink_edata/la40.fjs Original24BC_R16 g=100 seed=44 T=134.6s ETA=19.5min
[644/1100] Hurink_edata/la40.fjs Original24BC_R16 g=100 seed=46 T=134.0s ETA=19.5min
[645/1100] Hurink_edata/la40.fjs Original24BC_R16 g=100 seed=45 T=136.2s ETA=19.4min
[646/1100] Hurink_edata/la40.fjs Original24BC_R16 g=100 seed=47 T=135.7s ETA=19.3min
[647/1100] Hurink_edata/la40.fjs Original24BC_R16 g=100 seed=48 T=136.4s ETA=19.3min
[648/1100] Hurink_edata/la40.fjs Original24BC_R16 g=100 seed=49 T=135.9s ETA=19.2min
[649/1100] Hurink_edata/la40.fjs Original24BC_R16 g=100 seed=50 T=138.3s ETA=19.2min
[650/1100] Hurink_edata/la40.fjs Original24BC_R16 g=100 seed=51 T=136.4s ETA=19.2min
[651/1100] Hurink_edata/la40.fjs Original24NoBC_R16 g=100 seed=42 T=135.1s ETA=19.1min
[652/1100] Hurink_edata/la40.fjs Original24NoBC_R16 g=100 seed=43 T=137.9s ETA=19.1min
[653/1100] Hurink_edata/la40.fjs Original24NoBC_R16 g=100 seed=44 T=135.0s ETA=19.1min
[654/1100] Hurink_edata/la40.fjs Original24NoBC_R16 g=100 seed=47 T=133.3s ETA=19.0min
[655/1100] Hurink_edata/la40.fjs Original24NoBC_R16 g=100 seed=46 T=134.4s ETA=19.0min
[656/1100] Hurink_edata/la40.fjs Original24NoBC_R16 g=100 seed=45 T=135.7s ETA=18.9min
[657/1100] Hurink_edata/la40.fjs Original24NoBC_R16 g=100 seed=49 T=135.0s ETA=18.8min
[658/1100] Hurink_edata/la40.fjs Original24NoBC_R16 g=100 seed=48 T=138.8s ETA=18.8min
[659/1100] Hurink_edata/la40.fjs Original24NoBC_R16 g=100 seed=50 T=138.1s ETA=18.8min
[660/1100] Hurink_edata/la40.fjs Original24NoBC_R16 g=100 seed=51 T=137.2s ETA=18.8min
[661/1100] Hurink_edata/la40.fjs BasePaddedBC_R16 g=100 seed=45 T=136.0s ETA=18.7min
[662/1100] Hurink_edata/la40.fjs BasePaddedBC_R16 g=100 seed=43 T=137.5s ETA=18.6min
[663/1100] Hurink_edata/la40.fjs BasePaddedBC_R16 g=100 seed=44 T=137.7s ETA=18.6min
[664/1100] Hurink_edata/la40.fjs BasePaddedBC_R16 g=100 seed=46 T=135.0s ETA=18.5min
[665/1100] Hurink_edata/la40.fjs BasePaddedBC_R16 g=100 seed=42 T=138.2s ETA=18.4min
[666/1100] Hurink_edata/la40.fjs BasePaddedBC_R16 g=100 seed=47 T=135.4s ETA=18.4min
[667/1100] Hurink_edata/la40.fjs BasePaddedBC_R16 g=100 seed=48 T=136.4s ETA=18.3min
[668/1100] Hurink_edata/la40.fjs BasePaddedBC_R16 g=100 seed=49 T=136.6s ETA=18.3min
[669/1100] Hurink_edata/la40.fjs BasePaddedBC_R16 g=100 seed=50 T=138.6s ETA=18.3min
[670/1100] Hurink_edata/la40.fjs BasePaddedBC_R16 g=100 seed=51 T=138.4s ETA=18.3min
[671/1100] Hurink_edata/la40.fjs BasePaddedNoBC_R16 g=100 seed=42 T=134.0s ETA=18.4min
[672/1100] Hurink_edata/la40.fjs BasePaddedNoBC_R16 g=100 seed=43 T=134.4s ETA=18.4min
[673/1100] Hurink_edata/la40.fjs BasePaddedNoBC_R16 g=100 seed=44 T=134.9s ETA=18.4min
[674/1100] Hurink_edata/la40.fjs BasePaddedNoBC_R16 g=100 seed=46 T=133.1s ETA=18.3min
[675/1100] Hurink_edata/la40.fjs BasePaddedNoBC_R16 g=100 seed=47 T=132.7s ETA=18.2min
[676/1100] Hurink_edata/la40.fjs BasePaddedNoBC_R16 g=100 seed=45 T=136.4s ETA=18.2min
[677/1100] Hurink_edata/la40.fjs BasePaddedNoBC_R16 g=100 seed=49 T=131.9s ETA=18.2min
[678/1100] Hurink_edata/la40.fjs BasePaddedNoBC_R16 g=100 seed=48 T=134.8s ETA=18.1min
[679/1100] Hurink_edata/la40.fjs BasePaddedNoBC_R16 g=100 seed=50 T=134.9s ETA=18.1min
[680/1100] Hurink_edata/la40.fjs BasePaddedNoBC_R16 g=100 seed=51 T=134.4s ETA=18.0min
[681/1100] Hurink_edata/la40.fjs EnhancedBC_R16 g=100 seed=42 T=134.4s ETA=18.0min
[682/1100] Hurink_edata/la40.fjs EnhancedBC_R16 g=100 seed=43 T=135.1s ETA=18.0min
[683/1100] Hurink_edata/la40.fjs EnhancedBC_R16 g=100 seed=44 T=137.0s ETA=18.1min
[684/1100] Hurink_edata/la40.fjs EnhancedBC_R16 g=100 seed=46 T=135.8s ETA=18.1min
[685/1100] Hurink_edata/la40.fjs EnhancedBC_R16 g=100 seed=45 T=136.9s ETA=18.0min
[686/1100] Hurink_edata/la40.fjs EnhancedBC_R16 g=100 seed=47 T=136.2s ETA=18.0min
[687/1100] Hurink_edata/la40.fjs EnhancedBC_R16 g=100 seed=48 T=136.4s ETA=17.9min
[688/1100] Hurink_edata/la40.fjs EnhancedBC_R16 g=100 seed=51 T=130.1s ETA=17.9min
[689/1100] Hurink_edata/la40.fjs EnhancedBC_R16 g=100 seed=49 T=136.3s ETA=17.8min
[690/1100] Hurink_edata/la40.fjs EnhancedNoBC_R16 g=100 seed=42 T=128.4s ETA=17.8min
[691/1100] Hurink_edata/la40.fjs EnhancedNoBC_R16 g=100 seed=43 T=130.4s ETA=17.7min
[692/1100] Hurink_edata/la40.fjs EnhancedBC_R16 g=100 seed=50 T=140.1s ETA=17.7min
[693/1100] Hurink_edata/la40.fjs EnhancedNoBC_R16 g=100 seed=45 T=128.0s ETA=17.6min
[694/1100] Hurink_edata/la40.fjs EnhancedNoBC_R16 g=100 seed=44 T=129.7s ETA=17.6min
[695/1100] Hurink_edata/la40.fjs EnhancedNoBC_R16 g=100 seed=47 T=127.0s ETA=17.5min
[696/1100] Hurink_edata/la40.fjs EnhancedNoBC_R16 g=100 seed=46 T=128.1s ETA=17.4min
[697/1100] Hurink_edata/la40.fjs EnhancedNoBC_R16 g=100 seed=48 T=128.5s ETA=17.4min
[698/1100] Brandimarte/Mk01.fjs UCBOnly g=200 seed=42 T=119.3s ETA=17.4min
[699/1100] Brandimarte/Mk01.fjs UCBOnly g=200 seed=45 T=118.6s ETA=17.3min
[700/1100] Brandimarte/Mk01.fjs UCBOnly g=200 seed=43 T=120.0s ETA=17.2min
[701/1100] Hurink_edata/la40.fjs EnhancedNoBC_R16 g=100 seed=51 T=126.8s ETA=17.2min
[702/1100] Hurink_edata/la40.fjs EnhancedNoBC_R16 g=100 seed=49 T=137.3s ETA=17.2min
[703/1100] Brandimarte/Mk01.fjs UCBOnly g=200 seed=47 T=125.2s ETA=17.1min
[704/1100] Brandimarte/Mk01.fjs UCBOnly g=200 seed=48 T=124.9s ETA=17.1min
[705/1100] Brandimarte/Mk01.fjs UCBOnly g=200 seed=46 T=128.8s ETA=17.0min
[706/1100] Brandimarte/Mk01.fjs UCBOnly g=200 seed=49 T=119.5s ETA=16.9min
[707/1100] Hurink_edata/la40.fjs EnhancedNoBC_R16 g=100 seed=50 T=139.8s ETA=16.9min
[708/1100] Brandimarte/Mk01.fjs UCBOnly g=200 seed=44 T=133.5s ETA=16.8min
[709/1100] Brandimarte/Mk01.fjs UCBOnly g=200 seed=50 T=121.1s ETA=16.8min
[710/1100] Brandimarte/Mk01.fjs UCBOnly g=200 seed=51 T=122.6s ETA=16.8min
[711/1100] Brandimarte/Mk01.fjs EnhancedBC_R8 g=200 seed=42 T=122.3s ETA=16.8min
[712/1100] Brandimarte/Mk01.fjs EnhancedBC_R8 g=200 seed=43 T=120.0s ETA=16.8min
[713/1100] Brandimarte/Mk01.fjs EnhancedBC_R8 g=200 seed=45 T=119.7s ETA=16.8min
[714/1100] Brandimarte/Mk01.fjs EnhancedBC_R8 g=200 seed=46 T=117.8s ETA=16.7min
[715/1100] Brandimarte/Mk01.fjs EnhancedBC_R8 g=200 seed=44 T=122.2s ETA=16.7min
[716/1100] Brandimarte/Mk01.fjs EnhancedBC_R8 g=200 seed=47 T=123.3s ETA=16.6min
[717/1100] Brandimarte/Mk01.fjs EnhancedBC_R8 g=200 seed=48 T=124.2s ETA=16.6min
[718/1100] Brandimarte/Mk01.fjs EnhancedBC_R8 g=200 seed=49 T=122.8s ETA=16.6min
[719/1100] Brandimarte/Mk01.fjs EnhancedBC_R8 g=200 seed=50 T=120.2s ETA=16.5min
[720/1100] Brandimarte/Mk01.fjs EnhancedBC_R8 g=200 seed=51 T=121.7s ETA=16.4min
[721/1100] Brandimarte/Mk01.fjs EnhancedBC_R16 g=200 seed=43 T=129.7s ETA=16.5min
[722/1100] Brandimarte/Mk01.fjs EnhancedBC_R16 g=200 seed=42 T=133.8s ETA=16.5min
[723/1100] Brandimarte/Mk01.fjs EnhancedBC_R16 g=200 seed=51 T=119.0s ETA=16.6min
[724/1100] Brandimarte/Mk01.fjs EnhancedBC_R16 g=200 seed=49 T=123.0s ETA=16.6min
[725/1100] Brandimarte/Mk01.fjs EnhancedBC_R16 g=200 seed=44 T=135.1s ETA=16.5min
[726/1100] Brandimarte/Mk01.fjs EnhancedBC_R16 g=200 seed=46 T=132.7s ETA=16.5min
[727/1100] Brandimarte/Mk01.fjs EnhancedBC_R16 g=200 seed=47 T=130.5s ETA=16.4min
[728/1100] Brandimarte/Mk01.fjs EnhancedBC_R16 g=200 seed=45 T=133.5s ETA=16.3min
[729/1100] Brandimarte/Mk01.fjs EnhancedBC_R32 g=200 seed=42 T=121.6s ETA=16.3min
[730/1100] Brandimarte/Mk01.fjs EnhancedBC_R32 g=200 seed=46 T=118.9s ETA=16.2min
[731/1100] Brandimarte/Mk01.fjs EnhancedBC_R32 g=200 seed=45 T=119.8s ETA=16.2min
[732/1100] Brandimarte/Mk01.fjs EnhancedBC_R32 g=200 seed=44 T=120.4s ETA=16.1min
[733/1100] Brandimarte/Mk01.fjs EnhancedBC_R16 g=200 seed=48 T=132.0s ETA=16.0min
[734/1100] Brandimarte/Mk01.fjs EnhancedBC_R32 g=200 seed=47 T=121.0s ETA=16.0min
[735/1100] Brandimarte/Mk01.fjs EnhancedBC_R16 g=200 seed=50 T=132.0s ETA=15.9min
[736/1100] Brandimarte/Mk01.fjs EnhancedBC_R32 g=200 seed=43 T=123.3s ETA=15.9min
[737/1100] Brandimarte/Mk01.fjs EnhancedBC_R32 g=200 seed=48 T=124.1s ETA=15.8min
[738/1100] Brandimarte/Mk01.fjs EnhancedBC_R32 g=200 seed=49 T=120.2s ETA=15.8min
[739/1100] Brandimarte/Mk01.fjs EnhancedBC_R32 g=200 seed=51 T=120.3s ETA=15.7min
[740/1100] Brandimarte/Mk01.fjs EnhancedBC_R32 g=200 seed=50 T=123.3s ETA=15.7min
[741/1100] Brandimarte/Mk03.fjs UCBOnly g=200 seed=42 T=195.2s ETA=16.2min
[742/1100] Brandimarte/Mk03.fjs UCBOnly g=200 seed=45 T=194.4s ETA=16.2min
[743/1100] Brandimarte/Mk03.fjs UCBOnly g=200 seed=44 T=197.7s ETA=16.1min
[744/1100] Brandimarte/Mk03.fjs UCBOnly g=200 seed=47 T=196.7s ETA=16.1min
[745/1100] Brandimarte/Mk03.fjs UCBOnly g=200 seed=50 T=197.1s ETA=16.1min
[746/1100] Brandimarte/Mk03.fjs UCBOnly g=200 seed=51 T=194.3s ETA=16.0min
[747/1100] Brandimarte/Mk03.fjs UCBOnly g=200 seed=43 T=213.5s ETA=16.0min
[748/1100] Brandimarte/Mk03.fjs UCBOnly g=200 seed=46 T=213.9s ETA=16.0min
[749/1100] Brandimarte/Mk03.fjs UCBOnly g=200 seed=49 T=210.9s ETA=15.9min
[750/1100] Brandimarte/Mk03.fjs UCBOnly g=200 seed=48 T=215.7s ETA=15.9min
[751/1100] Brandimarte/Mk03.fjs EnhancedBC_R8 g=200 seed=42 T=195.9s ETA=15.8min
[752/1100] Brandimarte/Mk03.fjs EnhancedBC_R8 g=200 seed=44 T=197.4s ETA=15.8min
[753/1100] Brandimarte/Mk03.fjs EnhancedBC_R8 g=200 seed=45 T=197.3s ETA=15.8min
[754/1100] Brandimarte/Mk03.fjs EnhancedBC_R8 g=200 seed=43 T=199.4s ETA=15.7min
[755/1100] Brandimarte/Mk03.fjs EnhancedBC_R8 g=200 seed=46 T=196.8s ETA=15.6min
[756/1100] Brandimarte/Mk03.fjs EnhancedBC_R8 g=200 seed=47 T=194.5s ETA=15.6min
[757/1100] Brandimarte/Mk03.fjs EnhancedBC_R8 g=200 seed=49 T=196.9s ETA=15.6min
[758/1100] Brandimarte/Mk03.fjs EnhancedBC_R8 g=200 seed=51 T=195.6s ETA=15.5min
[759/1100] Brandimarte/Mk03.fjs EnhancedBC_R8 g=200 seed=50 T=198.5s ETA=15.5min
[760/1100] Brandimarte/Mk03.fjs EnhancedBC_R8 g=200 seed=48 T=199.2s ETA=15.4min
[761/1100] Brandimarte/Mk03.fjs EnhancedBC_R16 g=200 seed=42 T=210.2s ETA=15.6min
[762/1100] Brandimarte/Mk03.fjs EnhancedBC_R16 g=200 seed=43 T=214.2s ETA=15.5min
[763/1100] Brandimarte/Mk03.fjs EnhancedBC_R16 g=200 seed=44 T=197.6s ETA=15.5min
[764/1100] Brandimarte/Mk03.fjs EnhancedBC_R16 g=200 seed=45 T=198.7s ETA=15.5min
[765/1100] Brandimarte/Mk03.fjs EnhancedBC_R32 g=200 seed=42 T=195.8s ETA=15.5min
[766/1100] Brandimarte/Mk03.fjs EnhancedBC_R16 g=200 seed=51 T=198.2s ETA=15.4min
[767/1100] Brandimarte/Mk03.fjs EnhancedBC_R32 g=200 seed=43 T=197.6s ETA=15.3min
[768/1100] Brandimarte/Mk03.fjs EnhancedBC_R16 g=200 seed=50 T=201.0s ETA=15.3min
[769/1100] Brandimarte/Mk03.fjs EnhancedBC_R32 g=200 seed=45 T=200.2s ETA=15.2min
[770/1100] Brandimarte/Mk03.fjs EnhancedBC_R32 g=200 seed=49 T=196.3s ETA=15.2min
[771/1100] Brandimarte/Mk03.fjs EnhancedBC_R32 g=200 seed=48 T=198.6s ETA=15.1min
[772/1100] Brandimarte/Mk03.fjs EnhancedBC_R16 g=200 seed=47 T=211.9s ETA=15.1min
[773/1100] Brandimarte/Mk03.fjs EnhancedBC_R16 g=200 seed=46 T=212.9s ETA=15.0min
[774/1100] Brandimarte/Mk03.fjs EnhancedBC_R32 g=200 seed=50 T=200.1s ETA=15.0min
[775/1100] Brandimarte/Mk03.fjs EnhancedBC_R16 g=200 seed=49 T=212.4s ETA=14.9min
[776/1100] Brandimarte/Mk03.fjs EnhancedBC_R16 g=200 seed=48 T=213.9s ETA=14.8min
[777/1100] Brandimarte/Mk03.fjs EnhancedBC_R32 g=200 seed=51 T=201.1s ETA=14.8min
[778/1100] Brandimarte/Mk03.fjs EnhancedBC_R32 g=200 seed=44 T=213.3s ETA=14.7min
[779/1100] Brandimarte/Mk03.fjs EnhancedBC_R32 g=200 seed=47 T=214.2s ETA=14.7min
[780/1100] Brandimarte/Mk03.fjs EnhancedBC_R32 g=200 seed=46 T=217.6s ETA=14.6min
[781/1100] Brandimarte/Mk05.fjs UCBOnly g=200 seed=42 T=162.1s ETA=14.8min
[782/1100] Brandimarte/Mk05.fjs UCBOnly g=200 seed=43 T=160.9s ETA=14.7min
[783/1100] Brandimarte/Mk05.fjs UCBOnly g=200 seed=45 T=157.6s ETA=14.7min
[784/1100] Brandimarte/Mk05.fjs UCBOnly g=200 seed=44 T=161.3s ETA=14.6min
[785/1100] Brandimarte/Mk05.fjs UCBOnly g=200 seed=47 T=159.6s ETA=14.6min
[786/1100] Brandimarte/Mk05.fjs UCBOnly g=200 seed=46 T=163.1s ETA=14.6min
[787/1100] Brandimarte/Mk05.fjs EnhancedBC_R8 g=200 seed=42 T=162.0s ETA=14.6min
[788/1100] Brandimarte/Mk05.fjs UCBOnly g=200 seed=48 T=176.4s ETA=14.6min
[789/1100] Brandimarte/Mk05.fjs UCBOnly g=200 seed=49 T=173.5s ETA=14.5min
[790/1100] Brandimarte/Mk05.fjs UCBOnly g=200 seed=50 T=176.5s ETA=14.5min
[791/1100] Brandimarte/Mk05.fjs UCBOnly g=200 seed=51 T=172.7s ETA=14.4min
[792/1100] Brandimarte/Mk05.fjs EnhancedBC_R8 g=200 seed=45 T=160.4s ETA=14.4min
[793/1100] Brandimarte/Mk05.fjs EnhancedBC_R8 g=200 seed=46 T=160.0s ETA=14.3min
[794/1100] Brandimarte/Mk05.fjs EnhancedBC_R8 g=200 seed=43 T=162.1s ETA=14.2min
[795/1100] Brandimarte/Mk05.fjs EnhancedBC_R8 g=200 seed=44 T=162.4s ETA=14.2min
[796/1100] Brandimarte/Mk05.fjs EnhancedBC_R8 g=200 seed=47 T=160.7s ETA=14.1min
[797/1100] Brandimarte/Mk05.fjs EnhancedBC_R8 g=200 seed=51 T=157.9s ETA=14.1min
[798/1100] Brandimarte/Mk05.fjs EnhancedBC_R8 g=200 seed=49 T=159.7s ETA=14.0min
[799/1100] Brandimarte/Mk05.fjs EnhancedBC_R8 g=200 seed=48 T=160.3s ETA=14.0min
[800/1100] Brandimarte/Mk05.fjs EnhancedBC_R8 g=200 seed=50 T=158.4s ETA=13.9min
[801/1100] Brandimarte/Mk05.fjs EnhancedBC_R16 g=200 seed=44 T=160.1s ETA=14.1min
[802/1100] Brandimarte/Mk05.fjs EnhancedBC_R16 g=200 seed=42 T=174.6s ETA=14.1min
[803/1100] Brandimarte/Mk05.fjs EnhancedBC_R16 g=200 seed=45 T=160.8s ETA=14.0min
[804/1100] Brandimarte/Mk05.fjs EnhancedBC_R16 g=200 seed=47 T=157.2s ETA=14.0min
[805/1100] Brandimarte/Mk05.fjs EnhancedBC_R16 g=200 seed=49 T=156.5s ETA=13.9min
[806/1100] Brandimarte/Mk05.fjs EnhancedBC_R16 g=200 seed=46 T=160.8s ETA=13.8min
[807/1100] Brandimarte/Mk05.fjs EnhancedBC_R16 g=200 seed=43 T=175.3s ETA=13.8min
[808/1100] Brandimarte/Mk05.fjs EnhancedBC_R16 g=200 seed=50 T=156.3s ETA=13.7min
[809/1100] Brandimarte/Mk05.fjs EnhancedBC_R16 g=200 seed=48 T=161.8s ETA=13.7min
[810/1100] Brandimarte/Mk05.fjs EnhancedBC_R16 g=200 seed=51 T=156.0s ETA=13.6min
[811/1100] Brandimarte/Mk05.fjs EnhancedBC_R32 g=200 seed=42 T=157.7s ETA=13.6min
[812/1100] Brandimarte/Mk05.fjs EnhancedBC_R32 g=200 seed=45 T=158.0s ETA=13.5min
[813/1100] Brandimarte/Mk05.fjs EnhancedBC_R32 g=200 seed=48 T=162.5s ETA=13.5min
[814/1100] Brandimarte/Mk05.fjs EnhancedBC_R32 g=200 seed=47 T=172.1s ETA=13.5min
[815/1100] Brandimarte/Mk05.fjs EnhancedBC_R32 g=200 seed=43 T=175.4s ETA=13.4min
[816/1100] Brandimarte/Mk05.fjs EnhancedBC_R32 g=200 seed=44 T=174.9s ETA=13.4min
[817/1100] Brandimarte/Mk05.fjs EnhancedBC_R32 g=200 seed=46 T=175.1s ETA=13.3min
[818/1100] Brandimarte/Mk05.fjs EnhancedBC_R32 g=200 seed=49 T=172.1s ETA=13.3min
[819/1100] Brandimarte/Mk05.fjs EnhancedBC_R32 g=200 seed=50 T=172.8s ETA=13.2min
[820/1100] Brandimarte/Mk05.fjs EnhancedBC_R32 g=200 seed=51 T=172.3s ETA=13.2min
[821/1100] Brandimarte/Mk08.fjs UCBOnly g=200 seed=44 T=251.6s ETA=13.7min
[822/1100] Brandimarte/Mk08.fjs UCBOnly g=200 seed=45 T=252.2s ETA=13.7min
[823/1100] Brandimarte/Mk08.fjs UCBOnly g=200 seed=42 T=255.9s ETA=13.6min
[824/1100] Brandimarte/Mk08.fjs UCBOnly g=200 seed=43 T=254.7s ETA=13.6min
[825/1100] Brandimarte/Mk08.fjs UCBOnly g=200 seed=47 T=250.8s ETA=13.5min
[826/1100] Brandimarte/Mk08.fjs UCBOnly g=200 seed=46 T=253.9s ETA=13.5min
[827/1100] Brandimarte/Mk08.fjs UCBOnly g=200 seed=48 T=251.6s ETA=13.5min
[828/1100] Brandimarte/Mk08.fjs EnhancedBC_R8 g=200 seed=43 T=252.8s ETA=13.5min
[829/1100] Brandimarte/Mk08.fjs EnhancedBC_R8 g=200 seed=47 T=250.0s ETA=13.4min
[830/1100] Brandimarte/Mk08.fjs EnhancedBC_R8 g=200 seed=44 T=253.6s ETA=13.4min
[831/1100] Brandimarte/Mk08.fjs EnhancedBC_R8 g=200 seed=45 T=253.6s ETA=13.3min
[832/1100] Brandimarte/Mk08.fjs EnhancedBC_R8 g=200 seed=46 T=253.1s ETA=13.3min
[833/1100] Brandimarte/Mk08.fjs EnhancedBC_R8 g=200 seed=48 T=246.5s ETA=13.2min
[834/1100] Brandimarte/Mk08.fjs EnhancedBC_R8 g=200 seed=49 T=248.5s ETA=13.1min
[835/1100] Brandimarte/Mk08.fjs EnhancedBC_R8 g=200 seed=50 T=248.9s ETA=13.1min
[836/1100] Brandimarte/Mk08.fjs EnhancedBC_R8 g=200 seed=51 T=253.8s ETA=13.0min
[837/1100] Brandimarte/Mk08.fjs UCBOnly g=200 seed=49 T=276.9s ETA=13.0min
[838/1100] Brandimarte/Mk08.fjs UCBOnly g=200 seed=50 T=277.8s ETA=13.0min
[839/1100] Brandimarte/Mk08.fjs UCBOnly g=200 seed=51 T=274.2s ETA=12.9min
[840/1100] Brandimarte/Mk08.fjs EnhancedBC_R8 g=200 seed=42 T=278.2s ETA=12.8min
[841/1100] Brandimarte/Mk08.fjs EnhancedBC_R16 g=200 seed=47 T=249.0s ETA=13.0min
[842/1100] Brandimarte/Mk08.fjs EnhancedBC_R16 g=200 seed=45 T=251.2s ETA=12.9min
[843/1100] Brandimarte/Mk08.fjs EnhancedBC_R16 g=200 seed=42 T=257.9s ETA=12.8min
[844/1100] Brandimarte/Mk08.fjs EnhancedBC_R16 g=200 seed=44 T=254.1s ETA=12.8min
[845/1100] Brandimarte/Mk08.fjs EnhancedBC_R16 g=200 seed=46 T=251.9s ETA=12.7min
[846/1100] Brandimarte/Mk08.fjs EnhancedBC_R16 g=200 seed=50 T=249.8s ETA=12.7min
[847/1100] Brandimarte/Mk08.fjs EnhancedBC_R16 g=200 seed=51 T=250.2s ETA=12.6min
[848/1100] Brandimarte/Mk08.fjs EnhancedBC_R16 g=200 seed=49 T=253.3s ETA=12.5min
[849/1100] Brandimarte/Mk08.fjs EnhancedBC_R32 g=200 seed=43 T=250.7s ETA=12.5min
[850/1100] Brandimarte/Mk08.fjs EnhancedBC_R32 g=200 seed=42 T=255.4s ETA=12.5min
[851/1100] Brandimarte/Mk08.fjs EnhancedBC_R32 g=200 seed=44 T=255.7s ETA=12.4min
[852/1100] Brandimarte/Mk08.fjs EnhancedBC_R16 g=200 seed=48 T=275.3s ETA=12.4min
[853/1100] Brandimarte/Mk08.fjs EnhancedBC_R16 g=200 seed=43 T=282.7s ETA=12.3min
[854/1100] Brandimarte/Mk08.fjs EnhancedBC_R32 g=200 seed=48 T=272.7s ETA=12.4min
[855/1100] Brandimarte/Mk08.fjs EnhancedBC_R32 g=200 seed=47 T=275.6s ETA=12.3min
[856/1100] Brandimarte/Mk08.fjs EnhancedBC_R32 g=200 seed=49 T=276.1s ETA=12.3min
[857/1100] Brandimarte/Mk08.fjs EnhancedBC_R32 g=200 seed=46 T=278.3s ETA=12.2min
[858/1100] Brandimarte/Mk08.fjs EnhancedBC_R32 g=200 seed=45 T=280.9s ETA=12.2min
[859/1100] Brandimarte/Mk08.fjs EnhancedBC_R32 g=200 seed=50 T=278.1s ETA=12.1min
[860/1100] Brandimarte/Mk08.fjs EnhancedBC_R32 g=200 seed=51 T=281.3s ETA=12.1min
[861/1100] Brandimarte/Mk10.fjs UCBOnly g=200 seed=42 T=264.6s ETA=12.5min
[862/1100] Brandimarte/Mk10.fjs UCBOnly g=200 seed=44 T=265.3s ETA=12.4min
[863/1100] Brandimarte/Mk10.fjs UCBOnly g=200 seed=45 T=268.0s ETA=12.3min
[864/1100] Brandimarte/Mk10.fjs UCBOnly g=200 seed=43 T=272.5s ETA=12.3min
[865/1100] Brandimarte/Mk10.fjs UCBOnly g=200 seed=47 T=267.6s ETA=12.3min
[866/1100] Brandimarte/Mk10.fjs UCBOnly g=200 seed=46 T=272.3s ETA=12.2min
[867/1100] Brandimarte/Mk10.fjs UCBOnly g=200 seed=48 T=267.2s ETA=12.2min
[868/1100] Brandimarte/Mk10.fjs UCBOnly g=200 seed=49 T=269.8s ETA=12.2min
[869/1100] Brandimarte/Mk10.fjs EnhancedBC_R8 g=200 seed=42 T=269.9s ETA=12.1min
[870/1100] Brandimarte/Mk10.fjs EnhancedBC_R8 g=200 seed=43 T=269.9s ETA=12.1min
[871/1100] Brandimarte/Mk10.fjs UCBOnly g=200 seed=51 T=270.5s ETA=12.0min
[872/1100] Brandimarte/Mk10.fjs UCBOnly g=200 seed=50 T=272.7s ETA=11.9min
[873/1100] Brandimarte/Mk10.fjs EnhancedBC_R8 g=200 seed=44 T=271.4s ETA=11.9min
[874/1100] Brandimarte/Mk10.fjs EnhancedBC_R8 g=200 seed=45 T=272.4s ETA=11.8min
[875/1100] Brandimarte/Mk10.fjs EnhancedBC_R8 g=200 seed=46 T=272.4s ETA=11.8min
[876/1100] Brandimarte/Mk10.fjs EnhancedBC_R8 g=200 seed=47 T=272.8s ETA=11.7min
[877/1100] Brandimarte/Mk10.fjs EnhancedBC_R8 g=200 seed=48 T=300.8s ETA=11.8min
[878/1100] Brandimarte/Mk10.fjs EnhancedBC_R8 g=200 seed=49 T=300.8s ETA=11.7min
[879/1100] Brandimarte/Mk10.fjs EnhancedBC_R8 g=200 seed=50 T=302.7s ETA=11.7min
[880/1100] Brandimarte/Mk10.fjs EnhancedBC_R8 g=200 seed=51 T=299.9s ETA=11.6min
[881/1100] Hurink_edata/la01.fjs UCBOnly g=200 seed=42 T=102.3s ETA=11.6min
[882/1100] Hurink_edata/la01.fjs UCBOnly g=200 seed=43 T=100.8s ETA=11.5min
[883/1100] Brandimarte/Mk10.fjs EnhancedBC_R16 g=200 seed=48 T=265.6s ETA=11.5min
[884/1100] Brandimarte/Mk10.fjs EnhancedBC_R16 g=200 seed=47 T=266.9s ETA=11.4min
[885/1100] Brandimarte/Mk10.fjs EnhancedBC_R16 g=200 seed=44 T=270.6s ETA=11.3min
[886/1100] Brandimarte/Mk10.fjs EnhancedBC_R16 g=200 seed=45 T=270.1s ETA=11.3min
[887/1100] Brandimarte/Mk10.fjs EnhancedBC_R16 g=200 seed=42 T=272.8s ETA=11.2min
[888/1100] Hurink_edata/la01.fjs UCBOnly g=200 seed=44 T=102.7s ETA=11.1min
[889/1100] Hurink_edata/la01.fjs UCBOnly g=200 seed=45 T=101.0s ETA=11.1min
[890/1100] Brandimarte/Mk10.fjs EnhancedBC_R16 g=200 seed=46 T=273.1s ETA=11.0min
[891/1100] Brandimarte/Mk10.fjs EnhancedBC_R16 g=200 seed=43 T=275.5s ETA=11.0min
[892/1100] Hurink_edata/la01.fjs UCBOnly g=200 seed=46 T=99.5s ETA=10.9min
[893/1100] Brandimarte/Mk10.fjs EnhancedBC_R16 g=200 seed=49 T=275.3s ETA=10.9min
[894/1100] Brandimarte/Mk10.fjs EnhancedBC_R16 g=200 seed=51 T=269.2s ETA=10.8min
[895/1100] Hurink_edata/la01.fjs UCBOnly g=200 seed=47 T=101.6s ETA=10.7min
[896/1100] Brandimarte/Mk10.fjs EnhancedBC_R16 g=200 seed=50 T=271.1s ETA=10.7min
[897/1100] Hurink_edata/la01.fjs UCBOnly g=200 seed=48 T=99.4s ETA=10.6min
[898/1100] Brandimarte/Mk10.fjs EnhancedBC_R32 g=200 seed=42 T=270.9s ETA=10.6min
[899/1100] Hurink_edata/la01.fjs UCBOnly g=200 seed=49 T=102.7s ETA=10.6min
[900/1100] Hurink_edata/la01.fjs UCBOnly g=200 seed=51 T=102.4s ETA=10.5min
[901/1100] Hurink_edata/la01.fjs UCBOnly g=200 seed=50 T=102.7s ETA=10.5min
[902/1100] Hurink_edata/la01.fjs EnhancedBC_R8 g=200 seed=42 T=102.7s ETA=10.4min
[903/1100] Hurink_edata/la01.fjs EnhancedBC_R8 g=200 seed=43 T=103.9s ETA=10.3min
[904/1100] Hurink_edata/la01.fjs EnhancedBC_R8 g=200 seed=46 T=99.8s ETA=10.3min
[905/1100] Hurink_edata/la01.fjs EnhancedBC_R8 g=200 seed=44 T=104.2s ETA=10.2min
[906/1100] Hurink_edata/la01.fjs EnhancedBC_R8 g=200 seed=45 T=103.0s ETA=10.2min
[907/1100] Hurink_edata/la01.fjs EnhancedBC_R8 g=200 seed=47 T=100.4s ETA=10.1min
[908/1100] Brandimarte/Mk10.fjs EnhancedBC_R32 g=200 seed=43 T=297.6s ETA=10.1min
[909/1100] Brandimarte/Mk10.fjs EnhancedBC_R32 g=200 seed=44 T=302.6s ETA=10.0min
[910/1100] Brandimarte/Mk10.fjs EnhancedBC_R32 g=200 seed=45 T=299.1s ETA=10.0min
[911/1100] Brandimarte/Mk10.fjs EnhancedBC_R32 g=200 seed=47 T=298.2s ETA=10.0min
[912/1100] Brandimarte/Mk10.fjs EnhancedBC_R32 g=200 seed=46 T=302.8s ETA=9.9min
[913/1100] Brandimarte/Mk10.fjs EnhancedBC_R32 g=200 seed=48 T=300.6s ETA=9.8min
[914/1100] Brandimarte/Mk10.fjs EnhancedBC_R32 g=200 seed=50 T=295.9s ETA=9.8min
[915/1100] Brandimarte/Mk10.fjs EnhancedBC_R32 g=200 seed=49 T=302.5s ETA=9.7min
[916/1100] Hurink_edata/la01.fjs EnhancedBC_R8 g=200 seed=48 T=108.7s ETA=9.7min
[917/1100] Hurink_edata/la01.fjs EnhancedBC_R8 g=200 seed=49 T=107.6s ETA=9.6min
[918/1100] Hurink_edata/la01.fjs EnhancedBC_R16 g=200 seed=42 T=102.7s ETA=9.6min
[919/1100] Hurink_edata/la01.fjs EnhancedBC_R16 g=200 seed=46 T=100.1s ETA=9.5min
[920/1100] Hurink_edata/la01.fjs EnhancedBC_R16 g=200 seed=45 T=101.1s ETA=9.5min
[921/1100] Hurink_edata/la01.fjs EnhancedBC_R16 g=200 seed=47 T=100.9s ETA=9.4min
[922/1100] Brandimarte/Mk10.fjs EnhancedBC_R32 g=200 seed=51 T=304.1s ETA=9.3min
[923/1100] Hurink_edata/la01.fjs EnhancedBC_R8 g=200 seed=50 T=110.5s ETA=9.3min
[924/1100] Hurink_edata/la01.fjs EnhancedBC_R16 g=200 seed=43 T=105.0s ETA=9.2min
[925/1100] Hurink_edata/la01.fjs EnhancedBC_R16 g=200 seed=49 T=100.3s ETA=9.1min
[926/1100] Hurink_edata/la01.fjs EnhancedBC_R8 g=200 seed=51 T=110.6s ETA=9.1min
[927/1100] Hurink_edata/la01.fjs EnhancedBC_R16 g=200 seed=48 T=101.8s ETA=9.0min
[928/1100] Hurink_edata/la01.fjs EnhancedBC_R16 g=200 seed=44 T=104.7s ETA=9.0min
[929/1100] Hurink_edata/la01.fjs EnhancedBC_R16 g=200 seed=50 T=101.1s ETA=8.9min
[930/1100] Hurink_edata/la01.fjs EnhancedBC_R32 g=200 seed=42 T=101.2s ETA=8.8min
[931/1100] Hurink_edata/la01.fjs EnhancedBC_R16 g=200 seed=51 T=101.6s ETA=8.8min
[932/1100] Hurink_edata/la01.fjs EnhancedBC_R32 g=200 seed=46 T=100.1s ETA=8.7min
[933/1100] Hurink_edata/la01.fjs EnhancedBC_R32 g=200 seed=43 T=105.0s ETA=8.7min
[934/1100] Hurink_edata/la01.fjs EnhancedBC_R32 g=200 seed=45 T=102.3s ETA=8.6min
[935/1100] Hurink_edata/la01.fjs EnhancedBC_R32 g=200 seed=47 T=100.8s ETA=8.6min
[936/1100] Hurink_edata/la01.fjs EnhancedBC_R32 g=200 seed=44 T=104.5s ETA=8.5min
[937/1100] Hurink_edata/la01.fjs EnhancedBC_R32 g=200 seed=48 T=101.7s ETA=8.5min
[938/1100] Hurink_edata/la01.fjs EnhancedBC_R32 g=200 seed=49 T=102.3s ETA=8.4min
[939/1100] Hurink_edata/la01.fjs EnhancedBC_R32 g=200 seed=51 T=100.1s ETA=8.4min
[940/1100] Hurink_edata/la01.fjs EnhancedBC_R32 g=200 seed=50 T=102.8s ETA=8.3min
[941/1100] Hurink_edata/la10.fjs UCBOnly g=200 seed=42 T=129.2s ETA=8.4min
[942/1100] Hurink_edata/la10.fjs UCBOnly g=200 seed=45 T=130.0s ETA=8.3min
[943/1100] Hurink_edata/la10.fjs UCBOnly g=200 seed=44 T=134.1s ETA=8.3min
[944/1100] Hurink_edata/la10.fjs UCBOnly g=200 seed=46 T=131.4s ETA=8.2min
[945/1100] Hurink_edata/la10.fjs UCBOnly g=200 seed=47 T=130.1s ETA=8.1min
[946/1100] Hurink_edata/la10.fjs UCBOnly g=200 seed=43 T=138.1s ETA=8.1min
[947/1100] Hurink_edata/la10.fjs UCBOnly g=200 seed=48 T=129.5s ETA=8.0min
[948/1100] Hurink_edata/la10.fjs UCBOnly g=200 seed=49 T=143.8s ETA=8.0min
[949/1100] Hurink_edata/la10.fjs UCBOnly g=200 seed=50 T=150.3s ETA=8.0min
[950/1100] Hurink_edata/la10.fjs UCBOnly g=200 seed=51 T=145.8s ETA=8.0min
[951/1100] Hurink_edata/la10.fjs EnhancedBC_R8 g=200 seed=49 T=127.9s ETA=7.9min
[952/1100] Hurink_edata/la10.fjs EnhancedBC_R8 g=200 seed=42 T=145.2s ETA=7.8min
[953/1100] Hurink_edata/la10.fjs EnhancedBC_R16 g=200 seed=42 T=128.9s ETA=7.8min
[954/1100] Hurink_edata/la10.fjs EnhancedBC_R8 g=200 seed=51 T=130.6s ETA=7.7min
[955/1100] Hurink_edata/la10.fjs EnhancedBC_R8 g=200 seed=44 T=145.8s ETA=7.7min
[956/1100] Hurink_edata/la10.fjs EnhancedBC_R16 g=200 seed=48 T=129.1s ETA=7.6min
[957/1100] Hurink_edata/la10.fjs EnhancedBC_R16 g=200 seed=46 T=131.7s ETA=7.6min
[958/1100] Hurink_edata/la10.fjs EnhancedBC_R8 g=200 seed=50 T=134.2s ETA=7.5min
[959/1100] Hurink_edata/la10.fjs EnhancedBC_R32 g=200 seed=42 T=130.4s ETA=7.4min
[960/1100] Hurink_edata/la10.fjs EnhancedBC_R8 g=200 seed=45 T=149.5s ETA=7.4min
[961/1100] Hurink_edata/la10.fjs EnhancedBC_R16 g=200 seed=45 T=134.7s ETA=7.3min
[962/1100] Hurink_edata/la10.fjs EnhancedBC_R16 g=200 seed=51 T=130.9s ETA=7.3min
[963/1100] Hurink_edata/la10.fjs EnhancedBC_R16 g=200 seed=49 T=132.6s ETA=7.2min
[964/1100] Hurink_edata/la10.fjs EnhancedBC_R8 g=200 seed=43 T=150.8s ETA=7.1min
[965/1100] Hurink_edata/la10.fjs EnhancedBC_R8 g=200 seed=46 T=147.5s ETA=7.1min
[966/1100] Hurink_edata/la10.fjs EnhancedBC_R8 g=200 seed=48 T=144.1s ETA=7.0min
[967/1100] Hurink_edata/la10.fjs EnhancedBC_R16 g=200 seed=50 T=135.7s ETA=7.0min
[968/1100] Hurink_edata/la10.fjs EnhancedBC_R8 g=200 seed=47 T=146.1s ETA=6.9min
[969/1100] Hurink_edata/la10.fjs EnhancedBC_R32 g=200 seed=43 T=130.5s ETA=6.9min
[970/1100] Hurink_edata/la10.fjs EnhancedBC_R32 g=200 seed=44 T=130.9s ETA=6.8min
[971/1100] Hurink_edata/la10.fjs EnhancedBC_R32 g=200 seed=47 T=130.0s ETA=6.7min
[972/1100] Hurink_edata/la10.fjs EnhancedBC_R32 g=200 seed=46 T=132.3s ETA=6.7min
[973/1100] Hurink_edata/la10.fjs EnhancedBC_R16 g=200 seed=47 T=145.3s ETA=6.6min
[974/1100] Hurink_edata/la10.fjs EnhancedBC_R16 g=200 seed=44 T=147.6s ETA=6.6min
[975/1100] Hurink_edata/la10.fjs EnhancedBC_R32 g=200 seed=45 T=135.9s ETA=6.5min
[976/1100] Hurink_edata/la10.fjs EnhancedBC_R16 g=200 seed=43 T=150.2s ETA=6.5min
[977/1100] Hurink_edata/la10.fjs EnhancedBC_R32 g=200 seed=48 T=129.8s ETA=6.4min
[978/1100] Hurink_edata/la10.fjs EnhancedBC_R32 g=200 seed=49 T=131.3s ETA=6.4min
[979/1100] Hurink_edata/la10.fjs EnhancedBC_R32 g=200 seed=51 T=131.8s ETA=6.3min
[980/1100] Hurink_edata/la10.fjs EnhancedBC_R32 g=200 seed=50 T=137.6s ETA=6.3min
[981/1100] Hurink_edata/la20.fjs UCBOnly g=200 seed=42 T=145.3s ETA=6.3min
[982/1100] Hurink_edata/la20.fjs UCBOnly g=200 seed=43 T=146.8s ETA=6.3min
[983/1100] Hurink_edata/la20.fjs UCBOnly g=200 seed=45 T=144.6s ETA=6.2min
[984/1100] Hurink_edata/la20.fjs UCBOnly g=200 seed=44 T=145.9s ETA=6.1min
[985/1100] Hurink_edata/la20.fjs UCBOnly g=200 seed=46 T=145.7s ETA=6.1min
[986/1100] Hurink_edata/la20.fjs UCBOnly g=200 seed=47 T=145.2s ETA=6.0min
[987/1100] Hurink_edata/la20.fjs UCBOnly g=200 seed=48 T=147.0s ETA=6.0min
[988/1100] Hurink_edata/la20.fjs UCBOnly g=200 seed=49 T=156.5s ETA=6.0min
[989/1100] Hurink_edata/la20.fjs UCBOnly g=200 seed=50 T=157.0s ETA=5.9min
[990/1100] Hurink_edata/la20.fjs EnhancedBC_R8 g=200 seed=42 T=149.0s ETA=5.9min
[991/1100] Hurink_edata/la20.fjs EnhancedBC_R8 g=200 seed=44 T=147.2s ETA=5.8min
[992/1100] Hurink_edata/la20.fjs EnhancedBC_R8 g=200 seed=45 T=146.5s ETA=5.8min
[993/1100] Hurink_edata/la20.fjs EnhancedBC_R8 g=200 seed=47 T=145.8s ETA=5.7min
[994/1100] Hurink_edata/la20.fjs EnhancedBC_R8 g=200 seed=50 T=144.0s ETA=5.6min
[995/1100] Hurink_edata/la20.fjs EnhancedBC_R16 g=200 seed=44 T=143.9s ETA=5.6min
[996/1100] Hurink_edata/la20.fjs EnhancedBC_R8 g=200 seed=48 T=146.6s ETA=5.5min
[997/1100] Hurink_edata/la20.fjs EnhancedBC_R8 g=200 seed=49 T=146.6s ETA=5.5min
[998/1100] Hurink_edata/la20.fjs EnhancedBC_R16 g=200 seed=43 T=147.4s ETA=5.4min
[999/1100] Hurink_edata/la20.fjs UCBOnly g=200 seed=51 T=158.3s ETA=5.4min
[1000/1100] Hurink_edata/la20.fjs EnhancedBC_R16 g=200 seed=42 T=148.6s ETA=5.3min
[1001/1100] Hurink_edata/la20.fjs EnhancedBC_R16 g=200 seed=50 T=143.4s ETA=5.2min
[1002/1100] Hurink_edata/la20.fjs EnhancedBC_R16 g=200 seed=51 T=143.0s ETA=5.2min
[1003/1100] Hurink_edata/la20.fjs EnhancedBC_R16 g=200 seed=48 T=147.0s ETA=5.1min
[1004/1100] Hurink_edata/la20.fjs EnhancedBC_R8 g=200 seed=43 T=160.3s ETA=5.1min
[1005/1100] Hurink_edata/la20.fjs EnhancedBC_R32 g=200 seed=42 T=146.9s ETA=5.0min
[1006/1100] Hurink_edata/la20.fjs EnhancedBC_R8 g=200 seed=46 T=159.6s ETA=5.0min
[1007/1100] Hurink_edata/la20.fjs EnhancedBC_R32 g=200 seed=43 T=146.3s ETA=4.9min
[1008/1100] Hurink_edata/la20.fjs EnhancedBC_R8 g=200 seed=51 T=158.0s ETA=4.9min
[1009/1100] Hurink_edata/la20.fjs EnhancedBC_R32 g=200 seed=46 T=145.0s ETA=4.8min
[1010/1100] Hurink_edata/la20.fjs EnhancedBC_R16 g=200 seed=46 T=158.9s ETA=4.7min
[1011/1100] Hurink_edata/la20.fjs EnhancedBC_R16 g=200 seed=45 T=159.5s ETA=4.7min
[1012/1100] Hurink_edata/la20.fjs EnhancedBC_R16 g=200 seed=47 T=157.5s ETA=4.6min
[1013/1100] Hurink_edata/la20.fjs EnhancedBC_R16 g=200 seed=49 T=157.6s ETA=4.6min
[1014/1100] Hurink_edata/la20.fjs EnhancedBC_R32 g=200 seed=49 T=143.7s ETA=4.5min
[1015/1100] Hurink_edata/la20.fjs EnhancedBC_R32 g=200 seed=48 T=148.5s ETA=4.5min
[1016/1100] Hurink_edata/la20.fjs EnhancedBC_R32 g=200 seed=44 T=158.4s ETA=4.4min
[1017/1100] Hurink_edata/la20.fjs EnhancedBC_R32 g=200 seed=45 T=158.9s ETA=4.4min
[1018/1100] Hurink_edata/la20.fjs EnhancedBC_R32 g=200 seed=47 T=158.2s ETA=4.3min
[1019/1100] Hurink_edata/la20.fjs EnhancedBC_R32 g=200 seed=50 T=143.7s ETA=4.3min
[1020/1100] Hurink_edata/la20.fjs EnhancedBC_R32 g=200 seed=51 T=140.4s ETA=4.2min
[1021/1100] Hurink_edata/la30.fjs UCBOnly g=200 seed=42 T=219.5s ETA=4.3min
[1022/1100] Hurink_edata/la30.fjs UCBOnly g=200 seed=43 T=217.1s ETA=4.2min
[1023/1100] Hurink_edata/la30.fjs UCBOnly g=200 seed=44 T=219.4s ETA=4.2min
[1024/1100] Hurink_edata/la30.fjs UCBOnly g=200 seed=46 T=217.8s ETA=4.1min
[1025/1100] Hurink_edata/la30.fjs UCBOnly g=200 seed=48 T=214.2s ETA=4.1min
[1026/1100] Hurink_edata/la30.fjs UCBOnly g=200 seed=45 T=220.2s ETA=4.0min
[1027/1100] Hurink_edata/la30.fjs UCBOnly g=200 seed=47 T=219.1s ETA=4.0min
[1028/1100] Hurink_edata/la30.fjs UCBOnly g=200 seed=51 T=214.6s ETA=4.0min
[1029/1100] Hurink_edata/la30.fjs EnhancedBC_R8 g=200 seed=42 T=213.4s ETA=3.9min
[1030/1100] Hurink_edata/la30.fjs EnhancedBC_R8 g=200 seed=48 T=214.1s ETA=3.8min
[1031/1100] Hurink_edata/la30.fjs EnhancedBC_R8 g=200 seed=45 T=216.1s ETA=3.8min
[1032/1100] Hurink_edata/la30.fjs EnhancedBC_R8 g=200 seed=43 T=219.1s ETA=3.7min
[1033/1100] Hurink_edata/la30.fjs EnhancedBC_R8 g=200 seed=47 T=217.3s ETA=3.7min
[1034/1100] Hurink_edata/la30.fjs EnhancedBC_R8 g=200 seed=46 T=217.7s ETA=3.6min
[1035/1100] Hurink_edata/la30.fjs EnhancedBC_R8 g=200 seed=44 T=220.2s ETA=3.6min
[1036/1100] Hurink_edata/la30.fjs UCBOnly g=200 seed=49 T=245.2s ETA=3.5min
[1037/1100] Hurink_edata/la30.fjs EnhancedBC_R8 g=200 seed=51 T=216.9s ETA=3.4min
[1038/1100] Hurink_edata/la30.fjs EnhancedBC_R8 g=200 seed=49 T=218.4s ETA=3.4min
[1039/1100] Hurink_edata/la30.fjs EnhancedBC_R16 g=200 seed=42 T=218.8s ETA=3.3min
[1040/1100] Hurink_edata/la30.fjs EnhancedBC_R16 g=200 seed=44 T=220.0s ETA=3.3min
[1041/1100] Hurink_edata/la30.fjs EnhancedBC_R16 g=200 seed=43 T=221.9s ETA=3.2min
[1042/1100] Hurink_edata/la30.fjs EnhancedBC_R16 g=200 seed=46 T=217.9s ETA=3.2min
[1043/1100] Hurink_edata/la30.fjs EnhancedBC_R16 g=200 seed=48 T=217.8s ETA=3.1min
[1044/1100] Hurink_edata/la30.fjs UCBOnly g=200 seed=50 T=244.1s ETA=3.0min
[1045/1100] Hurink_edata/la30.fjs EnhancedBC_R16 g=200 seed=50 T=219.1s ETA=3.0min
[1046/1100] Hurink_edata/la30.fjs EnhancedBC_R32 g=200 seed=46 T=217.1s ETA=2.9min
[1047/1100] Hurink_edata/la30.fjs EnhancedBC_R32 g=200 seed=45 T=218.7s ETA=2.9min
[1048/1100] Hurink_edata/la30.fjs EnhancedBC_R8 g=200 seed=50 T=245.2s ETA=2.8min
[1049/1100] Hurink_edata/la30.fjs EnhancedBC_R16 g=200 seed=45 T=240.9s ETA=2.8min
[1050/1100] Hurink_edata/la30.fjs EnhancedBC_R32 g=200 seed=51 T=214.7s ETA=2.7min
[1051/1100] Hurink_edata/la30.fjs EnhancedBC_R16 g=200 seed=47 T=244.2s ETA=2.7min
[1052/1100] Hurink_edata/la30.fjs EnhancedBC_R16 g=200 seed=49 T=243.4s ETA=2.6min
[1053/1100] Hurink_edata/la30.fjs EnhancedBC_R32 g=200 seed=50 T=219.2s ETA=2.6min
[1054/1100] Hurink_edata/la30.fjs EnhancedBC_R32 g=200 seed=42 T=242.9s ETA=2.5min
[1055/1100] Hurink_edata/la30.fjs EnhancedBC_R16 g=200 seed=51 T=244.6s ETA=2.4min
[1056/1100] Hurink_edata/la30.fjs EnhancedBC_R32 g=200 seed=43 T=246.6s ETA=2.4min
[1057/1100] Hurink_edata/la30.fjs EnhancedBC_R32 g=200 seed=44 T=246.2s ETA=2.3min
[1058/1100] Hurink_edata/la30.fjs EnhancedBC_R32 g=200 seed=47 T=243.2s ETA=2.3min
[1059/1100] Hurink_edata/la30.fjs EnhancedBC_R32 g=200 seed=48 T=243.4s ETA=2.2min
[1060/1100] Hurink_edata/la30.fjs EnhancedBC_R32 g=200 seed=49 T=246.8s ETA=2.2min
[1061/1100] Hurink_edata/la40.fjs UCBOnly g=200 seed=42 T=246.7s ETA=2.2min
[1062/1100] Hurink_edata/la40.fjs UCBOnly g=200 seed=43 T=246.7s ETA=2.1min
[1063/1100] Hurink_edata/la40.fjs UCBOnly g=200 seed=46 T=244.6s ETA=2.1min
[1064/1100] Hurink_edata/la40.fjs UCBOnly g=200 seed=44 T=246.2s ETA=2.0min
[1065/1100] Hurink_edata/la40.fjs UCBOnly g=200 seed=47 T=246.0s ETA=2.0min
[1066/1100] Hurink_edata/la40.fjs UCBOnly g=200 seed=45 T=248.1s ETA=1.9min
[1067/1100] Hurink_edata/la40.fjs UCBOnly g=200 seed=48 T=248.5s ETA=1.9min
[1068/1100] Hurink_edata/la40.fjs UCBOnly g=200 seed=49 T=244.3s ETA=1.8min
[1069/1100] Hurink_edata/la40.fjs UCBOnly g=200 seed=50 T=243.9s ETA=1.8min
[1070/1100] Hurink_edata/la40.fjs UCBOnly g=200 seed=51 T=244.7s ETA=1.7min
[1071/1100] Hurink_edata/la40.fjs EnhancedBC_R8 g=200 seed=42 T=243.5s ETA=1.6min
[1072/1100] Hurink_edata/la40.fjs EnhancedBC_R8 g=200 seed=46 T=242.0s ETA=1.6min
[1073/1100] Hurink_edata/la40.fjs EnhancedBC_R8 g=200 seed=44 T=242.8s ETA=1.5min
[1074/1100] Hurink_edata/la40.fjs EnhancedBC_R8 g=200 seed=43 T=245.4s ETA=1.5min
[1075/1100] Hurink_edata/la40.fjs EnhancedBC_R8 g=200 seed=45 T=245.1s ETA=1.4min
[1076/1100] Hurink_edata/la40.fjs EnhancedBC_R8 g=200 seed=49 T=242.6s ETA=1.4min
[1077/1100] Hurink_edata/la40.fjs EnhancedBC_R8 g=200 seed=48 T=244.8s ETA=1.3min
[1078/1100] Hurink_edata/la40.fjs EnhancedBC_R8 g=200 seed=50 T=245.5s ETA=1.2min
[1079/1100] Hurink_edata/la40.fjs EnhancedBC_R16 g=200 seed=44 T=241.5s ETA=1.2min
[1080/1100] Hurink_edata/la40.fjs EnhancedBC_R8 g=200 seed=51 T=244.0s ETA=1.1min
[1081/1100] Hurink_edata/la40.fjs EnhancedBC_R16 g=200 seed=42 T=243.5s ETA=1.1min
[1082/1100] Hurink_edata/la40.fjs EnhancedBC_R16 g=200 seed=46 T=242.2s ETA=1.0min
[1083/1100] Hurink_edata/la40.fjs EnhancedBC_R16 g=200 seed=43 T=248.3s ETA=1.0min
[1084/1100] Hurink_edata/la40.fjs EnhancedBC_R16 g=200 seed=47 T=242.1s ETA=0.9min
[1085/1100] Hurink_edata/la40.fjs EnhancedBC_R8 g=200 seed=47 T=266.8s ETA=0.8min
[1086/1100] Hurink_edata/la40.fjs EnhancedBC_R16 g=200 seed=48 T=247.3s ETA=0.8min
[1087/1100] Hurink_edata/la40.fjs EnhancedBC_R16 g=200 seed=51 T=239.2s ETA=0.7min
[1088/1100] Hurink_edata/la40.fjs EnhancedBC_R32 g=200 seed=44 T=240.1s ETA=0.7min
[1089/1100] Hurink_edata/la40.fjs EnhancedBC_R16 g=200 seed=45 T=271.6s ETA=0.6min
[1090/1100] Hurink_edata/la40.fjs EnhancedBC_R32 g=200 seed=48 T=240.2s ETA=0.6min
[1091/1100] Hurink_edata/la40.fjs EnhancedBC_R16 g=200 seed=49 T=268.2s ETA=0.5min
[1092/1100] Hurink_edata/la40.fjs EnhancedBC_R16 g=200 seed=50 T=272.0s ETA=0.5min
[1093/1100] Hurink_edata/la40.fjs EnhancedBC_R32 g=200 seed=45 T=267.6s ETA=0.4min
[1094/1100] Hurink_edata/la40.fjs EnhancedBC_R32 g=200 seed=46 T=266.4s ETA=0.3min
[1095/1100] Hurink_edata/la40.fjs EnhancedBC_R32 g=200 seed=43 T=270.3s ETA=0.3min
[1096/1100] Hurink_edata/la40.fjs EnhancedBC_R32 g=200 seed=42 T=272.8s ETA=0.2min
[1097/1100] Hurink_edata/la40.fjs EnhancedBC_R32 g=200 seed=47 T=266.4s ETA=0.2min
[1098/1100] Hurink_edata/la40.fjs EnhancedBC_R32 g=200 seed=49 T=267.8s ETA=0.1min
[1099/1100] Hurink_edata/la40.fjs EnhancedBC_R32 g=200 seed=50 T=271.9s ETA=0.1min
[1100/1100] Hurink_edata/la40.fjs EnhancedBC_R32 g=200 seed=51 T=267.3s ETA=0.0min
[v6] COMPLETE rows=1100
