[aos-budget-stress] tasks=719 budgets=[50, 100, 200] variants=['UniformFixed', 'UCBOnly', 'PPOOnly', 'FixedUCBPPO', 'RandomUCBPPO', 'AdaptiveNoBC', 'AdaptiveSAOS'] result=results/resubmission/v5/e3_budget/runs.csv
[1/719] gen=200 Hurink_edata/la30.fjs AdaptiveSAOS seed=45 HV=4.68e+09 Cmax=2592.5 NSol=41 T=233.2s ETA=46.64h
[2/719] gen=200 Hurink_edata/la30.fjs AdaptiveNoBC seed=50 HV=8.58e+09 Cmax=2633.7 NSol=47 T=233.9s ETA=23.36h
[3/719] gen=200 Hurink_edata/la30.fjs AdaptiveNoBC seed=48 HV=1.44e+10 Cmax=2592.8 NSol=37 T=235.0s ETA=15.62h
[4/719] gen=200 Hurink_edata/la30.fjs AdaptiveSAOS seed=49 HV=3.1e+09 Cmax=2683.3 NSol=26 T=235.3s ETA=11.72h
[5/719] gen=200 Hurink_edata/la30.fjs AdaptiveNoBC seed=46 HV=4.29e+09 Cmax=2514.8 NSol=39 T=235.8s ETA=9.38h
[6/719] gen=200 Hurink_edata/la30.fjs AdaptiveNoBC seed=49 HV=3.51e+09 Cmax=2746.7 NSol=11 T=237.7s ETA=7.87h
[7/719] gen=200 Hurink_edata/la30.fjs AdaptiveNoBC seed=45 HV=1.94e+09 Cmax=2673.6 NSol=35 T=246.9s ETA=6.99h
[8/719] gen=200 Hurink_edata/la30.fjs AdaptiveSAOS seed=51 HV=3.54e+09 Cmax=2751.3 NSol=7 T=246.9s ETA=6.11h
[9/719] gen=200 Hurink_edata/la30.fjs AdaptiveNoBC seed=47 HV=8.52e+09 Cmax=2527.8 NSol=30 T=247.2s ETA=5.43h
[10/719] gen=200 Hurink_edata/la30.fjs AdaptiveSAOS seed=48 HV=2.51e+09 Cmax=2569.6 NSol=16 T=247.2s ETA=4.88h
[11/719] gen=200 Hurink_edata/la30.fjs AdaptiveNoBC seed=44 HV=3.51e+09 Cmax=2508.4 NSol=27 T=248.4s ETA=4.45h
[12/719] gen=200 Hurink_edata/la30.fjs AdaptiveSAOS seed=50 HV=7.44e+09 Cmax=2607.4 NSol=47 T=248.4s ETA=4.08h
[13/719] gen=200 Hurink_edata/la30.fjs AdaptiveNoBC seed=43 HV=2.99e+09 Cmax=2633.9 NSol=13 T=248.6s ETA=3.76h
[14/719] gen=200 Hurink_edata/la30.fjs AdaptiveNoBC seed=51 HV=1.23e+09 Cmax=2758.5 NSol=11 T=248.9s ETA=3.49h
[15/719] gen=200 Hurink_edata/la30.fjs AdaptiveSAOS seed=43 HV=2.89e+09 Cmax=2567.0 NSol=8 T=249.9s ETA=3.27h
[16/719] gen=200 Hurink_edata/la30.fjs AdaptiveSAOS seed=44 HV=8.03e+09 Cmax=2587.2 NSol=27 T=249.9s ETA=3.06h
[17/719] gen=200 Hurink_edata/la30.fjs AdaptiveSAOS seed=42 HV=4.95e+09 Cmax=2713.9 NSol=27 T=250.4s ETA=2.88h
[18/719] gen=200 Hurink_edata/la30.fjs AdaptiveSAOS seed=47 HV=3.39e+09 Cmax=2539.5 NSol=26 T=250.5s ETA=2.72h
[19/719] gen=200 Hurink_edata/la30.fjs AdaptiveSAOS seed=46 HV=1.55e+09 Cmax=2554.5 NSol=29 T=250.7s ETA=2.57h
[20/719] gen=200 Hurink_edata/la31.fjs UCBOnly seed=43 HV=2.91e+10 Cmax=3355.8 NSol=33 T=327.7s ETA=3.19h
[21/719] gen=200 Hurink_edata/la31.fjs UniformFixed seed=48 HV=1.38e+10 Cmax=3342.3 NSol=23 T=328.0s ETA=3.03h
[22/719] gen=200 Hurink_edata/la31.fjs UCBOnly seed=45 HV=1.18e+10 Cmax=3196.1 NSol=32 T=328.3s ETA=2.90h
[23/719] gen=200 Hurink_edata/la31.fjs UCBOnly seed=46 HV=1.04e+10 Cmax=3411.9 NSol=27 T=328.9s ETA=2.77h
[24/719] gen=200 Hurink_edata/la31.fjs UniformFixed seed=47 HV=5.45e+09 Cmax=3439.2 NSol=18 T=329.5s ETA=2.66h
[25/719] gen=200 Hurink_edata/la31.fjs UniformFixed seed=43 HV=5.81e+09 Cmax=3389.1 NSol=31 T=329.8s ETA=2.55h
[26/719] gen=200 Hurink_edata/la31.fjs UniformFixed seed=49 HV=6.02e+09 Cmax=3291.9 NSol=27 T=330.9s ETA=2.45h
[27/719] gen=200 Hurink_edata/la31.fjs UniformFixed seed=42 HV=5.64e+09 Cmax=3295.5 NSol=19 T=331.6s ETA=2.37h
[28/719] gen=200 Hurink_edata/la31.fjs UniformFixed seed=45 HV=2.23e+10 Cmax=3397.4 NSol=37 T=332.0s ETA=2.28h
[29/719] gen=200 Hurink_edata/la31.fjs UniformFixed seed=44 HV=2.15e+09 Cmax=3407.9 NSol=16 T=332.2s ETA=2.20h
[30/719] gen=200 Hurink_edata/la31.fjs UCBOnly seed=42 HV=7.01e+09 Cmax=3250.2 NSol=19 T=334.2s ETA=2.14h
[31/719] gen=200 Hurink_edata/la31.fjs UCBOnly seed=44 HV=6.81e+09 Cmax=3161.9 NSol=22 T=334.3s ETA=2.07h
[32/719] gen=200 Hurink_edata/la31.fjs UniformFixed seed=46 HV=1.92e+10 Cmax=3378.7 NSol=26 T=335.2s ETA=2.00h
[33/719] gen=200 Hurink_edata/la31.fjs UniformFixed seed=50 HV=9.89e+09 Cmax=3260.1 NSol=39 T=336.0s ETA=1.94h
[34/719] gen=200 Hurink_edata/la31.fjs UCBOnly seed=50 HV=1.21e+10 Cmax=3236.8 NSol=38 T=337.2s ETA=1.89h
[35/719] gen=200 Hurink_edata/la31.fjs PPOOnly seed=42 HV=6.91e+09 Cmax=3470.7 NSol=26 T=337.9s ETA=1.84h
[36/719] gen=200 Hurink_edata/la31.fjs UCBOnly seed=51 HV=6.38e+09 Cmax=3212.9 NSol=20 T=338.9s ETA=1.79h
[37/719] gen=200 Hurink_edata/la31.fjs UCBOnly seed=49 HV=2.46e+09 Cmax=3317.4 NSol=17 T=339.6s ETA=1.74h
[38/719] gen=200 Hurink_edata/la31.fjs UCBOnly seed=48 HV=1.64e+10 Cmax=3389.1 NSol=23 T=339.7s ETA=1.69h
[39/719] gen=200 Hurink_edata/la31.fjs UniformFixed seed=51 HV=3.99e+09 Cmax=3298.5 NSol=21 T=341.9s ETA=1.66h
[40/719] gen=200 Hurink_edata/la31.fjs UCBOnly seed=47 HV=1.9e+10 Cmax=3346.8 NSol=18 T=342.9s ETA=1.62h
[41/719] gen=200 Hurink_edata/la31.fjs FixedUCBPPO seed=48 HV=8.14e+09 Cmax=3319.3 NSol=20 T=306.3s ETA=2.56h
[42/719] gen=200 Hurink_edata/la31.fjs PPOOnly seed=50 HV=1.07e+10 Cmax=3359.1 NSol=39 T=310.0s ETA=2.50h
[43/719] gen=200 Hurink_edata/la31.fjs FixedUCBPPO seed=43 HV=1.07e+10 Cmax=3359.8 NSol=23 T=309.2s ETA=2.44h
[44/719] gen=200 Hurink_edata/la31.fjs FixedUCBPPO seed=50 HV=1.24e+10 Cmax=3340.1 NSol=40 T=307.7s ETA=2.38h
[45/719] gen=200 Hurink_edata/la31.fjs PPOOnly seed=49 HV=5.27e+09 Cmax=3249.3 NSol=19 T=311.5s ETA=2.33h
[46/719] gen=200 Hurink_edata/la31.fjs FixedUCBPPO seed=42 HV=8.76e+09 Cmax=3251.3 NSol=31 T=312.8s ETA=2.28h
[47/719] gen=200 Hurink_edata/la31.fjs PPOOnly seed=51 HV=7.68e+09 Cmax=3300.5 NSol=20 T=312.9s ETA=2.23h
[48/719] gen=200 Hurink_edata/la31.fjs FixedUCBPPO seed=45 HV=6e+09 Cmax=3248.8 NSol=18 T=312.6s ETA=2.18h
[49/719] gen=200 Hurink_edata/la31.fjs FixedUCBPPO seed=44 HV=1.74e+10 Cmax=3197.7 NSol=44 T=313.3s ETA=2.14h
[50/719] gen=200 Hurink_edata/la31.fjs FixedUCBPPO seed=46 HV=2.29e+10 Cmax=3425.0 NSol=20 T=314.4s ETA=2.10h
[51/719] gen=200 Hurink_edata/la31.fjs FixedUCBPPO seed=51 HV=5.16e+09 Cmax=3206.5 NSol=20 T=313.1s ETA=2.05h
[52/719] gen=200 Hurink_edata/la31.fjs FixedUCBPPO seed=47 HV=2.73e+09 Cmax=3247.8 NSol=16 T=314.3s ETA=2.01h
[53/719] gen=200 Hurink_edata/la31.fjs FixedUCBPPO seed=49 HV=9.02e+08 Cmax=3301.9 NSol=14 T=314.3s ETA=1.97h
[54/719] gen=200 Hurink_edata/la31.fjs PPOOnly seed=43 HV=1.8e+10 Cmax=3449.4 NSol=23 T=333.8s ETA=1.94h
[55/719] gen=200 Hurink_edata/la31.fjs PPOOnly seed=45 HV=9.43e+09 Cmax=3376.7 NSol=13 T=334.4s ETA=1.91h
[56/719] gen=200 Hurink_edata/la31.fjs PPOOnly seed=46 HV=1.63e+10 Cmax=3420.8 NSol=21 T=336.0s ETA=1.88h
[57/719] gen=200 Hurink_edata/la31.fjs PPOOnly seed=44 HV=2.31e+10 Cmax=3481.0 NSol=26 T=338.9s ETA=1.85h
[58/719] gen=200 Hurink_edata/la31.fjs PPOOnly seed=48 HV=1.92e+09 Cmax=3325.7 NSol=18 T=336.6s ETA=1.82h
[59/719] gen=200 Hurink_edata/la31.fjs PPOOnly seed=47 HV=1.73e+10 Cmax=3423.6 NSol=22 T=342.6s ETA=1.80h
[60/719] gen=200 Hurink_edata/la31.fjs AdaptiveNoBC seed=45 HV=7.56e+09 Cmax=3215.6 NSol=25 T=307.7s ETA=1.97h
[61/719] gen=200 Hurink_edata/la31.fjs AdaptiveNoBC seed=42 HV=6.45e+09 Cmax=3245.8 NSol=25 T=310.0s ETA=1.93h
[62/719] gen=200 Hurink_edata/la31.fjs RandomUCBPPO seed=51 HV=4.39e+09 Cmax=3221.7 NSol=13 T=313.7s ETA=1.90h
[63/719] gen=200 Hurink_edata/la31.fjs AdaptiveNoBC seed=47 HV=1.02e+10 Cmax=3414.1 NSol=13 T=308.9s ETA=1.87h
[64/719] gen=200 Hurink_edata/la31.fjs AdaptiveNoBC seed=48 HV=2.54e+10 Cmax=3385.4 NSol=15 T=308.2s ETA=1.84h
[65/719] gen=200 Hurink_edata/la31.fjs AdaptiveNoBC seed=46 HV=6.36e+09 Cmax=3360.5 NSol=20 T=310.1s ETA=1.81h
[66/719] gen=200 Hurink_edata/la31.fjs AdaptiveNoBC seed=50 HV=5.12e+10 Cmax=3315.0 NSol=39 T=310.5s ETA=1.79h
[67/719] gen=200 Hurink_edata/la31.fjs AdaptiveNoBC seed=49 HV=1.01e+10 Cmax=3291.2 NSol=22 T=312.1s ETA=1.76h
[68/719] gen=200 Hurink_edata/la31.fjs AdaptiveNoBC seed=51 HV=4.75e+09 Cmax=3228.0 NSol=35 T=311.3s ETA=1.74h
[69/719] gen=200 Hurink_edata/la31.fjs AdaptiveSAOS seed=42 HV=9e+09 Cmax=3286.3 NSol=32 T=310.7s ETA=1.71h
[70/719] gen=200 Hurink_edata/la31.fjs RandomUCBPPO seed=45 HV=9.8e+09 Cmax=3183.6 NSol=24 T=337.2s ETA=1.72h
[71/719] gen=200 Hurink_edata/la31.fjs RandomUCBPPO seed=43 HV=7.73e+09 Cmax=3235.1 NSol=17 T=338.8s ETA=1.69h
[72/719] gen=200 Hurink_edata/la31.fjs RandomUCBPPO seed=42 HV=6.95e+09 Cmax=3260.6 NSol=34 T=339.5s ETA=1.67h
[73/719] gen=200 Hurink_edata/la31.fjs RandomUCBPPO seed=49 HV=1.75e+10 Cmax=3278.0 NSol=11 T=338.4s ETA=1.65h
[74/719] gen=200 Hurink_edata/la31.fjs RandomUCBPPO seed=44 HV=8.07e+09 Cmax=3206.2 NSol=32 T=343.8s ETA=1.63h
[75/719] gen=200 Hurink_edata/la31.fjs RandomUCBPPO seed=48 HV=2.7e+10 Cmax=3390.4 NSol=23 T=342.3s ETA=1.61h
[76/719] gen=200 Hurink_edata/la31.fjs AdaptiveNoBC seed=43 HV=9.76e+09 Cmax=3340.6 NSol=22 T=341.4s ETA=1.59h
[77/719] gen=200 Hurink_edata/la31.fjs RandomUCBPPO seed=50 HV=9.32e+09 Cmax=3280.4 NSol=33 T=343.9s ETA=1.57h
[78/719] gen=200 Hurink_edata/la31.fjs AdaptiveNoBC seed=44 HV=7.92e+09 Cmax=3185.5 NSol=28 T=342.9s ETA=1.55h
[79/719] gen=200 Hurink_edata/la31.fjs RandomUCBPPO seed=46 HV=8.85e+09 Cmax=3405.0 NSol=14 T=349.2s ETA=1.53h
[80/719] gen=200 Hurink_edata/la31.fjs RandomUCBPPO seed=47 HV=2.88e+10 Cmax=3311.0 NSol=29 T=349.3s ETA=1.51h
[81/719] gen=200 Hurink_edata/la31.fjs AdaptiveSAOS seed=43 HV=6.13e+09 Cmax=3311.7 NSol=8 T=305.1s ETA=1.89h
[82/719] gen=200 Hurink_edata/la31.fjs AdaptiveSAOS seed=45 HV=2.56e+09 Cmax=3257.1 NSol=16 T=308.8s ETA=1.87h
[83/719] gen=200 Hurink_edata/la31.fjs AdaptiveSAOS seed=50 HV=1.51e+10 Cmax=3333.6 NSol=18 T=307.2s ETA=1.85h
[84/719] gen=200 Hurink_edata/la31.fjs AdaptiveSAOS seed=47 HV=5.04e+09 Cmax=3325.1 NSol=17 T=311.5s ETA=1.83h
[85/719] gen=200 Hurink_edata/la31.fjs AdaptiveSAOS seed=48 HV=2.77e+10 Cmax=3375.5 NSol=27 T=310.5s ETA=1.81h
[86/719] gen=200 Hurink_edata/la31.fjs AdaptiveSAOS seed=44 HV=1.21e+10 Cmax=3224.6 NSol=49 T=314.4s ETA=1.78h
[87/719] gen=200 Hurink_edata/la31.fjs AdaptiveSAOS seed=46 HV=4.72e+09 Cmax=3319.9 NSol=19 T=313.7s ETA=1.76h
[88/719] gen=200 Hurink_edata/la31.fjs AdaptiveSAOS seed=51 HV=6.73e+09 Cmax=3174.7 NSol=24 T=311.3s ETA=1.74h
[89/719] gen=200 Hurink_edata/la32.fjs UniformFixed seed=42 HV=2.05e+10 Cmax=3443.1 NSol=23 T=309.9s ETA=1.72h
[90/719] gen=200 Hurink_edata/la32.fjs UniformFixed seed=45 HV=8.65e+09 Cmax=3449.9 NSol=15 T=309.3s ETA=1.70h
[91/719] gen=200 Hurink_edata/la32.fjs UniformFixed seed=44 HV=1.83e+10 Cmax=3643.7 NSol=39 T=310.4s ETA=1.68h
[92/719] gen=200 Hurink_edata/la31.fjs AdaptiveSAOS seed=49 HV=2.17e+10 Cmax=3417.9 NSol=29 T=315.8s ETA=1.66h
[93/719] gen=200 Hurink_edata/la32.fjs UniformFixed seed=43 HV=5.25e+09 Cmax=3499.2 NSol=30 T=312.4s ETA=1.64h
[94/719] gen=200 Hurink_edata/la32.fjs UniformFixed seed=46 HV=5.14e+09 Cmax=3502.8 NSol=24 T=353.4s ETA=1.70h
[95/719] gen=200 Hurink_edata/la32.fjs UniformFixed seed=50 HV=1.37e+10 Cmax=3610.9 NSol=29 T=346.4s ETA=1.68h
[96/719] gen=200 Hurink_edata/la32.fjs UniformFixed seed=47 HV=1.31e+10 Cmax=3538.2 NSol=42 T=351.3s ETA=1.66h
[97/719] gen=200 Hurink_edata/la32.fjs UniformFixed seed=49 HV=1.7e+10 Cmax=3576.4 NSol=34 T=351.0s ETA=1.65h
[98/719] gen=200 Hurink_edata/la32.fjs UniformFixed seed=48 HV=1.68e+10 Cmax=3464.6 NSol=22 T=352.9s ETA=1.63h
[99/719] gen=200 Hurink_edata/la32.fjs UniformFixed seed=51 HV=3.18e+09 Cmax=3672.7 NSol=23 T=352.2s ETA=1.62h
[100/719] gen=200 Hurink_edata/la32.fjs UCBOnly seed=42 HV=8.7e+09 Cmax=3644.5 NSol=15 T=307.1s ETA=1.64h
[101/719] gen=200 Hurink_edata/la32.fjs UCBOnly seed=46 HV=5.33e+09 Cmax=3536.1 NSol=27 T=307.4s ETA=1.62h
[102/719] gen=200 Hurink_edata/la32.fjs UCBOnly seed=45 HV=2.13e+10 Cmax=3420.3 NSol=30 T=308.3s ETA=1.61h
[103/719] gen=200 Hurink_edata/la32.fjs UCBOnly seed=43 HV=1.09e+10 Cmax=3506.7 NSol=24 T=311.5s ETA=1.59h
[104/719] gen=200 Hurink_edata/la32.fjs UCBOnly seed=47 HV=1.22e+10 Cmax=3583.9 NSol=23 T=311.9s ETA=1.58h
[105/719] gen=200 Hurink_edata/la32.fjs UCBOnly seed=44 HV=1.89e+10 Cmax=3428.6 NSol=34 T=314.9s ETA=1.56h
[106/719] gen=200 Hurink_edata/la32.fjs UCBOnly seed=49 HV=7.5e+09 Cmax=3432.3 NSol=24 T=310.3s ETA=1.55h
[107/719] gen=200 Hurink_edata/la32.fjs UCBOnly seed=48 HV=1.81e+10 Cmax=3445.8 NSol=26 T=312.0s ETA=1.53h
[108/719] gen=200 Hurink_edata/la32.fjs UCBOnly seed=51 HV=8.3e+09 Cmax=3373.9 NSol=34 T=313.8s ETA=1.52h
[109/719] gen=200 Hurink_edata/la32.fjs UCBOnly seed=50 HV=3.34e+10 Cmax=3511.0 NSol=39 T=315.1s ETA=1.51h
[110/719] gen=200 Hurink_edata/la32.fjs PPOOnly seed=42 HV=3.21e+09 Cmax=3502.3 NSol=19 T=348.2s ETA=1.56h
[111/719] gen=200 Hurink_edata/la32.fjs PPOOnly seed=43 HV=7.72e+09 Cmax=3592.0 NSol=42 T=349.8s ETA=1.55h
[112/719] gen=200 Hurink_edata/la32.fjs PPOOnly seed=44 HV=1.95e+10 Cmax=3589.4 NSol=41 T=352.8s ETA=1.54h
[113/719] gen=200 Hurink_edata/la32.fjs PPOOnly seed=45 HV=1.2e+10 Cmax=3476.4 NSol=13 T=350.3s ETA=1.52h
[114/719] gen=200 Hurink_edata/la32.fjs PPOOnly seed=51 HV=2.24e+10 Cmax=3620.6 NSol=26 T=342.2s ETA=1.51h
[115/719] gen=200 Hurink_edata/la32.fjs PPOOnly seed=47 HV=2.05e+10 Cmax=3630.1 NSol=24 T=349.6s ETA=1.49h
[116/719] gen=200 Hurink_edata/la32.fjs PPOOnly seed=46 HV=1.04e+10 Cmax=3532.8 NSol=30 T=353.6s ETA=1.48h
[117/719] gen=200 Hurink_edata/la32.fjs PPOOnly seed=50 HV=1.09e+10 Cmax=3517.9 NSol=15 T=349.7s ETA=1.47h
[118/719] gen=200 Hurink_edata/la32.fjs PPOOnly seed=49 HV=2.19e+10 Cmax=3424.9 NSol=24 T=355.0s ETA=1.46h
[119/719] gen=200 Hurink_edata/la32.fjs PPOOnly seed=48 HV=1.08e+10 Cmax=3586.6 NSol=18 T=355.2s ETA=1.44h
[120/719] gen=200 Hurink_edata/la32.fjs FixedUCBPPO seed=42 HV=9.42e+09 Cmax=3630.2 NSol=15 T=352.9s ETA=1.43h
[121/719] gen=200 Hurink_edata/la32.fjs FixedUCBPPO seed=43 HV=1.27e+10 Cmax=3473.8 NSol=32 T=309.6s ETA=1.61h
[122/719] gen=200 Hurink_edata/la32.fjs FixedUCBPPO seed=48 HV=9.35e+09 Cmax=3586.9 NSol=17 T=306.1s ETA=1.60h
[123/719] gen=200 Hurink_edata/la32.fjs FixedUCBPPO seed=46 HV=1.45e+10 Cmax=3525.4 NSol=23 T=308.0s ETA=1.59h
[124/719] gen=200 Hurink_edata/la32.fjs RandomUCBPPO seed=43 HV=6.77e+09 Cmax=3480.4 NSol=23 T=305.5s ETA=1.57h
[125/719] gen=200 Hurink_edata/la32.fjs FixedUCBPPO seed=44 HV=2.88e+10 Cmax=3439.1 NSol=27 T=313.7s ETA=1.56h
[126/719] gen=200 Hurink_edata/la32.fjs FixedUCBPPO seed=47 HV=6.61e+09 Cmax=3531.6 NSol=18 T=310.4s ETA=1.54h
[127/719] gen=200 Hurink_edata/la32.fjs FixedUCBPPO seed=45 HV=1.03e+10 Cmax=3357.1 NSol=21 T=312.9s ETA=1.53h
[128/719] gen=200 Hurink_edata/la32.fjs FixedUCBPPO seed=50 HV=2.21e+10 Cmax=3574.3 NSol=28 T=308.7s ETA=1.52h
[129/719] gen=200 Hurink_edata/la32.fjs RandomUCBPPO seed=42 HV=1.4e+10 Cmax=3640.1 NSol=22 T=308.0s ETA=1.50h
[130/719] gen=200 Hurink_edata/la32.fjs FixedUCBPPO seed=51 HV=1.34e+10 Cmax=3412.0 NSol=30 T=309.2s ETA=1.49h
[131/719] gen=200 Hurink_edata/la32.fjs FixedUCBPPO seed=49 HV=3.63e+09 Cmax=3435.2 NSol=23 T=310.5s ETA=1.48h
[132/719] gen=200 Hurink_edata/la32.fjs RandomUCBPPO seed=44 HV=5.92e+09 Cmax=3433.5 NSol=36 T=311.2s ETA=1.47h
[133/719] gen=200 Hurink_edata/la32.fjs RandomUCBPPO seed=45 HV=1.39e+10 Cmax=3414.7 NSol=25 T=311.3s ETA=1.45h
[134/719] gen=200 Hurink_edata/la32.fjs AdaptiveNoBC seed=42 HV=1.29e+10 Cmax=3742.4 NSol=16 T=307.3s ETA=1.53h
[135/719] gen=200 Hurink_edata/la32.fjs AdaptiveNoBC seed=43 HV=2e+10 Cmax=3458.8 NSol=10 T=304.3s ETA=1.51h
[136/719] gen=200 Hurink_edata/la32.fjs RandomUCBPPO seed=46 HV=9.92e+09 Cmax=3468.2 NSol=19 T=343.1s ETA=1.51h
[137/719] gen=200 Hurink_edata/la32.fjs RandomUCBPPO seed=48 HV=1.29e+10 Cmax=3520.7 NSol=17 T=344.3s ETA=1.49h
[138/719] gen=200 Hurink_edata/la32.fjs AdaptiveNoBC seed=44 HV=6.55e+09 Cmax=3581.5 NSol=20 T=310.4s ETA=1.48h
[139/719] gen=200 Hurink_edata/la32.fjs RandomUCBPPO seed=47 HV=3.5e+09 Cmax=3558.5 NSol=16 T=346.7s ETA=1.47h
[140/719] gen=200 Hurink_edata/la32.fjs RandomUCBPPO seed=50 HV=4.41e+09 Cmax=3541.8 NSol=10 T=343.3s ETA=1.46h
[141/719] gen=200 Hurink_edata/la32.fjs AdaptiveNoBC seed=46 HV=8.42e+09 Cmax=3482.9 NSol=32 T=308.6s ETA=1.44h
[142/719] gen=200 Hurink_edata/la32.fjs AdaptiveNoBC seed=45 HV=1.03e+10 Cmax=3459.9 NSol=18 T=313.0s ETA=1.43h
[143/719] gen=200 Hurink_edata/la32.fjs AdaptiveNoBC seed=48 HV=9.62e+09 Cmax=3568.3 NSol=22 T=308.0s ETA=1.42h
[144/719] gen=200 Hurink_edata/la32.fjs AdaptiveNoBC seed=49 HV=6.11e+09 Cmax=3471.2 NSol=32 T=308.4s ETA=1.41h
[145/719] gen=200 Hurink_edata/la32.fjs AdaptiveNoBC seed=47 HV=9.19e+09 Cmax=3572.0 NSol=24 T=313.9s ETA=1.40h
[146/719] gen=200 Hurink_edata/la32.fjs RandomUCBPPO seed=49 HV=4.99e+09 Cmax=3472.6 NSol=28 T=351.8s ETA=1.39h
[147/719] gen=200 Hurink_edata/la32.fjs RandomUCBPPO seed=51 HV=1.39e+09 Cmax=3372.4 NSol=10 T=346.8s ETA=1.38h
[148/719] gen=200 Hurink_edata/la32.fjs AdaptiveNoBC seed=50 HV=1.23e+10 Cmax=3531.2 NSol=25 T=314.2s ETA=1.37h
[149/719] gen=200 Hurink_edata/la32.fjs AdaptiveNoBC seed=51 HV=1.68e+10 Cmax=3511.0 NSol=35 T=313.4s ETA=1.36h
[150/719] gen=200 Hurink_edata/la32.fjs AdaptiveSAOS seed=44 HV=1.19e+10 Cmax=3504.2 NSol=23 T=310.3s ETA=1.40h
[151/719] gen=200 Hurink_edata/la32.fjs AdaptiveSAOS seed=48 HV=1.04e+10 Cmax=3570.2 NSol=16 T=305.0s ETA=1.39h
[152/719] gen=200 Hurink_edata/la32.fjs AdaptiveSAOS seed=46 HV=1.21e+10 Cmax=3492.6 NSol=39 T=311.8s ETA=1.38h
[153/719] gen=200 Hurink_edata/la32.fjs AdaptiveSAOS seed=42 HV=3.78e+09 Cmax=3668.3 NSol=28 T=351.0s ETA=1.40h
[154/719] gen=200 Hurink_edata/la32.fjs AdaptiveSAOS seed=43 HV=1.35e+10 Cmax=3378.0 NSol=21 T=351.5s ETA=1.40h
[155/719] gen=200 Hurink_edata/la32.fjs AdaptiveSAOS seed=45 HV=1.01e+10 Cmax=3417.3 NSol=26 T=356.5s ETA=1.39h
[156/719] gen=200 Hurink_edata/la32.fjs AdaptiveSAOS seed=47 HV=3.56e+09 Cmax=3596.2 NSol=11 T=356.2s ETA=1.38h
[157/719] gen=200 Hurink_edata/la32.fjs AdaptiveSAOS seed=49 HV=4.46e+09 Cmax=3453.5 NSol=62 T=353.5s ETA=1.37h
[158/719] gen=200 Hurink_edata/la32.fjs AdaptiveSAOS seed=51 HV=1.18e+10 Cmax=3495.6 NSol=13 T=350.8s ETA=1.36h
[159/719] gen=200 Hurink_edata/la32.fjs AdaptiveSAOS seed=50 HV=2.86e+09 Cmax=3536.6 NSol=12 T=355.2s ETA=1.36h
[160/719] gen=200 Hurink_edata/la33.fjs UniformFixed seed=42 HV=1.41e+09 Cmax=3162.5 NSol=26 T=355.7s ETA=1.35h
[161/719] gen=200 Hurink_edata/la33.fjs UniformFixed seed=43 HV=7.81e+09 Cmax=3233.9 NSol=33 T=306.6s ETA=1.42h
[162/719] gen=200 Hurink_edata/la33.fjs UniformFixed seed=45 HV=3.03e+09 Cmax=2997.2 NSol=13 T=304.1s ETA=1.42h
[163/719] gen=200 Hurink_edata/la33.fjs UniformFixed seed=47 HV=1.51e+10 Cmax=3111.0 NSol=16 T=303.5s ETA=1.41h
[164/719] gen=200 Hurink_edata/la33.fjs UniformFixed seed=49 HV=5.52e+08 Cmax=3098.5 NSol=4 T=304.8s ETA=1.40h
[165/719] gen=200 Hurink_edata/la33.fjs UniformFixed seed=44 HV=5.2e+09 Cmax=3050.3 NSol=43 T=308.9s ETA=1.39h
[166/719] gen=200 Hurink_edata/la33.fjs UCBOnly seed=43 HV=7.3e+09 Cmax=3142.3 NSol=40 T=304.4s ETA=1.38h
[167/719] gen=200 Hurink_edata/la33.fjs UniformFixed seed=48 HV=6.88e+08 Cmax=3023.7 NSol=7 T=306.0s ETA=1.37h
[168/719] gen=200 Hurink_edata/la33.fjs UCBOnly seed=42 HV=6.89e+09 Cmax=2896.7 NSol=25 T=305.4s ETA=1.36h
[169/719] gen=200 Hurink_edata/la33.fjs UniformFixed seed=46 HV=1.01e+10 Cmax=3012.9 NSol=33 T=309.3s ETA=1.35h
[170/719] gen=200 Hurink_edata/la33.fjs UniformFixed seed=50 HV=3.3e+10 Cmax=3078.5 NSol=31 T=307.6s ETA=1.34h
[171/719] gen=200 Hurink_edata/la33.fjs UCBOnly seed=45 HV=2.39e+09 Cmax=2899.1 NSol=18 T=302.1s ETA=1.33h
[172/719] gen=200 Hurink_edata/la33.fjs UniformFixed seed=51 HV=5.55e+09 Cmax=2972.3 NSol=23 T=308.5s ETA=1.32h
[173/719] gen=200 Hurink_edata/la33.fjs UCBOnly seed=44 HV=5.76e+09 Cmax=3064.2 NSol=16 T=305.0s ETA=1.31h
[174/719] gen=200 Hurink_edata/la33.fjs UCBOnly seed=46 HV=8.66e+09 Cmax=3123.7 NSol=41 T=306.7s ETA=1.36h
[175/719] gen=200 Hurink_edata/la33.fjs UCBOnly seed=47 HV=2.87e+10 Cmax=3145.6 NSol=16 T=308.2s ETA=1.35h
[176/719] gen=200 Hurink_edata/la33.fjs UCBOnly seed=50 HV=5.96e+09 Cmax=3092.8 NSol=18 T=307.2s ETA=1.35h
[177/719] gen=200 Hurink_edata/la33.fjs PPOOnly seed=45 HV=1.18e+09 Cmax=3029.1 NSol=15 T=303.1s ETA=1.34h
[178/719] gen=200 Hurink_edata/la33.fjs PPOOnly seed=43 HV=1.72e+09 Cmax=2921.0 NSol=14 T=308.3s ETA=1.33h
[179/719] gen=200 Hurink_edata/la33.fjs PPOOnly seed=46 HV=2.15e+09 Cmax=3004.0 NSol=24 T=307.5s ETA=1.32h
[180/719] gen=200 Hurink_edata/la33.fjs PPOOnly seed=44 HV=5.22e+09 Cmax=3072.1 NSol=33 T=310.1s ETA=1.31h
[181/719] gen=200 Hurink_edata/la33.fjs PPOOnly seed=47 HV=4.1e+09 Cmax=3127.9 NSol=24 T=311.3s ETA=1.31h
[182/719] gen=200 Hurink_edata/la33.fjs PPOOnly seed=50 HV=1.95e+10 Cmax=2970.6 NSol=24 T=306.4s ETA=1.30h
[183/719] gen=200 Hurink_edata/la33.fjs PPOOnly seed=51 HV=1.86e+10 Cmax=3065.2 NSol=18 T=309.8s ETA=1.30h
[184/719] gen=200 Hurink_edata/la33.fjs PPOOnly seed=42 HV=4.7e+09 Cmax=2961.5 NSol=28 T=336.3s ETA=1.30h
[185/719] gen=200 Hurink_edata/la33.fjs UCBOnly seed=49 HV=9.68e+09 Cmax=3059.9 NSol=22 T=339.0s ETA=1.29h
[186/719] gen=200 Hurink_edata/la33.fjs UCBOnly seed=48 HV=5.36e+09 Cmax=2967.6 NSol=36 T=342.7s ETA=1.28h
[187/719] gen=200 Hurink_edata/la33.fjs UCBOnly seed=51 HV=7.29e+09 Cmax=3040.9 NSol=16 T=340.6s ETA=1.27h
[188/719] gen=200 Hurink_edata/la33.fjs PPOOnly seed=48 HV=1.5e+10 Cmax=3167.5 NSol=25 T=340.0s ETA=1.27h
[189/719] gen=200 Hurink_edata/la33.fjs PPOOnly seed=49 HV=2.15e+09 Cmax=3090.9 NSol=14 T=341.8s ETA=1.26h
[190/719] gen=200 Hurink_edata/la33.fjs FixedUCBPPO seed=42 HV=1.18e+09 Cmax=2950.7 NSol=11 T=304.5s ETA=1.26h
[191/719] gen=200 Hurink_edata/la33.fjs FixedUCBPPO seed=43 HV=4.82e+09 Cmax=3149.7 NSol=17 T=304.5s ETA=1.26h
[192/719] gen=200 Hurink_edata/la33.fjs FixedUCBPPO seed=44 HV=9.11e+09 Cmax=3004.1 NSol=27 T=304.4s ETA=1.25h
[193/719] gen=200 Hurink_edata/la33.fjs FixedUCBPPO seed=46 HV=3.18e+09 Cmax=3028.2 NSol=24 T=311.3s ETA=1.27h
[194/719] gen=200 Hurink_edata/la33.fjs FixedUCBPPO seed=45 HV=1.24e+09 Cmax=2920.3 NSol=17 T=333.9s ETA=1.28h
[195/719] gen=200 Hurink_edata/la33.fjs FixedUCBPPO seed=50 HV=3.09e+09 Cmax=3050.2 NSol=19 T=325.6s ETA=1.28h
[196/719] gen=200 Hurink_edata/la33.fjs FixedUCBPPO seed=47 HV=1.03e+10 Cmax=3128.2 NSol=33 T=337.3s ETA=1.27h
[197/719] gen=200 Hurink_edata/la33.fjs FixedUCBPPO seed=48 HV=5.19e+09 Cmax=3009.6 NSol=15 T=339.9s ETA=1.27h
[198/719] gen=200 Hurink_edata/la33.fjs FixedUCBPPO seed=49 HV=3.55e+09 Cmax=3128.4 NSol=15 T=340.0s ETA=1.26h
[199/719] gen=200 Hurink_edata/la33.fjs FixedUCBPPO seed=51 HV=6.44e+09 Cmax=3078.6 NSol=29 T=341.7s ETA=1.25h
[200/719] gen=200 Hurink_edata/la33.fjs RandomUCBPPO seed=42 HV=3.23e+08 Cmax=2936.9 NSol=5 T=340.8s ETA=1.25h
[201/719] gen=200 Hurink_edata/la33.fjs RandomUCBPPO seed=43 HV=2.45e+09 Cmax=3072.2 NSol=20 T=296.7s ETA=1.27h
[202/719] gen=200 Hurink_edata/la33.fjs RandomUCBPPO seed=44 HV=5.83e+09 Cmax=3177.3 NSol=8 T=295.6s ETA=1.26h
[203/719] gen=200 Hurink_edata/la33.fjs RandomUCBPPO seed=46 HV=6.98e+08 Cmax=3055.2 NSol=7 T=295.2s ETA=1.26h
[204/719] gen=200 Hurink_edata/la33.fjs RandomUCBPPO seed=48 HV=6.41e+09 Cmax=3001.1 NSol=13 T=297.9s ETA=1.25h
[205/719] gen=200 Hurink_edata/la33.fjs RandomUCBPPO seed=49 HV=3.06e+09 Cmax=3057.0 NSol=13 T=298.5s ETA=1.24h
[206/719] gen=200 Hurink_edata/la33.fjs RandomUCBPPO seed=51 HV=6.35e+08 Cmax=3118.3 NSol=17 T=297.8s ETA=1.24h
[207/719] gen=200 Hurink_edata/la33.fjs AdaptiveNoBC seed=44 HV=8.83e+09 Cmax=3121.1 NSol=9 T=296.8s ETA=1.23h
[208/719] gen=200 Hurink_edata/la33.fjs AdaptiveNoBC seed=42 HV=5.55e+09 Cmax=2975.2 NSol=16 T=298.6s ETA=1.22h
[209/719] gen=200 Hurink_edata/la33.fjs AdaptiveNoBC seed=43 HV=5.38e+09 Cmax=3194.6 NSol=27 T=298.6s ETA=1.21h
[210/719] gen=200 Hurink_edata/la33.fjs RandomUCBPPO seed=47 HV=2.72e+09 Cmax=3017.6 NSol=18 T=302.2s ETA=1.20h
[211/719] gen=200 Hurink_edata/la33.fjs RandomUCBPPO seed=50 HV=3.77e+09 Cmax=3070.0 NSol=30 T=301.0s ETA=1.20h
[212/719] gen=200 Hurink_edata/la33.fjs AdaptiveNoBC seed=45 HV=3.66e+09 Cmax=2975.9 NSol=18 T=298.0s ETA=1.19h
[213/719] gen=200 Hurink_edata/la33.fjs RandomUCBPPO seed=45 HV=3.81e+09 Cmax=2898.9 NSol=27 T=321.1s ETA=1.19h
[214/719] gen=200 Hurink_edata/la33.fjs AdaptiveNoBC seed=46 HV=9.02e+08 Cmax=3139.0 NSol=13 T=298.3s ETA=1.22h
[215/719] gen=200 Hurink_edata/la33.fjs AdaptiveNoBC seed=47 HV=4.13e+09 Cmax=3144.5 NSol=20 T=302.5s ETA=1.22h
[216/719] gen=200 Hurink_edata/la33.fjs AdaptiveNoBC seed=48 HV=6.7e+09 Cmax=2924.6 NSol=28 T=299.7s ETA=1.21h
[217/719] gen=200 Hurink_edata/la33.fjs AdaptiveNoBC seed=49 HV=5.94e+09 Cmax=3143.0 NSol=13 T=300.2s ETA=1.20h
[218/719] gen=200 Hurink_edata/la33.fjs AdaptiveNoBC seed=50 HV=4.43e+09 Cmax=3129.0 NSol=19 T=300.5s ETA=1.20h
[219/719] gen=200 Hurink_edata/la33.fjs AdaptiveSAOS seed=42 HV=6.83e+09 Cmax=2941.4 NSol=24 T=301.7s ETA=1.19h
[220/719] gen=200 Hurink_edata/la33.fjs AdaptiveNoBC seed=51 HV=5.48e+09 Cmax=3073.9 NSol=16 T=302.7s ETA=1.19h
[221/719] gen=200 Hurink_edata/la33.fjs AdaptiveSAOS seed=45 HV=2.18e+09 Cmax=2937.8 NSol=25 T=298.6s ETA=1.18h
[222/719] gen=200 Hurink_edata/la33.fjs AdaptiveSAOS seed=43 HV=2.74e+09 Cmax=3145.6 NSol=11 T=305.6s ETA=1.18h
[223/719] gen=200 Hurink_edata/la33.fjs AdaptiveSAOS seed=44 HV=5.63e+09 Cmax=3116.4 NSol=4 T=303.9s ETA=1.17h
[224/719] gen=200 Hurink_edata/la33.fjs AdaptiveSAOS seed=49 HV=7.6e+09 Cmax=3142.8 NSol=17 T=312.9s ETA=1.18h
[225/719] gen=200 Hurink_edata/la34.fjs UniformFixed seed=42 HV=7.21e+09 Cmax=3550.3 NSol=20 T=297.8s ETA=1.18h
[226/719] gen=200 Hurink_edata/la34.fjs UniformFixed seed=44 HV=1.33e+10 Cmax=3429.8 NSol=15 T=296.7s ETA=1.17h
[227/719] gen=200 Hurink_edata/la33.fjs AdaptiveSAOS seed=46 HV=2.56e+09 Cmax=3094.7 NSol=20 T=331.5s ETA=1.17h
[228/719] gen=200 Hurink_edata/la34.fjs UniformFixed seed=43 HV=2.94e+09 Cmax=3233.9 NSol=10 T=302.6s ETA=1.16h
[229/719] gen=200 Hurink_edata/la33.fjs AdaptiveSAOS seed=47 HV=2.33e+10 Cmax=3131.5 NSol=17 T=334.7s ETA=1.15h
[230/719] gen=200 Hurink_edata/la33.fjs AdaptiveSAOS seed=48 HV=4.8e+08 Cmax=3014.6 NSol=11 T=333.5s ETA=1.15h
[231/719] gen=200 Hurink_edata/la33.fjs AdaptiveSAOS seed=50 HV=8.28e+09 Cmax=3041.5 NSol=34 T=335.9s ETA=1.15h
[232/719] gen=200 Hurink_edata/la33.fjs AdaptiveSAOS seed=51 HV=8.01e+09 Cmax=3017.2 NSol=29 T=337.5s ETA=1.14h
[233/719] gen=200 Hurink_edata/la34.fjs UniformFixed seed=45 HV=4.37e+09 Cmax=3226.1 NSol=15 T=301.3s ETA=1.15h
[234/719] gen=200 Hurink_edata/la34.fjs UniformFixed seed=47 HV=1.19e+10 Cmax=3517.9 NSol=15 T=298.8s ETA=1.16h
[235/719] gen=200 Hurink_edata/la34.fjs UniformFixed seed=48 HV=1.35e+10 Cmax=3303.8 NSol=18 T=304.8s ETA=1.16h
[236/719] gen=200 Hurink_edata/la34.fjs UniformFixed seed=46 HV=1.89e+10 Cmax=3248.5 NSol=27 T=335.6s ETA=1.16h
[237/719] gen=200 Hurink_edata/la34.fjs UniformFixed seed=49 HV=1.18e+10 Cmax=3356.6 NSol=15 T=334.7s ETA=1.16h
[238/719] gen=200 Hurink_edata/la34.fjs UniformFixed seed=50 HV=7.32e+09 Cmax=3398.6 NSol=14 T=339.1s ETA=1.16h
[239/719] gen=200 Hurink_edata/la34.fjs UniformFixed seed=51 HV=1.27e+10 Cmax=3353.0 NSol=14 T=334.3s ETA=1.15h
[240/719] gen=200 Hurink_edata/la34.fjs UCBOnly seed=42 HV=8.82e+09 Cmax=3309.8 NSol=8 T=334.2s ETA=1.14h
[241/719] gen=200 Hurink_edata/la34.fjs UCBOnly seed=43 HV=3.34e+09 Cmax=3234.6 NSol=8 T=303.0s ETA=1.14h
[242/719] gen=200 Hurink_edata/la34.fjs UCBOnly seed=44 HV=1.28e+10 Cmax=3290.0 NSol=7 T=300.9s ETA=1.14h
[243/719] gen=200 Hurink_edata/la34.fjs UCBOnly seed=46 HV=4.91e+09 Cmax=3219.6 NSol=21 T=301.1s ETA=1.14h
[244/719] gen=200 Hurink_edata/la34.fjs UCBOnly seed=45 HV=2.32e+09 Cmax=3237.9 NSol=8 T=305.4s ETA=1.13h
[245/719] gen=200 Hurink_edata/la34.fjs UCBOnly seed=48 HV=8.18e+09 Cmax=3273.3 NSol=11 T=301.1s ETA=1.12h
[246/719] gen=200 Hurink_edata/la34.fjs UCBOnly seed=50 HV=1.55e+10 Cmax=3095.8 NSol=29 T=301.6s ETA=1.12h
[247/719] gen=200 Hurink_edata/la34.fjs PPOOnly seed=42 HV=3.1e+09 Cmax=3185.8 NSol=6 T=301.4s ETA=1.11h
[248/719] gen=200 Hurink_edata/la34.fjs PPOOnly seed=44 HV=1.6e+10 Cmax=3300.7 NSol=17 T=302.5s ETA=1.10h
[249/719] gen=200 Hurink_edata/la34.fjs UCBOnly seed=47 HV=9.86e+09 Cmax=3205.3 NSol=14 T=307.8s ETA=1.10h
[250/719] gen=200 Hurink_edata/la34.fjs UCBOnly seed=51 HV=3.61e+09 Cmax=3154.0 NSol=12 T=304.8s ETA=1.09h
[251/719] gen=200 Hurink_edata/la34.fjs PPOOnly seed=43 HV=1.41e+10 Cmax=3396.1 NSol=16 T=304.4s ETA=1.08h
[252/719] gen=200 Hurink_edata/la34.fjs UCBOnly seed=49 HV=1.02e+10 Cmax=3235.9 NSol=33 T=306.4s ETA=1.08h
[253/719] gen=200 Hurink_edata/la34.fjs PPOOnly seed=45 HV=1.21e+10 Cmax=3349.5 NSol=7 T=333.4s ETA=1.09h
[254/719] gen=200 Hurink_edata/la34.fjs PPOOnly seed=46 HV=1e+10 Cmax=3278.9 NSol=14 T=303.3s ETA=1.10h
[255/719] gen=200 Hurink_edata/la34.fjs PPOOnly seed=50 HV=4.57e+09 Cmax=3141.2 NSol=15 T=302.6s ETA=1.10h
[256/719] gen=200 Hurink_edata/la34.fjs FixedUCBPPO seed=42 HV=1e+10 Cmax=3331.7 NSol=14 T=301.2s ETA=1.10h
[257/719] gen=200 Hurink_edata/la34.fjs PPOOnly seed=49 HV=6.86e+09 Cmax=3441.3 NSol=17 T=308.7s ETA=1.09h
[258/719] gen=200 Hurink_edata/la34.fjs PPOOnly seed=48 HV=1.05e+10 Cmax=3263.0 NSol=11 T=309.8s ETA=1.08h
[259/719] gen=200 Hurink_edata/la34.fjs PPOOnly seed=51 HV=9.15e+09 Cmax=3215.7 NSol=24 T=308.8s ETA=1.08h
[260/719] gen=200 Hurink_edata/la34.fjs PPOOnly seed=47 HV=7.33e+09 Cmax=3295.0 NSol=16 T=323.4s ETA=1.08h
[261/719] gen=200 Hurink_edata/la34.fjs FixedUCBPPO seed=43 HV=6.81e+09 Cmax=3333.8 NSol=11 T=305.1s ETA=1.07h
[262/719] gen=200 Hurink_edata/la34.fjs FixedUCBPPO seed=44 HV=1.23e+10 Cmax=3279.4 NSol=21 T=307.6s ETA=1.07h
[263/719] gen=200 Hurink_edata/la34.fjs FixedUCBPPO seed=45 HV=3.15e+09 Cmax=3223.8 NSol=7 T=310.0s ETA=1.06h
[264/719] gen=200 Hurink_edata/la34.fjs FixedUCBPPO seed=46 HV=1.37e+10 Cmax=3173.7 NSol=55 T=305.9s ETA=1.07h
[265/719] gen=200 Hurink_edata/la34.fjs FixedUCBPPO seed=47 HV=2.94e+09 Cmax=3279.5 NSol=8 T=302.4s ETA=1.06h
[266/719] gen=200 Hurink_edata/la34.fjs FixedUCBPPO seed=48 HV=1.98e+10 Cmax=3247.9 NSol=18 T=303.0s ETA=1.06h
[267/719] gen=200 Hurink_edata/la34.fjs FixedUCBPPO seed=50 HV=9.44e+09 Cmax=3279.4 NSol=16 T=302.8s ETA=1.05h
[268/719] gen=200 Hurink_edata/la34.fjs FixedUCBPPO seed=51 HV=3.72e+09 Cmax=3114.9 NSol=21 T=335.6s ETA=1.06h
[269/719] gen=200 Hurink_edata/la34.fjs FixedUCBPPO seed=49 HV=4.98e+09 Cmax=3308.9 NSol=23 T=341.2s ETA=1.06h
[270/719] gen=200 Hurink_edata/la34.fjs RandomUCBPPO seed=42 HV=6.9e+09 Cmax=3325.0 NSol=9 T=337.5s ETA=1.05h
[271/719] gen=200 Hurink_edata/la34.fjs RandomUCBPPO seed=43 HV=2.14e+09 Cmax=3358.8 NSol=14 T=330.9s ETA=1.05h
[272/719] gen=200 Hurink_edata/la34.fjs RandomUCBPPO seed=45 HV=4.7e+09 Cmax=3254.5 NSol=46 T=306.6s ETA=1.04h
[273/719] gen=200 Hurink_edata/la34.fjs RandomUCBPPO seed=44 HV=6.17e+09 Cmax=3295.6 NSol=9 T=338.5s ETA=1.04h
[274/719] gen=200 Hurink_edata/la34.fjs RandomUCBPPO seed=46 HV=1.18e+10 Cmax=3211.7 NSol=23 T=303.7s ETA=1.04h
[275/719] gen=200 Hurink_edata/la34.fjs RandomUCBPPO seed=47 HV=3.4e+09 Cmax=3229.7 NSol=7 T=300.3s ETA=1.04h
[276/719] gen=200 Hurink_edata/la34.fjs AdaptiveNoBC seed=44 HV=1.18e+10 Cmax=3347.3 NSol=18 T=298.6s ETA=1.06h
[277/719] gen=200 Hurink_edata/la34.fjs RandomUCBPPO seed=48 HV=1.53e+10 Cmax=3206.5 NSol=11 T=344.1s ETA=1.05h
[278/719] gen=200 Hurink_edata/la34.fjs AdaptiveNoBC seed=43 HV=5.62e+09 Cmax=3307.8 NSol=23 T=302.3s ETA=1.05h
[279/719] gen=200 Hurink_edata/la34.fjs AdaptiveNoBC seed=45 HV=2.36e+09 Cmax=3237.7 NSol=8 T=296.8s ETA=1.04h
[280/719] gen=200 Hurink_edata/la34.fjs AdaptiveNoBC seed=48 HV=1.04e+10 Cmax=3227.5 NSol=22 T=299.8s ETA=1.04h
[281/719] gen=200 Hurink_edata/la34.fjs AdaptiveNoBC seed=47 HV=4.54e+09 Cmax=3220.6 NSol=19 T=301.2s ETA=1.04h
[282/719] gen=200 Hurink_edata/la34.fjs AdaptiveNoBC seed=46 HV=7.14e+09 Cmax=3172.0 NSol=41 T=303.5s ETA=1.03h
[283/719] gen=200 Hurink_edata/la34.fjs AdaptiveNoBC seed=50 HV=5.82e+09 Cmax=3130.8 NSol=12 T=299.0s ETA=1.02h
[284/719] gen=200 Hurink_edata/la34.fjs AdaptiveNoBC seed=51 HV=6.18e+09 Cmax=3148.0 NSol=16 T=299.0s ETA=1.02h
[285/719] gen=200 Hurink_edata/la34.fjs AdaptiveNoBC seed=49 HV=7.95e+09 Cmax=3341.6 NSol=17 T=302.5s ETA=1.01h
[286/719] gen=200 Hurink_edata/la34.fjs AdaptiveSAOS seed=42 HV=6.49e+09 Cmax=3325.1 NSol=12 T=299.3s ETA=1.01h
[287/719] gen=200 Hurink_edata/la34.fjs AdaptiveSAOS seed=44 HV=7.27e+09 Cmax=3293.1 NSol=11 T=300.0s ETA=1.00h
[288/719] gen=200 Hurink_edata/la34.fjs AdaptiveSAOS seed=43 HV=4.2e+09 Cmax=3271.8 NSol=17 T=302.7s ETA=1.00h
[289/719] gen=200 Hurink_edata/la34.fjs RandomUCBPPO seed=50 HV=2.52e+09 Cmax=3271.5 NSol=8 T=336.9s ETA=0.99h
[290/719] gen=200 Hurink_edata/la34.fjs RandomUCBPPO seed=51 HV=3.09e+09 Cmax=3187.7 NSol=15 T=335.6s ETA=0.99h
[291/719] gen=200 Hurink_edata/la34.fjs RandomUCBPPO seed=49 HV=5.13e+09 Cmax=3195.1 NSol=18 T=346.6s ETA=0.98h
[292/719] gen=200 Hurink_edata/la34.fjs AdaptiveNoBC seed=42 HV=1.76e+10 Cmax=3276.4 NSol=16 T=338.7s ETA=0.98h
[293/719] gen=200 Hurink_edata/la34.fjs AdaptiveSAOS seed=46 HV=4.85e+09 Cmax=3236.1 NSol=42 T=305.5s ETA=1.00h
[294/719] gen=200 Hurink_edata/la34.fjs AdaptiveSAOS seed=45 HV=4.86e+09 Cmax=3251.8 NSol=8 T=335.8s ETA=0.99h
[295/719] gen=200 Hurink_edata/la34.fjs AdaptiveSAOS seed=47 HV=7.48e+09 Cmax=3215.1 NSol=17 T=301.4s ETA=0.99h
[296/719] gen=200 Hurink_edata/la34.fjs AdaptiveSAOS seed=48 HV=6.97e+09 Cmax=3284.4 NSol=11 T=301.3s ETA=0.99h
[297/719] gen=200 Hurink_edata/la34.fjs AdaptiveSAOS seed=50 HV=2.54e+09 Cmax=3126.8 NSol=6 T=301.4s ETA=0.98h
[298/719] gen=200 Hurink_edata/la34.fjs AdaptiveSAOS seed=51 HV=2.45e+09 Cmax=3088.2 NSol=12 T=296.7s ETA=0.98h
[299/719] gen=200 Hurink_edata/la34.fjs AdaptiveSAOS seed=49 HV=7.55e+09 Cmax=3307.3 NSol=24 T=304.5s ETA=0.97h
[300/719] gen=200 Hurink_edata/la35.fjs UniformFixed seed=43 HV=1.89e+10 Cmax=3564.5 NSol=13 T=304.7s ETA=0.97h
[301/719] gen=200 Hurink_edata/la35.fjs UniformFixed seed=44 HV=2.89e+10 Cmax=3499.9 NSol=27 T=301.5s ETA=0.97h
[302/719] gen=200 Hurink_edata/la35.fjs UniformFixed seed=45 HV=2.18e+10 Cmax=3409.8 NSol=24 T=305.2s ETA=0.96h
[303/719] gen=200 Hurink_edata/la35.fjs UniformFixed seed=46 HV=1.66e+10 Cmax=3334.7 NSol=14 T=300.9s ETA=0.96h
[304/719] gen=200 Hurink_edata/la35.fjs UniformFixed seed=42 HV=2.18e+10 Cmax=3408.7 NSol=25 T=342.6s ETA=0.96h
[305/719] gen=200 Hurink_edata/la35.fjs UniformFixed seed=47 HV=2.09e+10 Cmax=3535.6 NSol=24 T=302.3s ETA=0.96h
[306/719] gen=200 Hurink_edata/la35.fjs UniformFixed seed=48 HV=1.75e+10 Cmax=3489.0 NSol=17 T=304.9s ETA=0.95h
[307/719] gen=200 Hurink_edata/la35.fjs UniformFixed seed=49 HV=2.25e+10 Cmax=3467.7 NSol=12 T=302.6s ETA=0.95h
[308/719] gen=200 Hurink_edata/la35.fjs UCBOnly seed=44 HV=1.24e+10 Cmax=3334.1 NSol=17 T=303.4s ETA=0.96h
[309/719] gen=200 Hurink_edata/la35.fjs UCBOnly seed=46 HV=8.6e+09 Cmax=3497.9 NSol=13 T=298.1s ETA=0.96h
[310/719] gen=200 Hurink_edata/la35.fjs UniformFixed seed=50 HV=1.79e+10 Cmax=3367.6 NSol=14 T=343.7s ETA=0.96h
[311/719] gen=200 Hurink_edata/la35.fjs UCBOnly seed=47 HV=6.23e+09 Cmax=3477.5 NSol=12 T=300.0s ETA=0.95h
[312/719] gen=200 Hurink_edata/la35.fjs UniformFixed seed=51 HV=2.02e+10 Cmax=3446.9 NSol=10 T=344.4s ETA=0.95h
[313/719] gen=200 Hurink_edata/la35.fjs UCBOnly seed=42 HV=1.28e+10 Cmax=3623.3 NSol=17 T=344.8s ETA=0.95h
[314/719] gen=200 Hurink_edata/la35.fjs UCBOnly seed=43 HV=3.05e+10 Cmax=3590.4 NSol=18 T=342.8s ETA=0.94h
[315/719] gen=200 Hurink_edata/la35.fjs UCBOnly seed=45 HV=1.77e+10 Cmax=3386.4 NSol=20 T=343.6s ETA=0.94h
[316/719] gen=200 Hurink_edata/la35.fjs UCBOnly seed=48 HV=4.98e+09 Cmax=3580.5 NSol=11 T=297.4s ETA=0.95h
[317/719] gen=200 Hurink_edata/la35.fjs UCBOnly seed=50 HV=3.04e+10 Cmax=3624.0 NSol=24 T=297.7s ETA=0.94h
[318/719] gen=200 Hurink_edata/la35.fjs UCBOnly seed=51 HV=1.07e+10 Cmax=3334.9 NSol=19 T=299.3s ETA=0.94h
[319/719] gen=200 Hurink_edata/la35.fjs PPOOnly seed=42 HV=5.03e+09 Cmax=3648.7 NSol=15 T=294.2s ETA=0.94h
[320/719] gen=200 Hurink_edata/la35.fjs PPOOnly seed=44 HV=2.01e+10 Cmax=3416.4 NSol=15 T=297.3s ETA=0.93h
[321/719] gen=200 Hurink_edata/la35.fjs PPOOnly seed=45 HV=1.26e+10 Cmax=3500.0 NSol=20 T=298.6s ETA=0.93h
[322/719] gen=200 Hurink_edata/la35.fjs PPOOnly seed=43 HV=1.14e+10 Cmax=3604.0 NSol=9 T=300.9s ETA=0.92h
[323/719] gen=200 Hurink_edata/la35.fjs PPOOnly seed=46 HV=9.44e+09 Cmax=3479.9 NSol=27 T=298.6s ETA=0.92h
[324/719] gen=200 Hurink_edata/la35.fjs PPOOnly seed=48 HV=1.77e+10 Cmax=3543.9 NSol=15 T=300.4s ETA=0.91h
[325/719] gen=200 Hurink_edata/la35.fjs PPOOnly seed=47 HV=1.12e+10 Cmax=3497.4 NSol=25 T=300.7s ETA=0.91h
[326/719] gen=200 Hurink_edata/la35.fjs PPOOnly seed=50 HV=2.2e+10 Cmax=3536.9 NSol=19 T=297.6s ETA=0.90h
[327/719] gen=200 Hurink_edata/la35.fjs PPOOnly seed=49 HV=1.82e+10 Cmax=3496.0 NSol=15 T=300.4s ETA=0.90h
[328/719] gen=200 Hurink_edata/la35.fjs UCBOnly seed=49 HV=6.21e+09 Cmax=3543.9 NSol=17 T=344.9s ETA=0.90h
[329/719] gen=200 Hurink_edata/la35.fjs FixedUCBPPO seed=43 HV=9.54e+09 Cmax=3531.3 NSol=10 T=348.4s ETA=0.91h
[330/719] gen=200 Hurink_edata/la35.fjs FixedUCBPPO seed=44 HV=2.02e+10 Cmax=3347.6 NSol=13 T=348.4s ETA=0.90h
[331/719] gen=200 Hurink_edata/la35.fjs PPOOnly seed=51 HV=6.69e+09 Cmax=3352.0 NSol=7 T=352.7s ETA=0.90h
[332/719] gen=200 Hurink_edata/la35.fjs FixedUCBPPO seed=42 HV=1.11e+10 Cmax=3571.7 NSol=11 T=354.3s ETA=0.89h
[333/719] gen=200 Hurink_edata/la35.fjs FixedUCBPPO seed=45 HV=6.97e+09 Cmax=3380.8 NSol=10 T=302.7s ETA=0.89h
[334/719] gen=200 Hurink_edata/la35.fjs FixedUCBPPO seed=47 HV=6.6e+09 Cmax=3396.9 NSol=17 T=303.0s ETA=0.89h
[335/719] gen=200 Hurink_edata/la35.fjs FixedUCBPPO seed=49 HV=6.16e+09 Cmax=3530.1 NSol=17 T=300.9s ETA=0.89h
[336/719] gen=200 Hurink_edata/la35.fjs FixedUCBPPO seed=48 HV=5.75e+09 Cmax=3585.7 NSol=10 T=302.1s ETA=0.88h
[337/719] gen=200 Hurink_edata/la35.fjs FixedUCBPPO seed=50 HV=2.52e+10 Cmax=3636.7 NSol=27 T=300.2s ETA=0.88h
[338/719] gen=200 Hurink_edata/la35.fjs FixedUCBPPO seed=51 HV=9.2e+09 Cmax=3305.9 NSol=25 T=305.3s ETA=0.87h
[339/719] gen=200 Hurink_edata/la35.fjs RandomUCBPPO seed=42 HV=1.7e+10 Cmax=3632.7 NSol=12 T=304.8s ETA=0.87h
[340/719] gen=200 Hurink_edata/la35.fjs RandomUCBPPO seed=43 HV=5.24e+09 Cmax=3638.3 NSol=10 T=304.5s ETA=0.87h
[341/719] gen=200 Hurink_edata/la35.fjs RandomUCBPPO seed=44 HV=1.21e+10 Cmax=3351.5 NSol=14 T=304.2s ETA=0.87h
[342/719] gen=200 Hurink_edata/la35.fjs FixedUCBPPO seed=46 HV=1.71e+10 Cmax=3541.2 NSol=23 T=346.9s ETA=0.86h
[343/719] gen=200 Hurink_edata/la35.fjs RandomUCBPPO seed=45 HV=2.25e+10 Cmax=3343.3 NSol=17 T=304.6s ETA=0.86h
[344/719] gen=200 Hurink_edata/la35.fjs RandomUCBPPO seed=47 HV=6.34e+09 Cmax=3468.3 NSol=17 T=307.7s ETA=0.86h
[345/719] gen=200 Hurink_edata/la35.fjs RandomUCBPPO seed=48 HV=4.98e+09 Cmax=3585.1 NSol=11 T=307.6s ETA=0.86h
[346/719] gen=200 Hurink_edata/la35.fjs RandomUCBPPO seed=49 HV=5.77e+09 Cmax=3509.2 NSol=17 T=307.0s ETA=0.85h
[347/719] gen=200 Hurink_edata/la35.fjs RandomUCBPPO seed=46 HV=1.11e+10 Cmax=3485.8 NSol=20 T=342.2s ETA=0.86h
[348/719] gen=200 Hurink_edata/la35.fjs RandomUCBPPO seed=50 HV=3.15e+10 Cmax=3651.9 NSol=38 T=307.5s ETA=0.86h
[349/719] gen=200 Hurink_edata/la35.fjs RandomUCBPPO seed=51 HV=9.02e+09 Cmax=3322.3 NSol=11 T=308.0s ETA=0.86h
[350/719] gen=200 Hurink_edata/la35.fjs AdaptiveNoBC seed=43 HV=3.28e+10 Cmax=3532.0 NSol=18 T=311.0s ETA=0.86h
[351/719] gen=200 Hurink_edata/la35.fjs AdaptiveNoBC seed=46 HV=4.84e+09 Cmax=3541.8 NSol=22 T=340.8s ETA=0.86h
[352/719] gen=200 Hurink_edata/la35.fjs AdaptiveNoBC seed=44 HV=2.03e+10 Cmax=3405.8 NSol=19 T=345.4s ETA=0.86h
[353/719] gen=200 Hurink_edata/la35.fjs AdaptiveNoBC seed=45 HV=9.91e+09 Cmax=3359.5 NSol=10 T=344.5s ETA=0.85h
[354/719] gen=200 Hurink_edata/la35.fjs AdaptiveNoBC seed=42 HV=7.19e+09 Cmax=3521.8 NSol=10 T=350.1s ETA=0.85h
[355/719] gen=200 Hurink_edata/la35.fjs AdaptiveNoBC seed=47 HV=9.55e+09 Cmax=3391.1 NSol=9 T=343.3s ETA=0.85h
[356/719] gen=200 Hurink_edata/la35.fjs AdaptiveNoBC seed=48 HV=1.34e+10 Cmax=3576.4 NSol=14 T=308.3s ETA=0.85h
[357/719] gen=200 Hurink_edata/la35.fjs AdaptiveNoBC seed=49 HV=1.05e+10 Cmax=3555.7 NSol=22 T=313.4s ETA=0.84h
[358/719] gen=200 Hurink_edata/la35.fjs AdaptiveNoBC seed=50 HV=1.36e+10 Cmax=3576.6 NSol=14 T=310.7s ETA=0.84h
[359/719] gen=200 Hurink_edata/la35.fjs AdaptiveNoBC seed=51 HV=2.42e+10 Cmax=3361.4 NSol=21 T=312.1s ETA=0.83h
[360/719] gen=200 Hurink_edata/la35.fjs AdaptiveSAOS seed=45 HV=7.58e+09 Cmax=3302.9 NSol=14 T=310.1s ETA=0.83h
[361/719] gen=200 Hurink_edata/la35.fjs AdaptiveSAOS seed=44 HV=1.94e+10 Cmax=3338.2 NSol=8 T=310.4s ETA=0.83h
[362/719] gen=200 Hurink_edata/la35.fjs AdaptiveSAOS seed=48 HV=5.6e+09 Cmax=3562.3 NSol=7 T=307.6s ETA=0.82h
[363/719] gen=200 Hurink_edata/la35.fjs AdaptiveSAOS seed=42 HV=7.7e+09 Cmax=3533.0 NSol=15 T=314.1s ETA=0.82h
[364/719] gen=200 Hurink_edata/la35.fjs AdaptiveSAOS seed=43 HV=2.62e+10 Cmax=3523.3 NSol=19 T=312.4s ETA=0.81h
[365/719] gen=200 Hurink_edata/la35.fjs AdaptiveSAOS seed=46 HV=2.17e+10 Cmax=3480.2 NSol=16 T=311.6s ETA=0.81h
[366/719] gen=200 Hurink_edata/la35.fjs AdaptiveSAOS seed=47 HV=7.79e+09 Cmax=3475.6 NSol=8 T=316.3s ETA=0.81h
[367/719] gen=200 Hurink_edata/la35.fjs AdaptiveSAOS seed=49 HV=1.14e+10 Cmax=3619.6 NSol=23 T=315.9s ETA=0.80h
[368/719] gen=200 Hurink_edata/la36.fjs UniformFixed seed=45 HV=1.81e+09 Cmax=2834.6 NSol=17 T=249.5s ETA=0.80h
[369/719] gen=200 Hurink_edata/la36.fjs UniformFixed seed=42 HV=6.77e+09 Cmax=2845.5 NSol=25 T=274.5s ETA=0.80h
[370/719] gen=200 Hurink_edata/la36.fjs UniformFixed seed=43 HV=4.2e+09 Cmax=2780.7 NSol=18 T=281.5s ETA=0.79h
[371/719] gen=200 Hurink_edata/la36.fjs UniformFixed seed=46 HV=4.89e+09 Cmax=2762.2 NSol=22 T=249.7s ETA=0.79h
[372/719] gen=200 Hurink_edata/la36.fjs UniformFixed seed=44 HV=3.12e+09 Cmax=2963.1 NSol=21 T=281.7s ETA=0.79h
[373/719] gen=200 Hurink_edata/la36.fjs UniformFixed seed=47 HV=1.75e+09 Cmax=2734.4 NSol=12 T=250.5s ETA=0.78h
[374/719] gen=200 Hurink_edata/la36.fjs UniformFixed seed=48 HV=2.92e+09 Cmax=2899.0 NSol=17 T=252.5s ETA=0.78h
[375/719] gen=200 Hurink_edata/la36.fjs UniformFixed seed=49 HV=8.51e+09 Cmax=2798.1 NSol=25 T=252.7s ETA=0.77h
[376/719] gen=200 Hurink_edata/la36.fjs UniformFixed seed=50 HV=4.55e+09 Cmax=2928.4 NSol=14 T=247.8s ETA=0.77h
[377/719] gen=200 Hurink_edata/la36.fjs UCBOnly seed=42 HV=4.06e+09 Cmax=2894.4 NSol=36 T=251.5s ETA=0.77h
[378/719] gen=200 Hurink_edata/la36.fjs UniformFixed seed=51 HV=3.61e+09 Cmax=2812.9 NSol=16 T=252.2s ETA=0.77h
[379/719] gen=200 Hurink_edata/la36.fjs UCBOnly seed=43 HV=5.38e+09 Cmax=2785.8 NSol=12 T=248.2s ETA=0.76h
[380/719] gen=200 Hurink_edata/la35.fjs AdaptiveSAOS seed=50 HV=2.64e+10 Cmax=3509.8 NSol=21 T=354.9s ETA=0.76h
[381/719] gen=200 Hurink_edata/la36.fjs UCBOnly seed=45 HV=1.08e+10 Cmax=2706.0 NSol=20 T=249.3s ETA=0.76h
[382/719] gen=200 Hurink_edata/la36.fjs UCBOnly seed=44 HV=1.08e+09 Cmax=2800.5 NSol=6 T=270.8s ETA=0.76h
[383/719] gen=200 Hurink_edata/la36.fjs UCBOnly seed=46 HV=5.69e+09 Cmax=2771.8 NSol=17 T=251.6s ETA=0.75h
[384/719] gen=200 Hurink_edata/la36.fjs UCBOnly seed=48 HV=1.05e+09 Cmax=2786.5 NSol=15 T=247.7s ETA=0.75h
[385/719] gen=200 Hurink_edata/la35.fjs AdaptiveSAOS seed=51 HV=1.36e+10 Cmax=3271.6 NSol=16 T=350.6s ETA=0.75h
[386/719] gen=200 Hurink_edata/la36.fjs UCBOnly seed=47 HV=2.45e+09 Cmax=2825.1 NSol=12 T=249.9s ETA=0.74h
[387/719] gen=200 Hurink_edata/la36.fjs UCBOnly seed=50 HV=3.75e+09 Cmax=2718.0 NSol=19 T=248.2s ETA=0.75h
[388/719] gen=200 Hurink_edata/la36.fjs UCBOnly seed=49 HV=5.82e+09 Cmax=2689.5 NSol=20 T=284.3s ETA=0.75h
[389/719] gen=200 Hurink_edata/la36.fjs UCBOnly seed=51 HV=3.23e+10 Cmax=2836.6 NSol=16 T=248.6s ETA=0.75h
[390/719] gen=200 Hurink_edata/la36.fjs PPOOnly seed=42 HV=1.85e+09 Cmax=2787.6 NSol=12 T=248.7s ETA=0.75h
[391/719] gen=200 Hurink_edata/la36.fjs PPOOnly seed=48 HV=3.18e+09 Cmax=2809.0 NSol=12 T=252.0s ETA=0.75h
[392/719] gen=200 Hurink_edata/la36.fjs PPOOnly seed=49 HV=3.7e+09 Cmax=2816.4 NSol=19 T=252.5s ETA=0.75h
[393/719] gen=200 Hurink_edata/la36.fjs PPOOnly seed=44 HV=3.25e+09 Cmax=2770.2 NSol=17 T=277.6s ETA=0.75h
[394/719] gen=200 Hurink_edata/la36.fjs PPOOnly seed=46 HV=5.9e+09 Cmax=2799.6 NSol=17 T=275.8s ETA=0.74h
[395/719] gen=200 Hurink_edata/la36.fjs PPOOnly seed=43 HV=7.18e+09 Cmax=2781.5 NSol=12 T=278.0s ETA=0.74h
[396/719] gen=200 Hurink_edata/la36.fjs PPOOnly seed=50 HV=5.81e+09 Cmax=2803.7 NSol=25 T=252.9s ETA=0.74h
[397/719] gen=200 Hurink_edata/la36.fjs PPOOnly seed=45 HV=7.77e+09 Cmax=2702.2 NSol=17 T=278.9s ETA=0.73h
[398/719] gen=200 Hurink_edata/la36.fjs FixedUCBPPO seed=43 HV=7.56e+08 Cmax=2798.9 NSol=11 T=245.8s ETA=0.73h
[399/719] gen=200 Hurink_edata/la36.fjs PPOOnly seed=51 HV=4.99e+09 Cmax=2846.8 NSol=17 T=251.2s ETA=0.72h
[400/719] gen=200 Hurink_edata/la36.fjs FixedUCBPPO seed=44 HV=2.39e+09 Cmax=2773.0 NSol=13 T=247.1s ETA=0.72h
[401/719] gen=200 Hurink_edata/la36.fjs FixedUCBPPO seed=42 HV=2.54e+09 Cmax=2882.9 NSol=24 T=251.3s ETA=0.72h
[402/719] gen=200 Hurink_edata/la36.fjs FixedUCBPPO seed=45 HV=6.42e+09 Cmax=2756.4 NSol=20 T=250.8s ETA=0.71h
[403/719] gen=200 Hurink_edata/la36.fjs FixedUCBPPO seed=46 HV=4.33e+09 Cmax=2839.3 NSol=23 T=250.1s ETA=0.71h
[404/719] gen=200 Hurink_edata/la36.fjs FixedUCBPPO seed=47 HV=4.07e+09 Cmax=2820.4 NSol=15 T=248.4s ETA=0.70h
[405/719] gen=200 Hurink_edata/la36.fjs FixedUCBPPO seed=48 HV=1.7e+09 Cmax=2768.5 NSol=8 T=247.9s ETA=0.70h
[406/719] gen=200 Hurink_edata/la36.fjs FixedUCBPPO seed=49 HV=3.84e+09 Cmax=2696.7 NSol=10 T=248.8s ETA=0.70h
[407/719] gen=200 Hurink_edata/la36.fjs PPOOnly seed=47 HV=5.17e+09 Cmax=2692.5 NSol=20 T=282.8s ETA=0.70h
[408/719] gen=200 Hurink_edata/la36.fjs FixedUCBPPO seed=50 HV=1.39e+09 Cmax=2890.9 NSol=11 T=246.3s ETA=0.69h
[409/719] gen=200 Hurink_edata/la36.fjs RandomUCBPPO seed=43 HV=5.06e+09 Cmax=2791.1 NSol=13 T=243.9s ETA=0.69h
[410/719] gen=200 Hurink_edata/la36.fjs RandomUCBPPO seed=48 HV=3.99e+09 Cmax=2751.0 NSol=18 T=246.6s ETA=0.69h
[411/719] gen=200 Hurink_edata/la36.fjs RandomUCBPPO seed=45 HV=9.69e+09 Cmax=2677.1 NSol=18 T=251.5s ETA=0.68h
[412/719] gen=200 Hurink_edata/la36.fjs RandomUCBPPO seed=46 HV=8.2e+09 Cmax=2815.4 NSol=39 T=253.6s ETA=0.68h
[413/719] gen=200 Hurink_edata/la36.fjs RandomUCBPPO seed=47 HV=2.93e+09 Cmax=2813.8 NSol=13 T=256.1s ETA=0.68h
[414/719] gen=200 Hurink_edata/la36.fjs FixedUCBPPO seed=51 HV=7.84e+09 Cmax=2840.3 NSol=15 T=278.5s ETA=0.68h
[415/719] gen=200 Hurink_edata/la36.fjs RandomUCBPPO seed=50 HV=3.03e+09 Cmax=2781.6 NSol=22 T=246.4s ETA=0.67h
[416/719] gen=200 Hurink_edata/la36.fjs RandomUCBPPO seed=44 HV=3.09e+09 Cmax=2818.1 NSol=4 T=270.7s ETA=0.67h
[417/719] gen=200 Hurink_edata/la36.fjs RandomUCBPPO seed=51 HV=7.51e+09 Cmax=2936.8 NSol=22 T=249.1s ETA=0.67h
[418/719] gen=200 Hurink_edata/la36.fjs RandomUCBPPO seed=49 HV=6.03e+09 Cmax=2675.1 NSol=20 T=253.5s ETA=0.66h
[419/719] gen=200 Hurink_edata/la36.fjs RandomUCBPPO seed=42 HV=2.85e+09 Cmax=2846.0 NSol=12 T=281.4s ETA=0.66h
[420/719] gen=200 Hurink_edata/la36.fjs AdaptiveNoBC seed=43 HV=2.29e+09 Cmax=2786.3 NSol=10 T=246.1s ETA=0.66h
[421/719] gen=200 Hurink_edata/la36.fjs AdaptiveNoBC seed=45 HV=3.29e+09 Cmax=2709.5 NSol=15 T=248.9s ETA=0.66h
[422/719] gen=200 Hurink_edata/la36.fjs AdaptiveNoBC seed=48 HV=2.65e+09 Cmax=2763.6 NSol=15 T=248.7s ETA=0.65h
[423/719] gen=200 Hurink_edata/la36.fjs AdaptiveNoBC seed=46 HV=4.83e+09 Cmax=2857.7 NSol=33 T=251.0s ETA=0.65h
[424/719] gen=200 Hurink_edata/la36.fjs AdaptiveNoBC seed=42 HV=3.3e+09 Cmax=2852.7 NSol=21 T=274.0s ETA=0.65h
[425/719] gen=200 Hurink_edata/la36.fjs AdaptiveNoBC seed=44 HV=1.44e+09 Cmax=2824.0 NSol=13 T=269.3s ETA=0.65h
[426/719] gen=200 Hurink_edata/la36.fjs AdaptiveNoBC seed=47 HV=3.61e+09 Cmax=2834.1 NSol=12 T=273.5s ETA=0.64h
[427/719] gen=200 Hurink_edata/la36.fjs AdaptiveNoBC seed=49 HV=3.66e+09 Cmax=2697.1 NSol=10 T=252.2s ETA=0.65h
[428/719] gen=200 Hurink_edata/la36.fjs AdaptiveNoBC seed=51 HV=5.06e+09 Cmax=2863.4 NSol=13 T=249.2s ETA=0.64h
[429/719] gen=200 Hurink_edata/la36.fjs AdaptiveSAOS seed=42 HV=2.28e+09 Cmax=2884.0 NSol=25 T=248.4s ETA=0.64h
[430/719] gen=200 Hurink_edata/la36.fjs AdaptiveNoBC seed=50 HV=2.17e+09 Cmax=2709.7 NSol=13 T=275.5s ETA=0.64h
[431/719] gen=200 Hurink_edata/la36.fjs AdaptiveSAOS seed=43 HV=1.96e+09 Cmax=2819.8 NSol=6 T=245.1s ETA=0.65h
[432/719] gen=200 Hurink_edata/la36.fjs AdaptiveSAOS seed=44 HV=1.15e+09 Cmax=2874.0 NSol=12 T=245.5s ETA=0.64h
[433/719] gen=200 Hurink_edata/la36.fjs AdaptiveSAOS seed=48 HV=1.07e+09 Cmax=2786.3 NSol=8 T=243.2s ETA=0.64h
[434/719] gen=200 Hurink_edata/la36.fjs AdaptiveSAOS seed=50 HV=2.57e+09 Cmax=2736.3 NSol=13 T=245.7s ETA=0.64h
[435/719] gen=200 Hurink_edata/la36.fjs AdaptiveSAOS seed=51 HV=5.91e+09 Cmax=2965.1 NSol=11 T=246.5s ETA=0.63h
[436/719] gen=200 Hurink_edata/la37.fjs UniformFixed seed=42 HV=5.97e+09 Cmax=2898.4 NSol=24 T=247.4s ETA=0.63h
[437/719] gen=200 Hurink_edata/la37.fjs UniformFixed seed=46 HV=1.34e+10 Cmax=2973.9 NSol=35 T=248.0s ETA=0.63h
[438/719] gen=200 Hurink_edata/la37.fjs UniformFixed seed=43 HV=1.88e+10 Cmax=3042.5 NSol=21 T=249.4s ETA=0.62h
[439/719] gen=200 Hurink_edata/la37.fjs UniformFixed seed=45 HV=9.94e+09 Cmax=3091.6 NSol=15 T=249.1s ETA=0.62h
[440/719] gen=200 Hurink_edata/la37.fjs UniformFixed seed=44 HV=4.5e+09 Cmax=2814.6 NSol=28 T=249.6s ETA=0.62h
[441/719] gen=200 Hurink_edata/la37.fjs UniformFixed seed=47 HV=4.12e+09 Cmax=2936.3 NSol=18 T=249.1s ETA=0.61h
[442/719] gen=200 Hurink_edata/la37.fjs UniformFixed seed=48 HV=6.95e+09 Cmax=2919.9 NSol=11 T=250.1s ETA=0.61h
[443/719] gen=200 Hurink_edata/la36.fjs AdaptiveSAOS seed=45 HV=8.5e+09 Cmax=2708.8 NSol=20 T=272.2s ETA=0.61h
[444/719] gen=200 Hurink_edata/la36.fjs AdaptiveSAOS seed=47 HV=4.4e+09 Cmax=2823.1 NSol=16 T=273.5s ETA=0.61h
[445/719] gen=200 Hurink_edata/la37.fjs UniformFixed seed=50 HV=3.05e+09 Cmax=2846.9 NSol=17 T=247.8s ETA=0.60h
[446/719] gen=200 Hurink_edata/la36.fjs AdaptiveSAOS seed=46 HV=6.63e+09 Cmax=2755.8 NSol=42 T=274.9s ETA=0.60h
[447/719] gen=200 Hurink_edata/la36.fjs AdaptiveSAOS seed=49 HV=4.54e+09 Cmax=2691.9 NSol=14 T=276.3s ETA=0.60h
[448/719] gen=200 Hurink_edata/la37.fjs UniformFixed seed=51 HV=9.51e+09 Cmax=3046.6 NSol=25 T=247.7s ETA=0.59h
[449/719] gen=200 Hurink_edata/la37.fjs UCBOnly seed=42 HV=1e+10 Cmax=2990.6 NSol=19 T=247.2s ETA=0.59h
[450/719] gen=200 Hurink_edata/la37.fjs UCBOnly seed=43 HV=3.01e+10 Cmax=2959.5 NSol=21 T=248.3s ETA=0.59h
[451/719] gen=200 Hurink_edata/la37.fjs UniformFixed seed=49 HV=1.9e+10 Cmax=3107.5 NSol=13 T=275.6s ETA=0.58h
[452/719] gen=200 Hurink_edata/la37.fjs UCBOnly seed=44 HV=2.41e+09 Cmax=2903.1 NSol=18 T=249.4s ETA=0.58h
[453/719] gen=200 Hurink_edata/la37.fjs UCBOnly seed=47 HV=1.14e+10 Cmax=3003.4 NSol=16 T=249.5s ETA=0.58h
[454/719] gen=200 Hurink_edata/la37.fjs UCBOnly seed=49 HV=1.05e+10 Cmax=3021.9 NSol=15 T=248.4s ETA=0.58h
[455/719] gen=200 Hurink_edata/la37.fjs UCBOnly seed=50 HV=2.93e+09 Cmax=3001.6 NSol=11 T=248.8s ETA=0.57h
[456/719] gen=200 Hurink_edata/la37.fjs UCBOnly seed=45 HV=2.83e+09 Cmax=3090.4 NSol=32 T=275.7s ETA=0.57h
[457/719] gen=200 Hurink_edata/la37.fjs PPOOnly seed=42 HV=5.05e+09 Cmax=2834.9 NSol=11 T=246.2s ETA=0.57h
[458/719] gen=200 Hurink_edata/la37.fjs UCBOnly seed=46 HV=2.51e+09 Cmax=2850.2 NSol=8 T=272.0s ETA=0.57h
[459/719] gen=200 Hurink_edata/la37.fjs UCBOnly seed=48 HV=5.22e+09 Cmax=2919.4 NSol=10 T=273.1s ETA=0.56h
[460/719] gen=200 Hurink_edata/la37.fjs UCBOnly seed=51 HV=1.45e+09 Cmax=2986.7 NSol=11 T=275.0s ETA=0.56h
[461/719] gen=200 Hurink_edata/la37.fjs PPOOnly seed=43 HV=4.84e+09 Cmax=2922.6 NSol=17 T=250.0s ETA=0.56h
[462/719] gen=200 Hurink_edata/la37.fjs PPOOnly seed=44 HV=3.64e+09 Cmax=2936.5 NSol=20 T=248.0s ETA=0.56h
[463/719] gen=200 Hurink_edata/la37.fjs PPOOnly seed=45 HV=5.53e+09 Cmax=2986.9 NSol=22 T=250.0s ETA=0.55h
[464/719] gen=200 Hurink_edata/la37.fjs PPOOnly seed=46 HV=5.21e+09 Cmax=3076.6 NSol=18 T=276.8s ETA=0.55h
[465/719] gen=200 Hurink_edata/la37.fjs PPOOnly seed=47 HV=3.16e+09 Cmax=2979.7 NSol=24 T=279.0s ETA=0.55h
[466/719] gen=200 Hurink_edata/la37.fjs PPOOnly seed=48 HV=5.96e+09 Cmax=2949.8 NSol=22 T=268.6s ETA=0.55h
[467/719] gen=200 Hurink_edata/la37.fjs PPOOnly seed=49 HV=4.61e+09 Cmax=2884.8 NSol=17 T=253.3s ETA=0.55h
[468/719] gen=200 Hurink_edata/la37.fjs PPOOnly seed=50 HV=2.25e+09 Cmax=3105.8 NSol=20 T=248.8s ETA=0.55h
[469/719] gen=200 Hurink_edata/la37.fjs PPOOnly seed=51 HV=7.73e+09 Cmax=2989.8 NSol=12 T=249.9s ETA=0.54h
[470/719] gen=200 Hurink_edata/la37.fjs FixedUCBPPO seed=42 HV=6.76e+09 Cmax=2979.0 NSol=29 T=276.0s ETA=0.55h
[471/719] gen=200 Hurink_edata/la37.fjs FixedUCBPPO seed=43 HV=1.44e+10 Cmax=3020.4 NSol=15 T=248.6s ETA=0.55h
[472/719] gen=200 Hurink_edata/la37.fjs FixedUCBPPO seed=44 HV=6.93e+09 Cmax=2975.9 NSol=15 T=246.7s ETA=0.54h
[473/719] gen=200 Hurink_edata/la37.fjs FixedUCBPPO seed=45 HV=2.84e+09 Cmax=3080.0 NSol=17 T=248.8s ETA=0.54h
[474/719] gen=200 Hurink_edata/la37.fjs FixedUCBPPO seed=46 HV=1.58e+09 Cmax=2843.9 NSol=14 T=245.9s ETA=0.54h
[475/719] gen=200 Hurink_edata/la37.fjs FixedUCBPPO seed=47 HV=1.87e+10 Cmax=3030.3 NSol=20 T=246.5s ETA=0.53h
[476/719] gen=200 Hurink_edata/la37.fjs FixedUCBPPO seed=48 HV=1.51e+09 Cmax=2888.2 NSol=17 T=244.9s ETA=0.53h
[477/719] gen=200 Hurink_edata/la37.fjs FixedUCBPPO seed=51 HV=1.17e+09 Cmax=2974.3 NSol=8 T=243.7s ETA=0.53h
[478/719] gen=200 Hurink_edata/la37.fjs FixedUCBPPO seed=49 HV=1.1e+10 Cmax=3015.3 NSol=26 T=246.2s ETA=0.52h
[479/719] gen=200 Hurink_edata/la37.fjs FixedUCBPPO seed=50 HV=2.18e+09 Cmax=2974.9 NSol=22 T=245.8s ETA=0.52h
[480/719] gen=200 Hurink_edata/la37.fjs RandomUCBPPO seed=42 HV=3.66e+09 Cmax=3009.8 NSol=23 T=246.8s ETA=0.52h
[481/719] gen=200 Hurink_edata/la37.fjs RandomUCBPPO seed=43 HV=6.33e+09 Cmax=3100.8 NSol=15 T=243.4s ETA=0.52h
[482/719] gen=200 Hurink_edata/la37.fjs RandomUCBPPO seed=44 HV=2.15e+09 Cmax=3032.6 NSol=20 T=245.6s ETA=0.51h
[483/719] gen=200 Hurink_edata/la37.fjs RandomUCBPPO seed=47 HV=2.5e+10 Cmax=2960.7 NSol=20 T=248.1s ETA=0.51h
[484/719] gen=200 Hurink_edata/la37.fjs RandomUCBPPO seed=50 HV=3.7e+09 Cmax=3020.7 NSol=17 T=242.8s ETA=0.51h
[485/719] gen=200 Hurink_edata/la37.fjs RandomUCBPPO seed=51 HV=2.65e+09 Cmax=3004.1 NSol=9 T=245.2s ETA=0.51h
[486/719] gen=200 Hurink_edata/la37.fjs AdaptiveNoBC seed=42 HV=6.06e+09 Cmax=2969.4 NSol=16 T=246.6s ETA=0.50h
[487/719] gen=200 Hurink_edata/la37.fjs RandomUCBPPO seed=45 HV=3.84e+09 Cmax=3013.4 NSol=21 T=270.0s ETA=0.50h
[488/719] gen=200 Hurink_edata/la37.fjs RandomUCBPPO seed=46 HV=2.36e+09 Cmax=2895.4 NSol=16 T=268.8s ETA=0.50h
[489/719] gen=200 Hurink_edata/la37.fjs AdaptiveNoBC seed=44 HV=2.1e+09 Cmax=2970.4 NSol=16 T=247.9s ETA=0.50h
[490/719] gen=200 Hurink_edata/la37.fjs RandomUCBPPO seed=48 HV=1.48e+09 Cmax=2926.7 NSol=15 T=270.6s ETA=0.49h
[491/719] gen=200 Hurink_edata/la37.fjs AdaptiveNoBC seed=45 HV=9.4e+09 Cmax=3041.5 NSol=17 T=245.1s ETA=0.49h
[492/719] gen=200 Hurink_edata/la37.fjs RandomUCBPPO seed=49 HV=1.72e+10 Cmax=3044.5 NSol=21 T=276.3s ETA=0.49h
[493/719] gen=200 Hurink_edata/la37.fjs AdaptiveNoBC seed=46 HV=5.01e+09 Cmax=2839.2 NSol=14 T=250.9s ETA=0.49h
[494/719] gen=200 Hurink_edata/la37.fjs AdaptiveNoBC seed=47 HV=1.17e+10 Cmax=2991.9 NSol=15 T=249.1s ETA=0.48h
[495/719] gen=200 Hurink_edata/la37.fjs AdaptiveNoBC seed=43 HV=1.88e+10 Cmax=3079.4 NSol=26 T=274.7s ETA=0.48h
[496/719] gen=200 Hurink_edata/la37.fjs AdaptiveNoBC seed=49 HV=2.71e+10 Cmax=3001.1 NSol=29 T=247.0s ETA=0.48h
[497/719] gen=200 Hurink_edata/la37.fjs AdaptiveSAOS seed=44 HV=6.63e+09 Cmax=3040.6 NSol=16 T=247.2s ETA=0.48h
[498/719] gen=200 Hurink_edata/la37.fjs AdaptiveSAOS seed=45 HV=4.43e+09 Cmax=3073.8 NSol=19 T=244.7s ETA=0.47h
[499/719] gen=200 Hurink_edata/la37.fjs AdaptiveNoBC seed=48 HV=5.01e+09 Cmax=2992.3 NSol=15 T=275.0s ETA=0.47h
[500/719] gen=200 Hurink_edata/la37.fjs AdaptiveSAOS seed=43 HV=1.52e+10 Cmax=3018.6 NSol=36 T=250.5s ETA=0.47h
[501/719] gen=200 Hurink_edata/la37.fjs AdaptiveNoBC seed=50 HV=2.97e+09 Cmax=3014.4 NSol=16 T=275.6s ETA=0.47h
[502/719] gen=200 Hurink_edata/la37.fjs AdaptiveNoBC seed=51 HV=1.31e+09 Cmax=2918.5 NSol=7 T=278.9s ETA=0.46h
[503/719] gen=200 Hurink_edata/la37.fjs AdaptiveSAOS seed=42 HV=1.48e+10 Cmax=3045.1 NSol=39 T=276.2s ETA=0.46h
[504/719] gen=200 Hurink_edata/la37.fjs AdaptiveSAOS seed=48 HV=1.57e+09 Cmax=2880.1 NSol=11 T=247.2s ETA=0.46h
[505/719] gen=200 Hurink_edata/la37.fjs AdaptiveSAOS seed=49 HV=5.65e+09 Cmax=3211.3 NSol=12 T=247.0s ETA=0.46h
[506/719] gen=200 Hurink_edata/la37.fjs AdaptiveSAOS seed=46 HV=1.96e+09 Cmax=2942.6 NSol=13 T=272.7s ETA=0.46h
[507/719] gen=200 Hurink_edata/la37.fjs AdaptiveSAOS seed=50 HV=3.59e+09 Cmax=3002.5 NSol=19 T=245.1s ETA=0.45h
[508/719] gen=200 Hurink_edata/la37.fjs AdaptiveSAOS seed=47 HV=1.17e+10 Cmax=3090.5 NSol=11 T=275.7s ETA=0.45h
[509/719] gen=200 Hurink_edata/la37.fjs AdaptiveSAOS seed=51 HV=5.38e+09 Cmax=3005.6 NSol=21 T=247.1s ETA=0.45h
[510/719] gen=200 Hurink_edata/la38.fjs UniformFixed seed=43 HV=1.86e+09 Cmax=2633.6 NSol=7 T=248.9s ETA=0.45h
[511/719] gen=200 Hurink_edata/la38.fjs UniformFixed seed=45 HV=3.07e+10 Cmax=2930.0 NSol=27 T=250.8s ETA=0.45h
[512/719] gen=200 Hurink_edata/la38.fjs UniformFixed seed=47 HV=3.48e+09 Cmax=2717.3 NSol=14 T=250.3s ETA=0.45h
[513/719] gen=200 Hurink_edata/la38.fjs UniformFixed seed=44 HV=7.23e+09 Cmax=2889.1 NSol=21 T=255.1s ETA=0.45h
[514/719] gen=200 Hurink_edata/la38.fjs UniformFixed seed=46 HV=1.15e+09 Cmax=2704.5 NSol=15 T=253.4s ETA=0.44h
[515/719] gen=200 Hurink_edata/la38.fjs UniformFixed seed=48 HV=2.53e+09 Cmax=2645.7 NSol=10 T=252.2s ETA=0.44h
[516/719] gen=200 Hurink_edata/la38.fjs UniformFixed seed=50 HV=2.21e+09 Cmax=2712.3 NSol=11 T=249.1s ETA=0.44h
[517/719] gen=200 Hurink_edata/la38.fjs UniformFixed seed=42 HV=3.23e+10 Cmax=2770.3 NSol=20 T=283.3s ETA=0.43h
[518/719] gen=200 Hurink_edata/la38.fjs UniformFixed seed=49 HV=1.65e+10 Cmax=2825.8 NSol=22 T=251.3s ETA=0.43h
[519/719] gen=200 Hurink_edata/la38.fjs UniformFixed seed=51 HV=3.79e+09 Cmax=2639.2 NSol=17 T=249.9s ETA=0.43h
[520/719] gen=200 Hurink_edata/la38.fjs UCBOnly seed=42 HV=4.9e+09 Cmax=2913.5 NSol=16 T=248.3s ETA=0.43h
[521/719] gen=200 Hurink_edata/la38.fjs UCBOnly seed=43 HV=2.55e+09 Cmax=2625.8 NSol=16 T=249.5s ETA=0.42h
[522/719] gen=200 Hurink_edata/la38.fjs UCBOnly seed=44 HV=1.09e+09 Cmax=2774.6 NSol=15 T=250.1s ETA=0.42h
[523/719] gen=200 Hurink_edata/la38.fjs UCBOnly seed=46 HV=7.15e+09 Cmax=2774.6 NSol=10 T=251.0s ETA=0.42h
[524/719] gen=200 Hurink_edata/la38.fjs UCBOnly seed=45 HV=5.89e+09 Cmax=2720.6 NSol=14 T=252.5s ETA=0.42h
[525/719] gen=200 Hurink_edata/la38.fjs UCBOnly seed=47 HV=4.16e+10 Cmax=2947.8 NSol=15 T=250.2s ETA=0.41h
[526/719] gen=200 Hurink_edata/la38.fjs UCBOnly seed=48 HV=6.65e+09 Cmax=2600.1 NSol=23 T=250.6s ETA=0.41h
[527/719] gen=200 Hurink_edata/la38.fjs UCBOnly seed=51 HV=1.7e+09 Cmax=2736.2 NSol=10 T=246.7s ETA=0.41h
[528/719] gen=200 Hurink_edata/la38.fjs PPOOnly seed=43 HV=3.04e+09 Cmax=2823.6 NSol=19 T=250.0s ETA=0.41h
[529/719] gen=200 Hurink_edata/la38.fjs PPOOnly seed=45 HV=2.7e+09 Cmax=2701.8 NSol=19 T=251.9s ETA=0.41h
[530/719] gen=200 Hurink_edata/la38.fjs PPOOnly seed=46 HV=3.68e+09 Cmax=2775.1 NSol=20 T=253.7s ETA=0.40h
[531/719] gen=200 Hurink_edata/la38.fjs UCBOnly seed=50 HV=5e+09 Cmax=2641.9 NSol=14 T=277.4s ETA=0.40h
[532/719] gen=200 Hurink_edata/la38.fjs UCBOnly seed=49 HV=1.05e+09 Cmax=2730.5 NSol=9 T=279.3s ETA=0.40h
[533/719] gen=200 Hurink_edata/la38.fjs PPOOnly seed=42 HV=8.89e+09 Cmax=2687.5 NSol=14 T=279.3s ETA=0.39h
[534/719] gen=200 Hurink_edata/la38.fjs PPOOnly seed=48 HV=1.86e+09 Cmax=2540.3 NSol=15 T=253.6s ETA=0.39h
[535/719] gen=200 Hurink_edata/la38.fjs PPOOnly seed=44 HV=1.18e+10 Cmax=2630.3 NSol=30 T=281.0s ETA=0.39h
[536/719] gen=200 Hurink_edata/la38.fjs PPOOnly seed=50 HV=2.21e+09 Cmax=2713.4 NSol=8 T=252.0s ETA=0.39h
[537/719] gen=200 Hurink_edata/la38.fjs PPOOnly seed=47 HV=4.81e+09 Cmax=2659.8 NSol=27 T=280.8s ETA=0.39h
[538/719] gen=200 Hurink_edata/la38.fjs PPOOnly seed=49 HV=4.62e+09 Cmax=2710.1 NSol=18 T=253.6s ETA=0.38h
[539/719] gen=200 Hurink_edata/la38.fjs FixedUCBPPO seed=42 HV=4.38e+09 Cmax=2914.2 NSol=15 T=252.5s ETA=0.38h
[540/719] gen=200 Hurink_edata/la38.fjs FixedUCBPPO seed=43 HV=2.57e+09 Cmax=2695.4 NSol=59 T=273.1s ETA=0.38h
[541/719] gen=200 Hurink_edata/la38.fjs PPOOnly seed=51 HV=6.22e+09 Cmax=2897.5 NSol=12 T=280.1s ETA=0.38h
[542/719] gen=200 Hurink_edata/la38.fjs FixedUCBPPO seed=44 HV=8.16e+08 Cmax=2675.6 NSol=15 T=277.3s ETA=0.38h
[543/719] gen=200 Hurink_edata/la38.fjs FixedUCBPPO seed=46 HV=2.5e+10 Cmax=2888.0 NSol=11 T=248.5s ETA=0.37h
[544/719] gen=200 Hurink_edata/la38.fjs FixedUCBPPO seed=45 HV=2.32e+09 Cmax=2753.3 NSol=16 T=275.3s ETA=0.37h
[545/719] gen=200 Hurink_edata/la38.fjs FixedUCBPPO seed=47 HV=2.05e+10 Cmax=2936.0 NSol=21 T=253.3s ETA=0.37h
[546/719] gen=200 Hurink_edata/la38.fjs FixedUCBPPO seed=49 HV=7.28e+08 Cmax=2748.2 NSol=2 T=252.2s ETA=0.37h
[547/719] gen=200 Hurink_edata/la38.fjs FixedUCBPPO seed=48 HV=8.26e+08 Cmax=2625.9 NSol=4 T=270.2s ETA=0.36h
[548/719] gen=200 Hurink_edata/la38.fjs FixedUCBPPO seed=51 HV=1.36e+09 Cmax=2745.4 NSol=18 T=249.8s ETA=0.36h
[549/719] gen=200 Hurink_edata/la38.fjs FixedUCBPPO seed=50 HV=4.16e+09 Cmax=2708.6 NSol=24 T=266.6s ETA=0.36h
[550/719] gen=200 Hurink_edata/la38.fjs RandomUCBPPO seed=42 HV=8.06e+09 Cmax=2917.8 NSol=20 T=250.6s ETA=0.36h
[551/719] gen=200 Hurink_edata/la38.fjs RandomUCBPPO seed=43 HV=2.31e+09 Cmax=2665.1 NSol=10 T=244.2s ETA=0.36h
[552/719] gen=200 Hurink_edata/la38.fjs RandomUCBPPO seed=45 HV=7.42e+08 Cmax=2699.8 NSol=7 T=247.7s ETA=0.36h
[553/719] gen=200 Hurink_edata/la38.fjs RandomUCBPPO seed=44 HV=4.99e+09 Cmax=2744.5 NSol=13 T=249.1s ETA=0.35h
[554/719] gen=200 Hurink_edata/la38.fjs RandomUCBPPO seed=47 HV=2.97e+10 Cmax=2873.3 NSol=23 T=248.2s ETA=0.35h
[555/719] gen=200 Hurink_edata/la38.fjs RandomUCBPPO seed=46 HV=9.29e+09 Cmax=2825.6 NSol=13 T=249.6s ETA=0.35h
[556/719] gen=200 Hurink_edata/la38.fjs RandomUCBPPO seed=51 HV=1.25e+09 Cmax=2750.5 NSol=9 T=248.3s ETA=0.35h
[557/719] gen=200 Hurink_edata/la38.fjs RandomUCBPPO seed=48 HV=3.29e+09 Cmax=2621.8 NSol=9 T=249.3s ETA=0.34h
[558/719] gen=200 Hurink_edata/la38.fjs RandomUCBPPO seed=50 HV=3.71e+09 Cmax=2704.0 NSol=15 T=249.8s ETA=0.34h
[559/719] gen=200 Hurink_edata/la38.fjs AdaptiveNoBC seed=43 HV=3.44e+09 Cmax=2532.7 NSol=25 T=248.1s ETA=0.34h
[560/719] gen=200 Hurink_edata/la38.fjs AdaptiveNoBC seed=42 HV=1.6e+09 Cmax=2913.4 NSol=9 T=251.9s ETA=0.34h
[561/719] gen=200 Hurink_edata/la38.fjs AdaptiveNoBC seed=44 HV=6.91e+09 Cmax=2762.2 NSol=30 T=252.2s ETA=0.33h
[562/719] gen=200 Hurink_edata/la38.fjs AdaptiveNoBC seed=45 HV=8.03e+08 Cmax=2712.7 NSol=6 T=248.3s ETA=0.33h
[563/719] gen=200 Hurink_edata/la38.fjs RandomUCBPPO seed=49 HV=1.81e+09 Cmax=2739.2 NSol=21 T=272.2s ETA=0.33h
[564/719] gen=200 Hurink_edata/la38.fjs AdaptiveNoBC seed=46 HV=6.28e+09 Cmax=2728.1 NSol=12 T=250.3s ETA=0.33h
[565/719] gen=200 Hurink_edata/la38.fjs AdaptiveNoBC seed=47 HV=2.32e+10 Cmax=2764.7 NSol=7 T=251.1s ETA=0.32h
[566/719] gen=200 Hurink_edata/la38.fjs AdaptiveNoBC seed=48 HV=1.99e+09 Cmax=2613.7 NSol=14 T=248.6s ETA=0.32h
[567/719] gen=200 Hurink_edata/la38.fjs AdaptiveNoBC seed=49 HV=4.77e+09 Cmax=2738.0 NSol=12 T=248.2s ETA=0.32h
[568/719] gen=200 Hurink_edata/la38.fjs AdaptiveNoBC seed=50 HV=5.76e+09 Cmax=2678.7 NSol=24 T=250.9s ETA=0.32h
[569/719] gen=200 Hurink_edata/la38.fjs AdaptiveNoBC seed=51 HV=2.2e+09 Cmax=2700.2 NSol=28 T=254.0s ETA=0.32h
[570/719] gen=200 Hurink_edata/la38.fjs AdaptiveSAOS seed=42 HV=2.67e+09 Cmax=2946.6 NSol=15 T=252.7s ETA=0.31h
[571/719] gen=200 Hurink_edata/la38.fjs AdaptiveSAOS seed=46 HV=2.56e+10 Cmax=2779.4 NSol=21 T=248.5s ETA=0.31h
[572/719] gen=200 Hurink_edata/la38.fjs AdaptiveSAOS seed=43 HV=9.12e+08 Cmax=2547.8 NSol=9 T=265.5s ETA=0.31h
[573/719] gen=200 Hurink_edata/la38.fjs AdaptiveSAOS seed=44 HV=2.41e+09 Cmax=2607.1 NSol=7 T=265.1s ETA=0.31h
[574/719] gen=200 Hurink_edata/la38.fjs AdaptiveSAOS seed=45 HV=1.18e+09 Cmax=2734.1 NSol=16 T=266.3s ETA=0.30h
[575/719] gen=200 Hurink_edata/la38.fjs AdaptiveSAOS seed=51 HV=1.27e+09 Cmax=2802.4 NSol=4 T=242.9s ETA=0.30h
[576/719] gen=200 Hurink_edata/la38.fjs AdaptiveSAOS seed=48 HV=1.38e+09 Cmax=2665.3 NSol=16 T=248.5s ETA=0.30h
[577/719] gen=200 Hurink_edata/la38.fjs AdaptiveSAOS seed=50 HV=3.41e+09 Cmax=2690.8 NSol=10 T=248.5s ETA=0.30h
[578/719] gen=200 Hurink_edata/la38.fjs AdaptiveSAOS seed=47 HV=1.52e+09 Cmax=2817.5 NSol=9 T=266.9s ETA=0.29h
[579/719] gen=200 Hurink_edata/la38.fjs AdaptiveSAOS seed=49 HV=5.39e+09 Cmax=2797.8 NSol=15 T=268.1s ETA=0.29h
[580/719] gen=200 Hurink_edata/la39.fjs UniformFixed seed=42 HV=3.5e+10 Cmax=2850.0 NSol=14 T=266.4s ETA=0.29h
[581/719] gen=200 Hurink_edata/la39.fjs UniformFixed seed=45 HV=1.47e+10 Cmax=2781.7 NSol=15 T=254.0s ETA=0.29h
[582/719] gen=200 Hurink_edata/la39.fjs UniformFixed seed=43 HV=1.36e+10 Cmax=2748.4 NSol=17 T=270.9s ETA=0.29h
[583/719] gen=200 Hurink_edata/la39.fjs UniformFixed seed=44 HV=4.48e+09 Cmax=2760.3 NSol=27 T=271.5s ETA=0.29h
[584/719] gen=200 Hurink_edata/la39.fjs UniformFixed seed=47 HV=1.41e+10 Cmax=2864.5 NSol=14 T=255.2s ETA=0.28h
[585/719] gen=200 Hurink_edata/la39.fjs UniformFixed seed=48 HV=5.48e+09 Cmax=2745.3 NSol=6 T=253.2s ETA=0.28h
[586/719] gen=200 Hurink_edata/la39.fjs UniformFixed seed=46 HV=2.14e+10 Cmax=2724.4 NSol=11 T=274.9s ETA=0.28h
[587/719] gen=200 Hurink_edata/la39.fjs UniformFixed seed=50 HV=2.69e+10 Cmax=2931.3 NSol=15 T=256.4s ETA=0.28h
[588/719] gen=200 Hurink_edata/la39.fjs UniformFixed seed=49 HV=1.71e+09 Cmax=2685.4 NSol=6 T=275.2s ETA=0.28h
[589/719] gen=200 Hurink_edata/la39.fjs UniformFixed seed=51 HV=1.22e+10 Cmax=2825.0 NSol=9 T=282.2s ETA=0.27h
[590/719] gen=200 Hurink_edata/la39.fjs UCBOnly seed=42 HV=5.79e+09 Cmax=2841.5 NSol=12 T=253.0s ETA=0.27h
[591/719] gen=200 Hurink_edata/la39.fjs UCBOnly seed=43 HV=2.12e+10 Cmax=2666.1 NSol=14 T=252.3s ETA=0.27h
[592/719] gen=200 Hurink_edata/la39.fjs UCBOnly seed=44 HV=1.53e+10 Cmax=2758.6 NSol=29 T=252.0s ETA=0.27h
[593/719] gen=200 Hurink_edata/la39.fjs UCBOnly seed=46 HV=3.37e+09 Cmax=2626.4 NSol=21 T=251.0s ETA=0.27h
[594/719] gen=200 Hurink_edata/la39.fjs UCBOnly seed=45 HV=1.6e+10 Cmax=2823.2 NSol=19 T=254.3s ETA=0.26h
[595/719] gen=200 Hurink_edata/la39.fjs UCBOnly seed=47 HV=1.59e+10 Cmax=2671.2 NSol=18 T=253.4s ETA=0.26h
[596/719] gen=200 Hurink_edata/la39.fjs UCBOnly seed=48 HV=5.4e+09 Cmax=2787.5 NSol=10 T=250.6s ETA=0.26h
[597/719] gen=200 Hurink_edata/la39.fjs UCBOnly seed=49 HV=5.59e+09 Cmax=2779.2 NSol=9 T=250.8s ETA=0.26h
[598/719] gen=200 Hurink_edata/la39.fjs UCBOnly seed=51 HV=2.46e+10 Cmax=2607.4 NSol=22 T=252.9s ETA=0.25h
[599/719] gen=200 Hurink_edata/la39.fjs UCBOnly seed=50 HV=4.74e+10 Cmax=2736.2 NSol=19 T=255.2s ETA=0.25h
[600/719] gen=200 Hurink_edata/la39.fjs PPOOnly seed=42 HV=2.02e+10 Cmax=2858.7 NSol=22 T=253.0s ETA=0.25h
[601/719] gen=200 Hurink_edata/la39.fjs PPOOnly seed=43 HV=1.36e+10 Cmax=2735.6 NSol=5 T=255.7s ETA=0.25h
[602/719] gen=200 Hurink_edata/la39.fjs PPOOnly seed=46 HV=3.64e+09 Cmax=2563.9 NSol=10 T=251.8s ETA=0.24h
[603/719] gen=200 Hurink_edata/la39.fjs PPOOnly seed=44 HV=1.28e+10 Cmax=2926.1 NSol=18 T=254.8s ETA=0.24h
[604/719] gen=200 Hurink_edata/la39.fjs PPOOnly seed=48 HV=8e+09 Cmax=2794.2 NSol=12 T=252.8s ETA=0.24h
[605/719] gen=200 Hurink_edata/la39.fjs PPOOnly seed=47 HV=1.87e+10 Cmax=2774.3 NSol=22 T=254.2s ETA=0.24h
[606/719] gen=200 Hurink_edata/la39.fjs PPOOnly seed=49 HV=5.83e+09 Cmax=2645.8 NSol=13 T=254.6s ETA=0.24h
[607/719] gen=200 Hurink_edata/la39.fjs PPOOnly seed=45 HV=7.13e+09 Cmax=2784.4 NSol=8 T=278.0s ETA=0.23h
[608/719] gen=200 Hurink_edata/la39.fjs PPOOnly seed=50 HV=2.53e+10 Cmax=2825.2 NSol=23 T=254.7s ETA=0.23h
[609/719] gen=200 Hurink_edata/la39.fjs PPOOnly seed=51 HV=1.48e+10 Cmax=2874.1 NSol=13 T=258.0s ETA=0.23h
[610/719] gen=200 Hurink_edata/la39.fjs FixedUCBPPO seed=42 HV=1.17e+10 Cmax=2800.0 NSol=22 T=257.6s ETA=0.23h
[611/719] gen=200 Hurink_edata/la39.fjs FixedUCBPPO seed=43 HV=1.94e+10 Cmax=2753.4 NSol=24 T=255.1s ETA=0.22h
[612/719] gen=200 Hurink_edata/la39.fjs FixedUCBPPO seed=47 HV=1.58e+10 Cmax=2636.6 NSol=14 T=257.5s ETA=0.22h
[613/719] gen=200 Hurink_edata/la39.fjs FixedUCBPPO seed=48 HV=6.5e+09 Cmax=2818.2 NSol=12 T=255.4s ETA=0.22h
[614/719] gen=200 Hurink_edata/la39.fjs FixedUCBPPO seed=49 HV=6.19e+09 Cmax=2758.6 NSol=8 T=255.6s ETA=0.22h
[615/719] gen=200 Hurink_edata/la39.fjs FixedUCBPPO seed=44 HV=1.57e+10 Cmax=2757.1 NSol=21 T=275.5s ETA=0.22h
[616/719] gen=200 Hurink_edata/la39.fjs FixedUCBPPO seed=45 HV=1.63e+10 Cmax=2804.7 NSol=14 T=276.0s ETA=0.21h
[617/719] gen=200 Hurink_edata/la39.fjs FixedUCBPPO seed=46 HV=3.13e+09 Cmax=2663.5 NSol=7 T=276.6s ETA=0.21h
[618/719] gen=200 Hurink_edata/la39.fjs FixedUCBPPO seed=50 HV=1.62e+10 Cmax=2807.6 NSol=16 T=280.0s ETA=0.21h
[619/719] gen=200 Hurink_edata/la39.fjs FixedUCBPPO seed=51 HV=5.79e+09 Cmax=2666.2 NSol=13 T=272.9s ETA=0.21h
[620/719] gen=200 Hurink_edata/la39.fjs RandomUCBPPO seed=43 HV=3.21e+10 Cmax=2744.6 NSol=28 T=257.6s ETA=0.21h
[621/719] gen=200 Hurink_edata/la39.fjs RandomUCBPPO seed=46 HV=3.08e+09 Cmax=2652.2 NSol=10 T=258.6s ETA=0.20h
[622/719] gen=200 Hurink_edata/la39.fjs RandomUCBPPO seed=42 HV=1.56e+10 Cmax=2867.1 NSol=26 T=278.4s ETA=0.20h
[623/719] gen=200 Hurink_edata/la39.fjs RandomUCBPPO seed=47 HV=4.47e+10 Cmax=2657.5 NSol=29 T=257.3s ETA=0.20h
[624/719] gen=200 Hurink_edata/la39.fjs RandomUCBPPO seed=44 HV=1.54e+10 Cmax=2814.4 NSol=23 T=273.9s ETA=0.20h
[625/719] gen=200 Hurink_edata/la39.fjs RandomUCBPPO seed=45 HV=1.51e+10 Cmax=2872.8 NSol=22 T=277.0s ETA=0.20h
[626/719] gen=200 Hurink_edata/la39.fjs RandomUCBPPO seed=49 HV=5.44e+09 Cmax=2783.1 NSol=14 T=258.6s ETA=0.19h
[627/719] gen=200 Hurink_edata/la39.fjs RandomUCBPPO seed=48 HV=6.59e+09 Cmax=2795.6 NSol=18 T=275.3s ETA=0.19h
[628/719] gen=200 Hurink_edata/la39.fjs RandomUCBPPO seed=50 HV=1.79e+10 Cmax=2733.8 NSol=9 T=273.9s ETA=0.19h
[629/719] gen=200 Hurink_edata/la39.fjs RandomUCBPPO seed=51 HV=2.89e+10 Cmax=2708.8 NSol=14 T=271.6s ETA=0.19h
[630/719] gen=200 Hurink_edata/la39.fjs AdaptiveNoBC seed=42 HV=1.39e+10 Cmax=2911.3 NSol=20 T=256.0s ETA=0.19h
[631/719] gen=200 Hurink_edata/la39.fjs AdaptiveNoBC seed=43 HV=2.17e+10 Cmax=2695.4 NSol=19 T=254.7s ETA=0.18h
[632/719] gen=200 Hurink_edata/la39.fjs AdaptiveNoBC seed=44 HV=1.55e+10 Cmax=2777.0 NSol=23 T=256.1s ETA=0.18h
[633/719] gen=200 Hurink_edata/la39.fjs AdaptiveNoBC seed=46 HV=2.91e+09 Cmax=2661.6 NSol=15 T=255.5s ETA=0.18h
[634/719] gen=200 Hurink_edata/la39.fjs AdaptiveNoBC seed=48 HV=9.56e+09 Cmax=2866.4 NSol=16 T=253.4s ETA=0.18h
[635/719] gen=200 Hurink_edata/la39.fjs AdaptiveNoBC seed=49 HV=8.21e+09 Cmax=2745.5 NSol=12 T=253.6s ETA=0.17h
[636/719] gen=200 Hurink_edata/la39.fjs AdaptiveNoBC seed=45 HV=1.69e+10 Cmax=2851.1 NSol=21 T=259.6s ETA=0.17h
[637/719] gen=200 Hurink_edata/la39.fjs AdaptiveNoBC seed=47 HV=1.59e+10 Cmax=2713.2 NSol=25 T=257.5s ETA=0.17h
[638/719] gen=200 Hurink_edata/la39.fjs AdaptiveNoBC seed=50 HV=1.73e+10 Cmax=2764.0 NSol=12 T=253.3s ETA=0.17h
[639/719] gen=200 Hurink_edata/la39.fjs AdaptiveSAOS seed=42 HV=1.5e+10 Cmax=2820.0 NSol=15 T=254.8s ETA=0.17h
[640/719] gen=200 Hurink_edata/la39.fjs AdaptiveNoBC seed=51 HV=2.25e+10 Cmax=2695.5 NSol=19 T=256.3s ETA=0.16h
[641/719] gen=200 Hurink_edata/la39.fjs AdaptiveSAOS seed=43 HV=3.02e+10 Cmax=2639.1 NSol=13 T=257.7s ETA=0.16h
[642/719] gen=200 Hurink_edata/la39.fjs AdaptiveSAOS seed=44 HV=4.34e+10 Cmax=2784.4 NSol=22 T=255.5s ETA=0.16h
[643/719] gen=200 Hurink_edata/la39.fjs AdaptiveSAOS seed=45 HV=1.95e+10 Cmax=2838.2 NSol=22 T=255.6s ETA=0.16h
[644/719] gen=200 Hurink_edata/la39.fjs AdaptiveSAOS seed=46 HV=3.91e+09 Cmax=2670.2 NSol=8 T=252.8s ETA=0.15h
[645/719] gen=200 Hurink_edata/la39.fjs AdaptiveSAOS seed=48 HV=3.3e+09 Cmax=2816.6 NSol=13 T=251.0s ETA=0.15h
[646/719] gen=200 Hurink_edata/la39.fjs AdaptiveSAOS seed=47 HV=2.53e+10 Cmax=2700.3 NSol=33 T=255.5s ETA=0.15h
[647/719] gen=200 Hurink_edata/la39.fjs AdaptiveSAOS seed=50 HV=1.58e+10 Cmax=2907.1 NSol=21 T=251.7s ETA=0.15h
[648/719] gen=200 Hurink_edata/la39.fjs AdaptiveSAOS seed=49 HV=4.27e+09 Cmax=2799.4 NSol=12 T=271.5s ETA=0.15h
[649/719] gen=200 Hurink_edata/la39.fjs AdaptiveSAOS seed=51 HV=2.5e+10 Cmax=2616.6 NSol=21 T=255.3s ETA=0.14h
[650/719] gen=200 Hurink_edata/la40.fjs UniformFixed seed=42 HV=2.2e+10 Cmax=2668.5 NSol=23 T=259.2s ETA=0.14h
[651/719] gen=200 Hurink_edata/la40.fjs UniformFixed seed=43 HV=2.13e+10 Cmax=2753.5 NSol=24 T=257.8s ETA=0.14h
[652/719] gen=200 Hurink_edata/la40.fjs UniformFixed seed=44 HV=2.54e+09 Cmax=2505.7 NSol=10 T=256.3s ETA=0.14h
[653/719] gen=200 Hurink_edata/la40.fjs UniformFixed seed=45 HV=9.63e+09 Cmax=2796.3 NSol=15 T=256.8s ETA=0.14h
[654/719] gen=200 Hurink_edata/la40.fjs UniformFixed seed=46 HV=2.91e+10 Cmax=2816.3 NSol=14 T=256.1s ETA=0.13h
[655/719] gen=200 Hurink_edata/la40.fjs UniformFixed seed=47 HV=1.29e+10 Cmax=2629.7 NSol=25 T=275.0s ETA=0.13h
[656/719] gen=200 Hurink_edata/la40.fjs UniformFixed seed=48 HV=4.09e+09 Cmax=2677.8 NSol=15 T=274.3s ETA=0.13h
[657/719] gen=200 Hurink_edata/la40.fjs UniformFixed seed=49 HV=3.74e+09 Cmax=2557.0 NSol=21 T=278.6s ETA=0.13h
[658/719] gen=200 Hurink_edata/la40.fjs UniformFixed seed=50 HV=1.18e+10 Cmax=2674.6 NSol=19 T=273.5s ETA=0.13h
[659/719] gen=200 Hurink_edata/la40.fjs UCBOnly seed=42 HV=2.07e+10 Cmax=2641.6 NSol=9 T=257.1s ETA=0.12h
[660/719] gen=200 Hurink_edata/la40.fjs UniformFixed seed=51 HV=4.81e+09 Cmax=2535.7 NSol=11 T=272.4s ETA=0.12h
[661/719] gen=200 Hurink_edata/la40.fjs UCBOnly seed=43 HV=5.96e+09 Cmax=2576.1 NSol=7 T=258.4s ETA=0.12h
[662/719] gen=200 Hurink_edata/la40.fjs UCBOnly seed=45 HV=4.39e+09 Cmax=2685.3 NSol=32 T=257.4s ETA=0.12h
[663/719] gen=200 Hurink_edata/la40.fjs UCBOnly seed=48 HV=5.62e+09 Cmax=2599.8 NSol=23 T=254.6s ETA=0.12h
[664/719] gen=200 Hurink_edata/la40.fjs UCBOnly seed=46 HV=2.53e+09 Cmax=2774.3 NSol=14 T=273.6s ETA=0.11h
[665/719] gen=200 Hurink_edata/la40.fjs UCBOnly seed=44 HV=3.18e+09 Cmax=2599.8 NSol=21 T=278.7s ETA=0.11h
[666/719] gen=200 Hurink_edata/la40.fjs UCBOnly seed=47 HV=6.31e+09 Cmax=2549.1 NSol=33 T=274.0s ETA=0.11h
[667/719] gen=200 Hurink_edata/la40.fjs UCBOnly seed=49 HV=1.26e+09 Cmax=2628.8 NSol=11 T=273.6s ETA=0.11h
[668/719] gen=200 Hurink_edata/la40.fjs PPOOnly seed=42 HV=5.83e+09 Cmax=2679.5 NSol=21 T=252.4s ETA=0.11h
[669/719] gen=200 Hurink_edata/la40.fjs PPOOnly seed=43 HV=4.09e+10 Cmax=2673.3 NSol=14 T=252.5s ETA=0.10h
[670/719] gen=200 Hurink_edata/la40.fjs UCBOnly seed=50 HV=7.09e+09 Cmax=2593.9 NSol=16 T=275.6s ETA=0.10h
[671/719] gen=200 Hurink_edata/la40.fjs PPOOnly seed=44 HV=5.86e+09 Cmax=2761.7 NSol=31 T=255.0s ETA=0.10h
[672/719] gen=200 Hurink_edata/la40.fjs PPOOnly seed=45 HV=5.87e+09 Cmax=2703.2 NSol=12 T=253.8s ETA=0.10h
[673/719] gen=200 Hurink_edata/la40.fjs PPOOnly seed=47 HV=2.36e+09 Cmax=2555.9 NSol=10 T=254.2s ETA=0.10h
[674/719] gen=200 Hurink_edata/la40.fjs PPOOnly seed=46 HV=7.71e+09 Cmax=2637.4 NSol=34 T=256.4s ETA=0.09h
[675/719] gen=200 Hurink_edata/la40.fjs PPOOnly seed=49 HV=1.56e+09 Cmax=2516.3 NSol=3 T=255.7s ETA=0.09h
[676/719] gen=200 Hurink_edata/la40.fjs PPOOnly seed=50 HV=4.37e+09 Cmax=2582.7 NSol=16 T=254.7s ETA=0.09h
[677/719] gen=200 Hurink_edata/la40.fjs PPOOnly seed=48 HV=3.99e+09 Cmax=2804.6 NSol=13 T=257.0s ETA=0.09h
[678/719] gen=200 Hurink_edata/la40.fjs UCBOnly seed=51 HV=2.83e+10 Cmax=2729.8 NSol=12 T=272.7s ETA=0.08h
[679/719] gen=200 Hurink_edata/la40.fjs FixedUCBPPO seed=42 HV=3.37e+10 Cmax=2655.6 NSol=33 T=253.5s ETA=0.08h
[680/719] gen=200 Hurink_edata/la40.fjs PPOOnly seed=51 HV=1.94e+10 Cmax=2654.0 NSol=21 T=258.1s ETA=0.08h
[681/719] gen=200 Hurink_edata/la40.fjs FixedUCBPPO seed=43 HV=2.8e+09 Cmax=2531.3 NSol=15 T=253.1s ETA=0.08h
[682/719] gen=200 Hurink_edata/la40.fjs FixedUCBPPO seed=44 HV=1.42e+09 Cmax=2622.0 NSol=19 T=255.7s ETA=0.08h
[683/719] gen=200 Hurink_edata/la40.fjs FixedUCBPPO seed=45 HV=2.54e+09 Cmax=2657.9 NSol=13 T=256.2s ETA=0.07h
[684/719] gen=200 Hurink_edata/la40.fjs FixedUCBPPO seed=46 HV=3.02e+09 Cmax=2877.4 NSol=10 T=250.0s ETA=0.07h
[685/719] gen=200 Hurink_edata/la40.fjs FixedUCBPPO seed=48 HV=2.11e+09 Cmax=2603.3 NSol=10 T=253.9s ETA=0.07h
[686/719] gen=200 Hurink_edata/la40.fjs FixedUCBPPO seed=47 HV=9.51e+09 Cmax=2560.5 NSol=28 T=257.2s ETA=0.07h
[687/719] gen=200 Hurink_edata/la40.fjs FixedUCBPPO seed=49 HV=2.4e+09 Cmax=2669.4 NSol=10 T=252.4s ETA=0.07h
[688/719] gen=200 Hurink_edata/la40.fjs FixedUCBPPO seed=51 HV=1.14e+10 Cmax=2665.5 NSol=16 T=255.6s ETA=0.06h
[689/719] gen=200 Hurink_edata/la40.fjs RandomUCBPPO seed=43 HV=1.12e+10 Cmax=2625.1 NSol=14 T=249.3s ETA=0.06h
[690/719] gen=200 Hurink_edata/la40.fjs RandomUCBPPO seed=42 HV=3.3e+10 Cmax=2675.2 NSol=28 T=255.2s ETA=0.06h
[691/719] gen=200 Hurink_edata/la40.fjs FixedUCBPPO seed=50 HV=3.77e+09 Cmax=2567.7 NSol=10 T=276.1s ETA=0.06h
[692/719] gen=200 Hurink_edata/la40.fjs RandomUCBPPO seed=46 HV=4.8e+09 Cmax=2842.5 NSol=21 T=245.3s ETA=0.06h
[693/719] gen=200 Hurink_edata/la40.fjs RandomUCBPPO seed=44 HV=2.89e+09 Cmax=2587.0 NSol=10 T=252.1s ETA=0.05h
[694/719] gen=200 Hurink_edata/la40.fjs RandomUCBPPO seed=45 HV=4.42e+09 Cmax=2651.9 NSol=26 T=252.5s ETA=0.05h
[695/719] gen=200 Hurink_edata/la40.fjs RandomUCBPPO seed=47 HV=1.38e+10 Cmax=2553.1 NSol=17 T=270.5s ETA=0.05h
[696/719] gen=200 Hurink_edata/la40.fjs RandomUCBPPO seed=51 HV=3.08e+10 Cmax=2754.5 NSol=11 T=246.5s ETA=0.05h
[697/719] gen=200 Hurink_edata/la40.fjs RandomUCBPPO seed=48 HV=4.05e+09 Cmax=2579.5 NSol=15 T=273.7s ETA=0.05h
[698/719] gen=200 Hurink_edata/la40.fjs RandomUCBPPO seed=49 HV=2.53e+09 Cmax=2605.3 NSol=17 T=274.0s ETA=0.04h
[699/719] gen=200 Hurink_edata/la40.fjs AdaptiveNoBC seed=44 HV=7.02e+09 Cmax=2686.7 NSol=21 T=242.2s ETA=0.04h
[700/719] gen=200 Hurink_edata/la40.fjs AdaptiveNoBC seed=43 HV=5.45e+09 Cmax=2623.6 NSol=8 T=245.7s ETA=0.04h
[701/719] gen=200 Hurink_edata/la40.fjs RandomUCBPPO seed=50 HV=3.34e+09 Cmax=2581.1 NSol=17 T=273.3s ETA=0.04h
[702/719] gen=200 Hurink_edata/la40.fjs AdaptiveNoBC seed=42 HV=2.5e+10 Cmax=2606.2 NSol=28 T=271.1s ETA=0.03h
[703/719] gen=200 Hurink_edata/la40.fjs AdaptiveNoBC seed=45 HV=6.51e+09 Cmax=2702.2 NSol=29 T=240.9s ETA=0.03h
[704/719] gen=200 Hurink_edata/la40.fjs AdaptiveNoBC seed=46 HV=5.86e+09 Cmax=2839.9 NSol=24 T=272.2s ETA=0.03h
[705/719] gen=200 Hurink_edata/la40.fjs AdaptiveNoBC seed=47 HV=8.07e+09 Cmax=2540.8 NSol=34 T=272.9s ETA=0.03h
[706/719] gen=200 Hurink_edata/la40.fjs AdaptiveNoBC seed=50 HV=1.95e+09 Cmax=2562.9 NSol=5 T=234.6s ETA=0.03h
[707/719] gen=200 Hurink_edata/la40.fjs AdaptiveNoBC seed=51 HV=4.61e+10 Cmax=2690.9 NSol=16 T=234.9s ETA=0.02h
[708/719] gen=200 Hurink_edata/la40.fjs AdaptiveNoBC seed=48 HV=4.36e+09 Cmax=2638.0 NSol=15 T=273.4s ETA=0.02h
[709/719] gen=200 Hurink_edata/la40.fjs AdaptiveSAOS seed=44 HV=4.8e+09 Cmax=2675.3 NSol=18 T=227.1s ETA=0.02h
[710/719] gen=200 Hurink_edata/la40.fjs AdaptiveNoBC seed=49 HV=3.95e+09 Cmax=2633.8 NSol=15 T=270.7s ETA=0.02h
[711/719] gen=200 Hurink_edata/la40.fjs AdaptiveSAOS seed=43 HV=1.2e+10 Cmax=2630.4 NSol=16 T=233.3s ETA=0.02h
[712/719] gen=200 Hurink_edata/la40.fjs AdaptiveSAOS seed=46 HV=3.14e+09 Cmax=2857.3 NSol=12 T=230.2s ETA=0.01h
[713/719] gen=200 Hurink_edata/la40.fjs AdaptiveSAOS seed=47 HV=6.39e+09 Cmax=2524.3 NSol=26 T=228.6s ETA=0.01h
[714/719] gen=200 Hurink_edata/la40.fjs AdaptiveSAOS seed=45 HV=7.23e+09 Cmax=2678.6 NSol=32 T=232.8s ETA=0.01h
[715/719] gen=200 Hurink_edata/la40.fjs AdaptiveSAOS seed=48 HV=1.48e+09 Cmax=2636.7 NSol=10 T=231.7s ETA=0.01h
[716/719] gen=200 Hurink_edata/la40.fjs AdaptiveSAOS seed=49 HV=3.98e+09 Cmax=2690.8 NSol=22 T=232.5s ETA=0.01h
[717/719] gen=200 Hurink_edata/la40.fjs AdaptiveSAOS seed=51 HV=2.57e+10 Cmax=2722.4 NSol=19 T=231.5s ETA=0.00h
[718/719] gen=200 Hurink_edata/la40.fjs AdaptiveSAOS seed=42 HV=3.82e+10 Cmax=2683.2 NSol=26 T=270.8s ETA=0.00h
[719/719] gen=200 Hurink_edata/la40.fjs AdaptiveSAOS seed=50 HV=8.69e+09 Cmax=2554.5 NSol=25 T=268.1s ETA=0.00h
